[3.947s] Invoking command in '/home/jitesh/flipkart_ws/src/my_cam_scripts': AMENT_PREFIX_PATH=/home/jitesh/flipkart_ws/install/my_msg_package:${AMENT_PREFIX_PATH} CMAKE_PREFIX_PATH=/home/jitesh/flipkart_ws/install/my_msg_package:${CMAKE_PREFIX_PATH} LD_LIBRARY_PATH=/home/jitesh/flipkart_ws/install/my_msg_package/lib:/home/jitesh/ws_moveit2/install/pilz_industrial_motion_planner_testutils/lib:/home/jitesh/ws_moveit2/install/pilz_industrial_motion_planner/lib:/home/jitesh/ws_moveit2/install/moveit_visual_tools/lib:/home/jitesh/ws_moveit2/install/moveit_task_constructor_visualization/lib:/home/jitesh/ws_moveit2/install/moveit_task_constructor_demo/lib:/home/jitesh/ws_moveit2/install/moveit_task_constructor_capabilities/lib:/home/jitesh/ws_moveit2/install/moveit_task_constructor_core/lib:/home/jitesh/ws_moveit2/install/moveit_ros_control_interface/lib:/home/jitesh/ws_moveit2/install/moveit_simple_controller_manager/lib:/home/jitesh/ws_moveit2/install/moveit_setup_assistant/lib:/home/jitesh/ws_moveit2/install/moveit_setup_srdf_plugins/lib:/home/jitesh/ws_moveit2/install/moveit_setup_core_plugins/lib:/home/jitesh/ws_moveit2/install/moveit_setup_controllers/lib:/home/jitesh/ws_moveit2/install/moveit_setup_app_plugins/lib:/home/jitesh/ws_moveit2/install/moveit_setup_framework/lib:/home/jitesh/ws_moveit2/install/moveit_servo/lib:/home/jitesh/ws_moveit2/install/moveit_ros_visualization/lib:/home/jitesh/ws_moveit2/install/moveit_hybrid_planning/lib:/home/jitesh/ws_moveit2/install/moveit_ros_planning_interface/lib:/home/jitesh/ws_moveit2/install/moveit_ros_benchmarks/lib:/home/jitesh/ws_moveit2/install/moveit_ros_warehouse/lib:/home/jitesh/ws_moveit2/install/moveit_ros_robot_interaction/lib:/home/jitesh/ws_moveit2/install/moveit_ros_perception/lib:/home/jitesh/ws_moveit2/install/moveit_ros_move_group/lib:/home/jitesh/ws_moveit2/install/moveit_planners_ompl/lib:/home/jitesh/ws_moveit2/install/moveit_ros_planning/lib:/home/jitesh/ws_moveit2/install/moveit_ros_occupancy_map_monitor/lib:/home/jitesh/ws_moveit2/install/moveit_resources_prbt_ikfast_manipulator_plugin/lib:/home/jitesh/ws_moveit2/install/moveit_planners_chomp/lib:/home/jitesh/ws_moveit2/install/moveit_kinematics/lib:/home/jitesh/ws_moveit2/install/moveit_chomp_optimizer_adapter/lib:/home/jitesh/ws_moveit2/install/chomp_motion_planner/lib:/home/jitesh/ws_moveit2/install/moveit_core/lib:/home/jitesh/ws_moveit2/install/srdfdom/lib:/home/jitesh/ws_moveit2/install/rviz_marker_tools/lib:/home/jitesh/ws_moveit2/install/rosparam_shortcuts/lib:/home/jitesh/ws_moveit2/install/moveit_task_constructor_msgs/lib:/home/jitesh/bookros2_ws/install/groot/lib:/home/jitesh/bookros2_ws/install/br2_vff_avoidance/lib:/home/jitesh/bookros2_ws/install/br2_tracking/lib:/home/jitesh/bookros2_ws/install/br2_tracking_msgs/lib:/home/jitesh/bookros2_ws/install/br2_tf2_detector/lib:/home/jitesh/bookros2_ws/install/br2_bt_patrolling/lib:/home/jitesh/bookros2_ws/install/br2_bt_bumpgo/lib:/home/jitesh/ros2_ws/install/tutorial_interfaces/lib:/home/jitesh/ros2_ws/install/turtlesim/lib:/home/jitesh/ros2_ws/install/realsense_camera_msgs/lib:/home/jitesh/ros2_ws/install/polygon_plugins/lib:/home/jitesh/ros2_ws/install/more_interfaces/lib:/home/jitesh/ros2_ws/install/action_tutorials_cpp/lib:/home/jitesh/ros2_ws/install/action_tutorials_interfaces/lib:/usr/lib/x86_64-linux-gnu/gazebo-11/plugins:/opt/ros/humble/opt/rviz_ogre_vendor/lib:/opt/ros/humble/lib/x86_64-linux-gnu:/opt/ros/humble/lib:/usr/lib/x86_64-linux-gnu/gazebo-11/plugins PYTHONPATH=/home/jitesh/flipkart_ws/build/my_cam_scripts/prefix_override:/home/jitesh/flipkart_ws/install/my_cam_scripts/lib/python3.10/site-packages:/home/jitesh/flipkart_ws/install/my_msg_package/local/lib/python3.10/dist-packages:${PYTHONPATH} /usr/bin/python3 setup.py egg_info --egg-base ../../build/my_cam_scripts build --build-base /home/jitesh/flipkart_ws/build/my_cam_scripts/build install --record /home/jitesh/flipkart_ws/build/my_cam_scripts/install.log --single-version-externally-managed
[4.230s] running egg_info
[4.231s] creating ../../build/my_cam_scripts/my_cam_scripts.egg-info
[4.254s] writing ../../build/my_cam_scripts/my_cam_scripts.egg-info/PKG-INFO
[4.255s] writing dependency_links to ../../build/my_cam_scripts/my_cam_scripts.egg-info/dependency_links.txt
[4.255s] writing entry points to ../../build/my_cam_scripts/my_cam_scripts.egg-info/entry_points.txt
[4.255s] writing requirements to ../../build/my_cam_scripts/my_cam_scripts.egg-info/requires.txt
[4.256s] writing top-level names to ../../build/my_cam_scripts/my_cam_scripts.egg-info/top_level.txt
[4.389s] writing manifest file '../../build/my_cam_scripts/my_cam_scripts.egg-info/SOURCES.txt'
[4.430s] reading manifest file '../../build/my_cam_scripts/my_cam_scripts.egg-info/SOURCES.txt'
[4.431s] writing manifest file '../../build/my_cam_scripts/my_cam_scripts.egg-info/SOURCES.txt'
[4.432s] running build
[4.432s] running build_py
[4.432s] creating /home/jitesh/flipkart_ws/build/my_cam_scripts/build
[4.432s] creating /home/jitesh/flipkart_ws/build/my_cam_scripts/build/lib
[4.432s] creating /home/jitesh/flipkart_ws/build/my_cam_scripts/build/lib/my_cam_scripts
[4.432s] copying my_cam_scripts/trial.py -> /home/jitesh/flipkart_ws/build/my_cam_scripts/build/lib/my_cam_scripts
[4.433s] copying my_cam_scripts/get_image.py -> /home/jitesh/flipkart_ws/build/my_cam_scripts/build/lib/my_cam_scripts
[4.433s] copying my_cam_scripts/pub_image.py -> /home/jitesh/flipkart_ws/build/my_cam_scripts/build/lib/my_cam_scripts
[4.433s] copying my_cam_scripts/pub_image_try.py -> /home/jitesh/flipkart_ws/build/my_cam_scripts/build/lib/my_cam_scripts
[4.433s] copying my_cam_scripts/realsense_depth.py -> /home/jitesh/flipkart_ws/build/my_cam_scripts/build/lib/my_cam_scripts
[4.434s] copying my_cam_scripts/temp.py -> /home/jitesh/flipkart_ws/build/my_cam_scripts/build/lib/my_cam_scripts
[4.434s] copying my_cam_scripts/ros_to_arduino.py -> /home/jitesh/flipkart_ws/build/my_cam_scripts/build/lib/my_cam_scripts
[4.434s] copying my_cam_scripts/get_image_integrated.py -> /home/jitesh/flipkart_ws/build/my_cam_scripts/build/lib/my_cam_scripts
[4.434s] copying my_cam_scripts/__init__.py -> /home/jitesh/flipkart_ws/build/my_cam_scripts/build/lib/my_cam_scripts
[4.435s] running install
[4.435s] /home/jitesh/.local/lib/python3.10/site-packages/setuptools/_distutils/cmd.py:66: SetuptoolsDeprecationWarning: setup.py install is deprecated.
[4.435s] !!
[4.435s] 
[4.436s]         ********************************************************************************
[4.436s]         Please avoid running ``setup.py`` directly.
[4.436s]         Instead, use pypa/build, pypa/installer or other
[4.436s]         standards-based tools.
[4.436s] 
[4.436s]         See https://blog.ganssle.io/articles/2021/10/setup-py-deprecated.html for details.
[4.436s]         ********************************************************************************
[4.436s] 
[4.436s] !!
[4.436s]   self.initialize_options()
[4.442s] running install_lib
[4.466s] creating /home/jitesh/flipkart_ws/install/my_cam_scripts/lib/python3.10/site-packages/my_cam_scripts
[4.466s] copying /home/jitesh/flipkart_ws/build/my_cam_scripts/build/lib/my_cam_scripts/trial.py -> /home/jitesh/flipkart_ws/install/my_cam_scripts/lib/python3.10/site-packages/my_cam_scripts
[4.467s] copying /home/jitesh/flipkart_ws/build/my_cam_scripts/build/lib/my_cam_scripts/get_image.py -> /home/jitesh/flipkart_ws/install/my_cam_scripts/lib/python3.10/site-packages/my_cam_scripts
[4.467s] copying /home/jitesh/flipkart_ws/build/my_cam_scripts/build/lib/my_cam_scripts/pub_image.py -> /home/jitesh/flipkart_ws/install/my_cam_scripts/lib/python3.10/site-packages/my_cam_scripts
[4.467s] copying /home/jitesh/flipkart_ws/build/my_cam_scripts/build/lib/my_cam_scripts/pub_image_try.py -> /home/jitesh/flipkart_ws/install/my_cam_scripts/lib/python3.10/site-packages/my_cam_scripts
[4.467s] copying /home/jitesh/flipkart_ws/build/my_cam_scripts/build/lib/my_cam_scripts/realsense_depth.py -> /home/jitesh/flipkart_ws/install/my_cam_scripts/lib/python3.10/site-packages/my_cam_scripts
[4.467s] copying /home/jitesh/flipkart_ws/build/my_cam_scripts/build/lib/my_cam_scripts/temp.py -> /home/jitesh/flipkart_ws/install/my_cam_scripts/lib/python3.10/site-packages/my_cam_scripts
[4.467s] copying /home/jitesh/flipkart_ws/build/my_cam_scripts/build/lib/my_cam_scripts/ros_to_arduino.py -> /home/jitesh/flipkart_ws/install/my_cam_scripts/lib/python3.10/site-packages/my_cam_scripts
[4.468s] copying /home/jitesh/flipkart_ws/build/my_cam_scripts/build/lib/my_cam_scripts/get_image_integrated.py -> /home/jitesh/flipkart_ws/install/my_cam_scripts/lib/python3.10/site-packages/my_cam_scripts
[4.468s] copying /home/jitesh/flipkart_ws/build/my_cam_scripts/build/lib/my_cam_scripts/__init__.py -> /home/jitesh/flipkart_ws/install/my_cam_scripts/lib/python3.10/site-packages/my_cam_scripts
[4.469s] byte-compiling /home/jitesh/flipkart_ws/install/my_cam_scripts/lib/python3.10/site-packages/my_cam_scripts/trial.py to trial.cpython-310.pyc
[4.471s] byte-compiling /home/jitesh/flipkart_ws/install/my_cam_scripts/lib/python3.10/site-packages/my_cam_scripts/get_image.py to get_image.cpython-310.pyc
[4.472s] byte-compiling /home/jitesh/flipkart_ws/install/my_cam_scripts/lib/python3.10/site-packages/my_cam_scripts/pub_image.py to pub_image.cpython-310.pyc
[4.473s] byte-compiling /home/jitesh/flipkart_ws/install/my_cam_scripts/lib/python3.10/site-packages/my_cam_scripts/pub_image_try.py to pub_image_try.cpython-310.pyc
[4.474s] byte-compiling /home/jitesh/flipkart_ws/install/my_cam_scripts/lib/python3.10/site-packages/my_cam_scripts/realsense_depth.py to realsense_depth.cpython-310.pyc
[4.475s] byte-compiling /home/jitesh/flipkart_ws/install/my_cam_scripts/lib/python3.10/site-packages/my_cam_scripts/temp.py to temp.cpython-310.pyc
[4.476s] byte-compiling /home/jitesh/flipkart_ws/install/my_cam_scripts/lib/python3.10/site-packages/my_cam_scripts/ros_to_arduino.py to ros_to_arduino.cpython-310.pyc
[4.476s] byte-compiling /home/jitesh/flipkart_ws/install/my_cam_scripts/lib/python3.10/site-packages/my_cam_scripts/get_image_integrated.py to get_image_integrated.cpython-310.pyc
[4.478s] byte-compiling /home/jitesh/flipkart_ws/install/my_cam_scripts/lib/python3.10/site-packages/my_cam_scripts/__init__.py to __init__.cpython-310.pyc
[4.478s] running install_data
[4.499s] creating /home/jitesh/flipkart_ws/install/my_cam_scripts/share/ament_index
[4.500s] creating /home/jitesh/flipkart_ws/install/my_cam_scripts/share/ament_index/resource_index
[4.500s] creating /home/jitesh/flipkart_ws/install/my_cam_scripts/share/ament_index/resource_index/packages
[4.500s] copying resource/my_cam_scripts -> /home/jitesh/flipkart_ws/install/my_cam_scripts/share/ament_index/resource_index/packages
[4.500s] copying package.xml -> /home/jitesh/flipkart_ws/install/my_cam_scripts/share/my_cam_scripts
[4.500s] running install_egg_info
[4.521s] Copying ../../build/my_cam_scripts/my_cam_scripts.egg-info to /home/jitesh/flipkart_ws/install/my_cam_scripts/lib/python3.10/site-packages/my_cam_scripts-0.0.0-py3.10.egg-info
[4.522s] running install_scripts
[4.583s] Installing get_image script to /home/jitesh/flipkart_ws/install/my_cam_scripts/lib/my_cam_scripts
[4.583s] Installing get_image_integrated script to /home/jitesh/flipkart_ws/install/my_cam_scripts/lib/my_cam_scripts
[4.583s] Installing pub_image script to /home/jitesh/flipkart_ws/install/my_cam_scripts/lib/my_cam_scripts
[4.583s] Installing pub_image_try script to /home/jitesh/flipkart_ws/install/my_cam_scripts/lib/my_cam_scripts
[4.583s] Installing ros_to_arduino script to /home/jitesh/flipkart_ws/install/my_cam_scripts/lib/my_cam_scripts
[4.584s] Installing trial script to /home/jitesh/flipkart_ws/install/my_cam_scripts/lib/my_cam_scripts
[4.584s] writing list of installed files to '/home/jitesh/flipkart_ws/build/my_cam_scripts/install.log'
[5.082s] Invoked command in '/home/jitesh/flipkart_ws/src/my_cam_scripts' returned '0': AMENT_PREFIX_PATH=/home/jitesh/flipkart_ws/install/my_msg_package:${AMENT_PREFIX_PATH} CMAKE_PREFIX_PATH=/home/jitesh/flipkart_ws/install/my_msg_package:${CMAKE_PREFIX_PATH} LD_LIBRARY_PATH=/home/jitesh/flipkart_ws/install/my_msg_package/lib:/home/jitesh/ws_moveit2/install/pilz_industrial_motion_planner_testutils/lib:/home/jitesh/ws_moveit2/install/pilz_industrial_motion_planner/lib:/home/jitesh/ws_moveit2/install/moveit_visual_tools/lib:/home/jitesh/ws_moveit2/install/moveit_task_constructor_visualization/lib:/home/jitesh/ws_moveit2/install/moveit_task_constructor_demo/lib:/home/jitesh/ws_moveit2/install/moveit_task_constructor_capabilities/lib:/home/jitesh/ws_moveit2/install/moveit_task_constructor_core/lib:/home/jitesh/ws_moveit2/install/moveit_ros_control_interface/lib:/home/jitesh/ws_moveit2/install/moveit_simple_controller_manager/lib:/home/jitesh/ws_moveit2/install/moveit_setup_assistant/lib:/home/jitesh/ws_moveit2/install/moveit_setup_srdf_plugins/lib:/home/jitesh/ws_moveit2/install/moveit_setup_core_plugins/lib:/home/jitesh/ws_moveit2/install/moveit_setup_controllers/lib:/home/jitesh/ws_moveit2/install/moveit_setup_app_plugins/lib:/home/jitesh/ws_moveit2/install/moveit_setup_framework/lib:/home/jitesh/ws_moveit2/install/moveit_servo/lib:/home/jitesh/ws_moveit2/install/moveit_ros_visualization/lib:/home/jitesh/ws_moveit2/install/moveit_hybrid_planning/lib:/home/jitesh/ws_moveit2/install/moveit_ros_planning_interface/lib:/home/jitesh/ws_moveit2/install/moveit_ros_benchmarks/lib:/home/jitesh/ws_moveit2/install/moveit_ros_warehouse/lib:/home/jitesh/ws_moveit2/install/moveit_ros_robot_interaction/lib:/home/jitesh/ws_moveit2/install/moveit_ros_perception/lib:/home/jitesh/ws_moveit2/install/moveit_ros_move_group/lib:/home/jitesh/ws_moveit2/install/moveit_planners_ompl/lib:/home/jitesh/ws_moveit2/install/moveit_ros_planning/lib:/home/jitesh/ws_moveit2/install/moveit_ros_occupancy_map_monitor/lib:/home/jitesh/ws_moveit2/install/moveit_resources_prbt_ikfast_manipulator_plugin/lib:/home/jitesh/ws_moveit2/install/moveit_planners_chomp/lib:/home/jitesh/ws_moveit2/install/moveit_kinematics/lib:/home/jitesh/ws_moveit2/install/moveit_chomp_optimizer_adapter/lib:/home/jitesh/ws_moveit2/install/chomp_motion_planner/lib:/home/jitesh/ws_moveit2/install/moveit_core/lib:/home/jitesh/ws_moveit2/install/srdfdom/lib:/home/jitesh/ws_moveit2/install/rviz_marker_tools/lib:/home/jitesh/ws_moveit2/install/rosparam_shortcuts/lib:/home/jitesh/ws_moveit2/install/moveit_task_constructor_msgs/lib:/home/jitesh/bookros2_ws/install/groot/lib:/home/jitesh/bookros2_ws/install/br2_vff_avoidance/lib:/home/jitesh/bookros2_ws/install/br2_tracking/lib:/home/jitesh/bookros2_ws/install/br2_tracking_msgs/lib:/home/jitesh/bookros2_ws/install/br2_tf2_detector/lib:/home/jitesh/bookros2_ws/install/br2_bt_patrolling/lib:/home/jitesh/bookros2_ws/install/br2_bt_bumpgo/lib:/home/jitesh/ros2_ws/install/tutorial_interfaces/lib:/home/jitesh/ros2_ws/install/turtlesim/lib:/home/jitesh/ros2_ws/install/realsense_camera_msgs/lib:/home/jitesh/ros2_ws/install/polygon_plugins/lib:/home/jitesh/ros2_ws/install/more_interfaces/lib:/home/jitesh/ros2_ws/install/action_tutorials_cpp/lib:/home/jitesh/ros2_ws/install/action_tutorials_interfaces/lib:/usr/lib/x86_64-linux-gnu/gazebo-11/plugins:/opt/ros/humble/opt/rviz_ogre_vendor/lib:/opt/ros/humble/lib/x86_64-linux-gnu:/opt/ros/humble/lib:/usr/lib/x86_64-linux-gnu/gazebo-11/plugins PYTHONPATH=/home/jitesh/flipkart_ws/build/my_cam_scripts/prefix_override:/home/jitesh/flipkart_ws/install/my_cam_scripts/lib/python3.10/site-packages:/home/jitesh/flipkart_ws/install/my_msg_package/local/lib/python3.10/dist-packages:${PYTHONPATH} /usr/bin/python3 setup.py egg_info --egg-base ../../build/my_cam_scripts build --build-base /home/jitesh/flipkart_ws/build/my_cam_scripts/build install --record /home/jitesh/flipkart_ws/build/my_cam_scripts/install.log --single-version-externally-managed
