[0.199s] Invoking command in '/home/jitesh/flipkart_ws/build/yolov8_bringup': AMENT_PREFIX_PATH=/home/jitesh/flipkart_ws/install/yolov8_ros:${AMENT_PREFIX_PATH} CMAKE_PREFIX_PATH=${CMAKE_PREFIX_PATH}:/home/jitesh/ws_moveit2/install/moveit_configs_utils:/home/jitesh/ws_moveit2/install/launch_param_builder:/home/jitesh/bookros2_ws/install/launch_pal:/home/jitesh/bookros2_ws/install/br2_fsm_bumpgo_py:/home/jitesh/roboarm_ws/install/my_robot_arm:/home/jitesh/ros2_ws/install/urdf_tutorial:/home/jitesh/ros2_ws/install/py_srvcli:/home/jitesh/ros2_ws/install/py_pubsub:/home/jitesh/ros2_ws/install/my_robot_controller:/home/jitesh/ros2_ws/install/cpp_pubsub:/opt/ros/humble PYTHONPATH=/home/jitesh/flipkart_ws/install/yolov8_ros/lib/python3.10/site-packages:${PYTHONPATH} /usr/bin/cmake --build /home/jitesh/flipkart_ws/build/yolov8_bringup -- -j12 -l12
[0.291s] Invoked command in '/home/jitesh/flipkart_ws/build/yolov8_bringup' returned '0': AMENT_PREFIX_PATH=/home/jitesh/flipkart_ws/install/yolov8_ros:${AMENT_PREFIX_PATH} CMAKE_PREFIX_PATH=${CMAKE_PREFIX_PATH}:/home/jitesh/ws_moveit2/install/moveit_configs_utils:/home/jitesh/ws_moveit2/install/launch_param_builder:/home/jitesh/bookros2_ws/install/launch_pal:/home/jitesh/bookros2_ws/install/br2_fsm_bumpgo_py:/home/jitesh/roboarm_ws/install/my_robot_arm:/home/jitesh/ros2_ws/install/urdf_tutorial:/home/jitesh/ros2_ws/install/py_srvcli:/home/jitesh/ros2_ws/install/py_pubsub:/home/jitesh/ros2_ws/install/my_robot_controller:/home/jitesh/ros2_ws/install/cpp_pubsub:/opt/ros/humble PYTHONPATH=/home/jitesh/flipkart_ws/install/yolov8_ros/lib/python3.10/site-packages:${PYTHONPATH} /usr/bin/cmake --build /home/jitesh/flipkart_ws/build/yolov8_bringup -- -j12 -l12
[0.401s] Invoking command in '/home/jitesh/flipkart_ws/build/yolov8_bringup': AMENT_PREFIX_PATH=/home/jitesh/flipkart_ws/install/yolov8_ros:${AMENT_PREFIX_PATH} CMAKE_PREFIX_PATH=${CMAKE_PREFIX_PATH}:/home/jitesh/ws_moveit2/install/moveit_configs_utils:/home/jitesh/ws_moveit2/install/launch_param_builder:/home/jitesh/bookros2_ws/install/launch_pal:/home/jitesh/bookros2_ws/install/br2_fsm_bumpgo_py:/home/jitesh/roboarm_ws/install/my_robot_arm:/home/jitesh/ros2_ws/install/urdf_tutorial:/home/jitesh/ros2_ws/install/py_srvcli:/home/jitesh/ros2_ws/install/py_pubsub:/home/jitesh/ros2_ws/install/my_robot_controller:/home/jitesh/ros2_ws/install/cpp_pubsub:/opt/ros/humble PYTHONPATH=/home/jitesh/flipkart_ws/install/yolov8_ros/lib/python3.10/site-packages:${PYTHONPATH} /usr/bin/cmake --install /home/jitesh/flipkart_ws/build/yolov8_bringup
[0.418s] -- Install configuration: ""
[0.418s] -- Up-to-date: /home/jitesh/flipkart_ws/install/yolov8_bringup/share/yolov8_bringup//launch
[0.419s] -- Up-to-date: /home/jitesh/flipkart_ws/install/yolov8_bringup/share/yolov8_bringup//launch/yolov8_3d.launch.py
[0.419s] -- Up-to-date: /home/jitesh/flipkart_ws/install/yolov8_bringup/share/yolov8_bringup//launch/yolov8.launch.py
[0.420s] -- Up-to-date: /home/jitesh/flipkart_ws/install/yolov8_bringup/share/ament_index/resource_index/package_run_dependencies/yolov8_bringup
[0.421s] -- Up-to-date: /home/jitesh/flipkart_ws/install/yolov8_bringup/share/ament_index/resource_index/parent_prefix_path/yolov8_bringup
[0.421s] -- Up-to-date: /home/jitesh/flipkart_ws/install/yolov8_bringup/share/yolov8_bringup/environment/ament_prefix_path.sh
[0.421s] -- Up-to-date: /home/jitesh/flipkart_ws/install/yolov8_bringup/share/yolov8_bringup/environment/ament_prefix_path.dsv
[0.421s] -- Up-to-date: /home/jitesh/flipkart_ws/install/yolov8_bringup/share/yolov8_bringup/environment/path.sh
[0.421s] -- Up-to-date: /home/jitesh/flipkart_ws/install/yolov8_bringup/share/yolov8_bringup/environment/path.dsv
[0.421s] -- Up-to-date: /home/jitesh/flipkart_ws/install/yolov8_bringup/share/yolov8_bringup/local_setup.bash
[0.421s] -- Up-to-date: /home/jitesh/flipkart_ws/install/yolov8_bringup/share/yolov8_bringup/local_setup.sh
[0.422s] -- Up-to-date: /home/jitesh/flipkart_ws/install/yolov8_bringup/share/yolov8_bringup/local_setup.zsh
[0.422s] -- Up-to-date: /home/jitesh/flipkart_ws/install/yolov8_bringup/share/yolov8_bringup/local_setup.dsv
[0.422s] -- Up-to-date: /home/jitesh/flipkart_ws/install/yolov8_bringup/share/yolov8_bringup/package.dsv
[0.422s] -- Up-to-date: /home/jitesh/flipkart_ws/install/yolov8_bringup/share/ament_index/resource_index/packages/yolov8_bringup
[0.422s] -- Up-to-date: /home/jitesh/flipkart_ws/install/yolov8_bringup/share/yolov8_bringup/cmake/yolov8_bringupConfig.cmake
[0.422s] -- Up-to-date: /home/jitesh/flipkart_ws/install/yolov8_bringup/share/yolov8_bringup/cmake/yolov8_bringupConfig-version.cmake
[0.422s] -- Up-to-date: /home/jitesh/flipkart_ws/install/yolov8_bringup/share/yolov8_bringup/package.xml
[0.424s] Invoked command in '/home/jitesh/flipkart_ws/build/yolov8_bringup' returned '0': AMENT_PREFIX_PATH=/home/jitesh/flipkart_ws/install/yolov8_ros:${AMENT_PREFIX_PATH} CMAKE_PREFIX_PATH=${CMAKE_PREFIX_PATH}:/home/jitesh/ws_moveit2/install/moveit_configs_utils:/home/jitesh/ws_moveit2/install/launch_param_builder:/home/jitesh/bookros2_ws/install/launch_pal:/home/jitesh/bookros2_ws/install/br2_fsm_bumpgo_py:/home/jitesh/roboarm_ws/install/my_robot_arm:/home/jitesh/ros2_ws/install/urdf_tutorial:/home/jitesh/ros2_ws/install/py_srvcli:/home/jitesh/ros2_ws/install/py_pubsub:/home/jitesh/ros2_ws/install/my_robot_controller:/home/jitesh/ros2_ws/install/cpp_pubsub:/opt/ros/humble PYTHONPATH=/home/jitesh/flipkart_ws/install/yolov8_ros/lib/python3.10/site-packages:${PYTHONPATH} /usr/bin/cmake --install /home/jitesh/flipkart_ws/build/yolov8_bringup
