[1.181s] Invoking command in '/home/jitesh/flipkart_ws/src/my_cam_scripts': AMENT_PREFIX_PATH=/home/jitesh/flipkart_ws/install/my_msg_package:${AMENT_PREFIX_PATH} CMAKE_PREFIX_PATH=/home/jitesh/flipkart_ws/install/my_msg_package:${CMAKE_PREFIX_PATH} LD_LIBRARY_PATH=/home/jitesh/flipkart_ws/install/my_msg_package/lib:/home/jitesh/ws_moveit2/install/pilz_industrial_motion_planner_testutils/lib:/home/jitesh/ws_moveit2/install/pilz_industrial_motion_planner/lib:/home/jitesh/ws_moveit2/install/moveit_visual_tools/lib:/home/jitesh/ws_moveit2/install/moveit_task_constructor_visualization/lib:/home/jitesh/ws_moveit2/install/moveit_task_constructor_demo/lib:/home/jitesh/ws_moveit2/install/moveit_task_constructor_capabilities/lib:/home/jitesh/ws_moveit2/install/moveit_task_constructor_core/lib:/home/jitesh/ws_moveit2/install/moveit_ros_control_interface/lib:/home/jitesh/ws_moveit2/install/moveit_simple_controller_manager/lib:/home/jitesh/ws_moveit2/install/moveit_setup_assistant/lib:/home/jitesh/ws_moveit2/install/moveit_setup_srdf_plugins/lib:/home/jitesh/ws_moveit2/install/moveit_setup_core_plugins/lib:/home/jitesh/ws_moveit2/install/moveit_setup_controllers/lib:/home/jitesh/ws_moveit2/install/moveit_setup_app_plugins/lib:/home/jitesh/ws_moveit2/install/moveit_setup_framework/lib:/home/jitesh/ws_moveit2/install/moveit_servo/lib:/home/jitesh/ws_moveit2/install/moveit_ros_visualization/lib:/home/jitesh/ws_moveit2/install/moveit_hybrid_planning/lib:/home/jitesh/ws_moveit2/install/moveit_ros_planning_interface/lib:/home/jitesh/ws_moveit2/install/moveit_ros_benchmarks/lib:/home/jitesh/ws_moveit2/install/moveit_ros_warehouse/lib:/home/jitesh/ws_moveit2/install/moveit_ros_robot_interaction/lib:/home/jitesh/ws_moveit2/install/moveit_ros_perception/lib:/home/jitesh/ws_moveit2/install/moveit_ros_move_group/lib:/home/jitesh/ws_moveit2/install/moveit_planners_ompl/lib:/home/jitesh/ws_moveit2/install/moveit_ros_planning/lib:/home/jitesh/ws_moveit2/install/moveit_ros_occupancy_map_monitor/lib:/home/jitesh/ws_moveit2/install/moveit_resources_prbt_ikfast_manipulator_plugin/lib:/home/jitesh/ws_moveit2/install/moveit_planners_chomp/lib:/home/jitesh/ws_moveit2/install/moveit_kinematics/lib:/home/jitesh/ws_moveit2/install/moveit_chomp_optimizer_adapter/lib:/home/jitesh/ws_moveit2/install/chomp_motion_planner/lib:/home/jitesh/ws_moveit2/install/moveit_core/lib:/home/jitesh/ws_moveit2/install/srdfdom/lib:/home/jitesh/ws_moveit2/install/rviz_marker_tools/lib:/home/jitesh/ws_moveit2/install/rosparam_shortcuts/lib:/home/jitesh/ws_moveit2/install/moveit_task_constructor_msgs/lib:/home/jitesh/bookros2_ws/install/groot/lib:/home/jitesh/bookros2_ws/install/br2_vff_avoidance/lib:/home/jitesh/bookros2_ws/install/br2_tracking/lib:/home/jitesh/bookros2_ws/install/br2_tracking_msgs/lib:/home/jitesh/bookros2_ws/install/br2_tf2_detector/lib:/home/jitesh/bookros2_ws/install/br2_bt_patrolling/lib:/home/jitesh/bookros2_ws/install/br2_bt_bumpgo/lib:/home/jitesh/ros2_ws/install/tutorial_interfaces/lib:/home/jitesh/ros2_ws/install/turtlesim/lib:/home/jitesh/ros2_ws/install/realsense_camera_msgs/lib:/home/jitesh/ros2_ws/install/polygon_plugins/lib:/home/jitesh/ros2_ws/install/more_interfaces/lib:/home/jitesh/ros2_ws/install/action_tutorials_cpp/lib:/home/jitesh/ros2_ws/install/action_tutorials_interfaces/lib:/usr/lib/x86_64-linux-gnu/gazebo-11/plugins:/opt/ros/humble/opt/rviz_ogre_vendor/lib:/opt/ros/humble/lib/x86_64-linux-gnu:/opt/ros/humble/lib:/usr/lib/x86_64-linux-gnu/gazebo-11/plugins PYTHONPATH=/home/jitesh/flipkart_ws/build/my_cam_scripts/prefix_override:/home/jitesh/flipkart_ws/install/my_cam_scripts/lib/python3.10/site-packages:/home/jitesh/flipkart_ws/install/my_msg_package/local/lib/python3.10/dist-packages:${PYTHONPATH} /usr/bin/python3 setup.py egg_info --egg-base ../../build/my_cam_scripts build --build-base /home/jitesh/flipkart_ws/build/my_cam_scripts/build install --record /home/jitesh/flipkart_ws/build/my_cam_scripts/install.log --single-version-externally-managed
[1.422s] running egg_info
[1.439s] writing ../../build/my_cam_scripts/my_cam_scripts.egg-info/PKG-INFO
[1.440s] writing dependency_links to ../../build/my_cam_scripts/my_cam_scripts.egg-info/dependency_links.txt
[1.440s] writing entry points to ../../build/my_cam_scripts/my_cam_scripts.egg-info/entry_points.txt
[1.440s] writing requirements to ../../build/my_cam_scripts/my_cam_scripts.egg-info/requires.txt
[1.440s] writing top-level names to ../../build/my_cam_scripts/my_cam_scripts.egg-info/top_level.txt
[1.588s] reading manifest file '../../build/my_cam_scripts/my_cam_scripts.egg-info/SOURCES.txt'
[1.589s] writing manifest file '../../build/my_cam_scripts/my_cam_scripts.egg-info/SOURCES.txt'
[1.589s] running build
[1.589s] running build_py
[1.589s] copying my_cam_scripts/xyz_publisher.py -> /home/jitesh/flipkart_ws/build/my_cam_scripts/build/lib/my_cam_scripts
[1.589s] copying my_cam_scripts/get_image.py -> /home/jitesh/flipkart_ws/build/my_cam_scripts/build/lib/my_cam_scripts
[1.590s] running install
[1.590s] /home/jitesh/.local/lib/python3.10/site-packages/setuptools/_distutils/cmd.py:66: SetuptoolsDeprecationWarning: setup.py install is deprecated.
[1.591s] !!
[1.591s] 
[1.591s]         ********************************************************************************
[1.591s]         Please avoid running ``setup.py`` directly.
[1.591s]         Instead, use pypa/build, pypa/installer or other
[1.591s]         standards-based tools.
[1.591s] 
[1.591s]         See https://blog.ganssle.io/articles/2021/10/setup-py-deprecated.html for details.
[1.591s]         ********************************************************************************
[1.592s] 
[1.592s] !!
[1.592s]   self.initialize_options()
[1.596s] running install_lib
[1.614s] copying /home/jitesh/flipkart_ws/build/my_cam_scripts/build/lib/my_cam_scripts/xyz_publisher.py -> /home/jitesh/flipkart_ws/install/my_cam_scripts/lib/python3.10/site-packages/my_cam_scripts
[1.614s] copying /home/jitesh/flipkart_ws/build/my_cam_scripts/build/lib/my_cam_scripts/get_image.py -> /home/jitesh/flipkart_ws/install/my_cam_scripts/lib/python3.10/site-packages/my_cam_scripts
[1.615s] byte-compiling /home/jitesh/flipkart_ws/install/my_cam_scripts/lib/python3.10/site-packages/my_cam_scripts/xyz_publisher.py to xyz_publisher.cpython-310.pyc
[1.616s] byte-compiling /home/jitesh/flipkart_ws/install/my_cam_scripts/lib/python3.10/site-packages/my_cam_scripts/get_image.py to get_image.cpython-310.pyc
[1.617s] running install_data
[1.636s] running install_egg_info
[1.655s] removing '/home/jitesh/flipkart_ws/install/my_cam_scripts/lib/python3.10/site-packages/my_cam_scripts-0.0.0-py3.10.egg-info' (and everything under it)
[1.655s] Copying ../../build/my_cam_scripts/my_cam_scripts.egg-info to /home/jitesh/flipkart_ws/install/my_cam_scripts/lib/python3.10/site-packages/my_cam_scripts-0.0.0-py3.10.egg-info
[1.656s] running install_scripts
[1.709s] Installing get_image script to /home/jitesh/flipkart_ws/install/my_cam_scripts/lib/my_cam_scripts
[1.710s] Installing get_image_integrated script to /home/jitesh/flipkart_ws/install/my_cam_scripts/lib/my_cam_scripts
[1.710s] Installing pub_image script to /home/jitesh/flipkart_ws/install/my_cam_scripts/lib/my_cam_scripts
[1.710s] Installing pub_image_try script to /home/jitesh/flipkart_ws/install/my_cam_scripts/lib/my_cam_scripts
[1.710s] Installing ros_to_arduino script to /home/jitesh/flipkart_ws/install/my_cam_scripts/lib/my_cam_scripts
[1.710s] Installing trial script to /home/jitesh/flipkart_ws/install/my_cam_scripts/lib/my_cam_scripts
[1.710s] Installing xyz_publisher script to /home/jitesh/flipkart_ws/install/my_cam_scripts/lib/my_cam_scripts
[1.710s] writing list of installed files to '/home/jitesh/flipkart_ws/build/my_cam_scripts/install.log'
[1.755s] Invoked command in '/home/jitesh/flipkart_ws/src/my_cam_scripts' returned '0': AMENT_PREFIX_PATH=/home/jitesh/flipkart_ws/install/my_msg_package:${AMENT_PREFIX_PATH} CMAKE_PREFIX_PATH=/home/jitesh/flipkart_ws/install/my_msg_package:${CMAKE_PREFIX_PATH} LD_LIBRARY_PATH=/home/jitesh/flipkart_ws/install/my_msg_package/lib:/home/jitesh/ws_moveit2/install/pilz_industrial_motion_planner_testutils/lib:/home/jitesh/ws_moveit2/install/pilz_industrial_motion_planner/lib:/home/jitesh/ws_moveit2/install/moveit_visual_tools/lib:/home/jitesh/ws_moveit2/install/moveit_task_constructor_visualization/lib:/home/jitesh/ws_moveit2/install/moveit_task_constructor_demo/lib:/home/jitesh/ws_moveit2/install/moveit_task_constructor_capabilities/lib:/home/jitesh/ws_moveit2/install/moveit_task_constructor_core/lib:/home/jitesh/ws_moveit2/install/moveit_ros_control_interface/lib:/home/jitesh/ws_moveit2/install/moveit_simple_controller_manager/lib:/home/jitesh/ws_moveit2/install/moveit_setup_assistant/lib:/home/jitesh/ws_moveit2/install/moveit_setup_srdf_plugins/lib:/home/jitesh/ws_moveit2/install/moveit_setup_core_plugins/lib:/home/jitesh/ws_moveit2/install/moveit_setup_controllers/lib:/home/jitesh/ws_moveit2/install/moveit_setup_app_plugins/lib:/home/jitesh/ws_moveit2/install/moveit_setup_framework/lib:/home/jitesh/ws_moveit2/install/moveit_servo/lib:/home/jitesh/ws_moveit2/install/moveit_ros_visualization/lib:/home/jitesh/ws_moveit2/install/moveit_hybrid_planning/lib:/home/jitesh/ws_moveit2/install/moveit_ros_planning_interface/lib:/home/jitesh/ws_moveit2/install/moveit_ros_benchmarks/lib:/home/jitesh/ws_moveit2/install/moveit_ros_warehouse/lib:/home/jitesh/ws_moveit2/install/moveit_ros_robot_interaction/lib:/home/jitesh/ws_moveit2/install/moveit_ros_perception/lib:/home/jitesh/ws_moveit2/install/moveit_ros_move_group/lib:/home/jitesh/ws_moveit2/install/moveit_planners_ompl/lib:/home/jitesh/ws_moveit2/install/moveit_ros_planning/lib:/home/jitesh/ws_moveit2/install/moveit_ros_occupancy_map_monitor/lib:/home/jitesh/ws_moveit2/install/moveit_resources_prbt_ikfast_manipulator_plugin/lib:/home/jitesh/ws_moveit2/install/moveit_planners_chomp/lib:/home/jitesh/ws_moveit2/install/moveit_kinematics/lib:/home/jitesh/ws_moveit2/install/moveit_chomp_optimizer_adapter/lib:/home/jitesh/ws_moveit2/install/chomp_motion_planner/lib:/home/jitesh/ws_moveit2/install/moveit_core/lib:/home/jitesh/ws_moveit2/install/srdfdom/lib:/home/jitesh/ws_moveit2/install/rviz_marker_tools/lib:/home/jitesh/ws_moveit2/install/rosparam_shortcuts/lib:/home/jitesh/ws_moveit2/install/moveit_task_constructor_msgs/lib:/home/jitesh/bookros2_ws/install/groot/lib:/home/jitesh/bookros2_ws/install/br2_vff_avoidance/lib:/home/jitesh/bookros2_ws/install/br2_tracking/lib:/home/jitesh/bookros2_ws/install/br2_tracking_msgs/lib:/home/jitesh/bookros2_ws/install/br2_tf2_detector/lib:/home/jitesh/bookros2_ws/install/br2_bt_patrolling/lib:/home/jitesh/bookros2_ws/install/br2_bt_bumpgo/lib:/home/jitesh/ros2_ws/install/tutorial_interfaces/lib:/home/jitesh/ros2_ws/install/turtlesim/lib:/home/jitesh/ros2_ws/install/realsense_camera_msgs/lib:/home/jitesh/ros2_ws/install/polygon_plugins/lib:/home/jitesh/ros2_ws/install/more_interfaces/lib:/home/jitesh/ros2_ws/install/action_tutorials_cpp/lib:/home/jitesh/ros2_ws/install/action_tutorials_interfaces/lib:/usr/lib/x86_64-linux-gnu/gazebo-11/plugins:/opt/ros/humble/opt/rviz_ogre_vendor/lib:/opt/ros/humble/lib/x86_64-linux-gnu:/opt/ros/humble/lib:/usr/lib/x86_64-linux-gnu/gazebo-11/plugins PYTHONPATH=/home/jitesh/flipkart_ws/build/my_cam_scripts/prefix_override:/home/jitesh/flipkart_ws/install/my_cam_scripts/lib/python3.10/site-packages:/home/jitesh/flipkart_ws/install/my_msg_package/local/lib/python3.10/dist-packages:${PYTHONPATH} /usr/bin/python3 setup.py egg_info --egg-base ../../build/my_cam_scripts build --build-base /home/jitesh/flipkart_ws/build/my_cam_scripts/build install --record /home/jitesh/flipkart_ws/build/my_cam_scripts/install.log --single-version-externally-managed
