[0.149s] Invoking command in '/home/jitesh/flipkart_ws/build/robotic_arm_description': CMAKE_PREFIX_PATH=${CMAKE_PREFIX_PATH}:/home/jitesh/ws_moveit2/install/moveit_configs_utils:/home/jitesh/ws_moveit2/install/launch_param_builder:/home/jitesh/bookros2_ws/install/launch_pal:/home/jitesh/bookros2_ws/install/br2_fsm_bumpgo_py:/home/jitesh/roboarm_ws/install/my_robot_arm:/home/jitesh/ros2_ws/install/urdf_tutorial:/home/jitesh/ros2_ws/install/py_srvcli:/home/jitesh/ros2_ws/install/py_pubsub:/home/jitesh/ros2_ws/install/my_robot_controller:/home/jitesh/ros2_ws/install/cpp_pubsub:/opt/ros/humble /usr/bin/cmake --build /home/jitesh/flipkart_ws/build/robotic_arm_description -- -j12 -l12
[0.246s] Invoked command in '/home/jitesh/flipkart_ws/build/robotic_arm_description' returned '0': CMAKE_PREFIX_PATH=${CMAKE_PREFIX_PATH}:/home/jitesh/ws_moveit2/install/moveit_configs_utils:/home/jitesh/ws_moveit2/install/launch_param_builder:/home/jitesh/bookros2_ws/install/launch_pal:/home/jitesh/bookros2_ws/install/br2_fsm_bumpgo_py:/home/jitesh/roboarm_ws/install/my_robot_arm:/home/jitesh/ros2_ws/install/urdf_tutorial:/home/jitesh/ros2_ws/install/py_srvcli:/home/jitesh/ros2_ws/install/py_pubsub:/home/jitesh/ros2_ws/install/my_robot_controller:/home/jitesh/ros2_ws/install/cpp_pubsub:/opt/ros/humble /usr/bin/cmake --build /home/jitesh/flipkart_ws/build/robotic_arm_description -- -j12 -l12
[0.343s] Invoking command in '/home/jitesh/flipkart_ws/build/robotic_arm_description': CMAKE_PREFIX_PATH=${CMAKE_PREFIX_PATH}:/home/jitesh/ws_moveit2/install/moveit_configs_utils:/home/jitesh/ws_moveit2/install/launch_param_builder:/home/jitesh/bookros2_ws/install/launch_pal:/home/jitesh/bookros2_ws/install/br2_fsm_bumpgo_py:/home/jitesh/roboarm_ws/install/my_robot_arm:/home/jitesh/ros2_ws/install/urdf_tutorial:/home/jitesh/ros2_ws/install/py_srvcli:/home/jitesh/ros2_ws/install/py_pubsub:/home/jitesh/ros2_ws/install/my_robot_controller:/home/jitesh/ros2_ws/install/cpp_pubsub:/opt/ros/humble /usr/bin/cmake --install /home/jitesh/flipkart_ws/build/robotic_arm_description
[0.366s] -- Install configuration: ""
[0.366s] -- Up-to-date: /home/jitesh/flipkart_ws/install/robotic_arm_description/share/robotic_arm_description/meshes
[0.366s] -- Up-to-date: /home/jitesh/flipkart_ws/install/robotic_arm_description/share/robotic_arm_description/meshes/link4_1.STL
[0.366s] -- Up-to-date: /home/jitesh/flipkart_ws/install/robotic_arm_description/share/robotic_arm_description/meshes/link1_1.STL
[0.366s] -- Up-to-date: /home/jitesh/flipkart_ws/install/robotic_arm_description/share/robotic_arm_description/meshes/link2_1.STL
[0.366s] -- Up-to-date: /home/jitesh/flipkart_ws/install/robotic_arm_description/share/robotic_arm_description/meshes/link6_1.STL
[0.366s] -- Up-to-date: /home/jitesh/flipkart_ws/install/robotic_arm_description/share/robotic_arm_description/meshes/link5_1.STL
[0.366s] -- Up-to-date: /home/jitesh/flipkart_ws/install/robotic_arm_description/share/robotic_arm_description/meshes/base_link.STL
[0.366s] -- Up-to-date: /home/jitesh/flipkart_ws/install/robotic_arm_description/share/robotic_arm_description/meshes/link3_1.STL
[0.367s] -- Up-to-date: /home/jitesh/flipkart_ws/install/robotic_arm_description/share/robotic_arm_description/urdf
[0.367s] -- Installing: /home/jitesh/flipkart_ws/install/robotic_arm_description/share/robotic_arm_description/urdf/robotic_arm.urdf.xacro
[0.367s] -- Up-to-date: /home/jitesh/flipkart_ws/install/robotic_arm_description/share/robotic_arm_description/urdf/robotic_arm.gazebo
[0.367s] -- Up-to-date: /home/jitesh/flipkart_ws/install/robotic_arm_description/share/robotic_arm_description/urdf/materials.xacro
[0.367s] -- Up-to-date: /home/jitesh/flipkart_ws/install/robotic_arm_description/share/robotic_arm_description/urdf/robotic_arm.trans
[0.368s] -- Up-to-date: /home/jitesh/flipkart_ws/install/robotic_arm_description/share/robotic_arm_description/launch
[0.368s] -- Up-to-date: /home/jitesh/flipkart_ws/install/robotic_arm_description/share/robotic_arm_description/launch/display.launch.py
[0.368s] -- Up-to-date: /home/jitesh/flipkart_ws/install/robotic_arm_description/share/robotic_arm_description/launch/gazebo.launch.py
[0.368s] -- Up-to-date: /home/jitesh/flipkart_ws/install/robotic_arm_description/share/robotic_arm_description/launch/controller.yaml
[0.368s] -- Up-to-date: /home/jitesh/flipkart_ws/install/robotic_arm_description/share/robotic_arm_description/launch/controller.launch
[0.368s] -- Up-to-date: /home/jitesh/flipkart_ws/install/robotic_arm_description/share/robotic_arm_description/rviz
[0.369s] -- Up-to-date: /home/jitesh/flipkart_ws/install/robotic_arm_description/share/robotic_arm_description/rviz/display.rviz
[0.369s] -- Up-to-date: /home/jitesh/flipkart_ws/install/robotic_arm_description/share/ament_index/resource_index/package_run_dependencies/robotic_arm_description
[0.369s] -- Up-to-date: /home/jitesh/flipkart_ws/install/robotic_arm_description/share/ament_index/resource_index/parent_prefix_path/robotic_arm_description
[0.370s] -- Up-to-date: /home/jitesh/flipkart_ws/install/robotic_arm_description/share/robotic_arm_description/environment/ament_prefix_path.sh
[0.370s] -- Up-to-date: /home/jitesh/flipkart_ws/install/robotic_arm_description/share/robotic_arm_description/environment/ament_prefix_path.dsv
[0.370s] -- Up-to-date: /home/jitesh/flipkart_ws/install/robotic_arm_description/share/robotic_arm_description/environment/path.sh
[0.370s] -- Up-to-date: /home/jitesh/flipkart_ws/install/robotic_arm_description/share/robotic_arm_description/environment/path.dsv
[0.370s] -- Up-to-date: /home/jitesh/flipkart_ws/install/robotic_arm_description/share/robotic_arm_description/local_setup.bash
[0.370s] -- Up-to-date: /home/jitesh/flipkart_ws/install/robotic_arm_description/share/robotic_arm_description/local_setup.sh
[0.371s] -- Up-to-date: /home/jitesh/flipkart_ws/install/robotic_arm_description/share/robotic_arm_description/local_setup.zsh
[0.371s] -- Up-to-date: /home/jitesh/flipkart_ws/install/robotic_arm_description/share/robotic_arm_description/local_setup.dsv
[0.371s] -- Installing: /home/jitesh/flipkart_ws/install/robotic_arm_description/share/robotic_arm_description/package.dsv
[0.371s] -- Up-to-date: /home/jitesh/flipkart_ws/install/robotic_arm_description/share/ament_index/resource_index/packages/robotic_arm_description
[0.371s] -- Up-to-date: /home/jitesh/flipkart_ws/install/robotic_arm_description/share/robotic_arm_description/cmake/robotic_arm_descriptionConfig.cmake
[0.371s] -- Up-to-date: /home/jitesh/flipkart_ws/install/robotic_arm_description/share/robotic_arm_description/cmake/robotic_arm_descriptionConfig-version.cmake
[0.371s] -- Up-to-date: /home/jitesh/flipkart_ws/install/robotic_arm_description/share/robotic_arm_description/package.xml
[0.456s] Invoked command in '/home/jitesh/flipkart_ws/build/robotic_arm_description' returned '0': CMAKE_PREFIX_PATH=${CMAKE_PREFIX_PATH}:/home/jitesh/ws_moveit2/install/moveit_configs_utils:/home/jitesh/ws_moveit2/install/launch_param_builder:/home/jitesh/bookros2_ws/install/launch_pal:/home/jitesh/bookros2_ws/install/br2_fsm_bumpgo_py:/home/jitesh/roboarm_ws/install/my_robot_arm:/home/jitesh/ros2_ws/install/urdf_tutorial:/home/jitesh/ros2_ws/install/py_srvcli:/home/jitesh/ros2_ws/install/py_pubsub:/home/jitesh/ros2_ws/install/my_robot_controller:/home/jitesh/ros2_ws/install/cpp_pubsub:/opt/ros/humble /usr/bin/cmake --install /home/jitesh/flipkart_ws/build/robotic_arm_description
