[2.445s] Invoking command in '/home/jitesh/flipkart_ws/src/cam_package': PYTHONPATH=/home/jitesh/flipkart_ws/build/cam_package/prefix_override:/home/jitesh/flipkart_ws/install/cam_package/lib/python3.10/site-packages:${PYTHONPATH} /usr/bin/python3 setup.py egg_info --egg-base ../../build/cam_package build --build-base /home/jitesh/flipkart_ws/build/cam_package/build install --record /home/jitesh/flipkart_ws/build/cam_package/install.log --single-version-externally-managed
[2.703s] running egg_info
[2.721s] writing ../../build/cam_package/cam_package.egg-info/PKG-INFO
[2.721s] writing dependency_links to ../../build/cam_package/cam_package.egg-info/dependency_links.txt
[2.722s] writing requirements to ../../build/cam_package/cam_package.egg-info/requires.txt
[2.722s] writing top-level names to ../../build/cam_package/cam_package.egg-info/top_level.txt
[2.875s] reading manifest file '../../build/cam_package/cam_package.egg-info/SOURCES.txt'
[2.876s] writing manifest file '../../build/cam_package/cam_package.egg-info/SOURCES.txt'
[2.876s] running build
[2.876s] running build_py
[2.876s] running install
[2.877s] /home/jitesh/.local/lib/python3.10/site-packages/setuptools/_distutils/cmd.py:66: SetuptoolsDeprecationWarning: setup.py install is deprecated.
[2.877s] !!
[2.877s] 
[2.877s]         ********************************************************************************
[2.877s]         Please avoid running ``setup.py`` directly.
[2.877s]         Instead, use pypa/build, pypa/installer or other
[2.877s]         standards-based tools.
[2.877s] 
[2.877s]         See https://blog.ganssle.io/articles/2021/10/setup-py-deprecated.html for details.
[2.877s]         ********************************************************************************
[2.877s] 
[2.877s] !!
[2.878s]   self.initialize_options()
[2.882s] running install_lib
[2.901s] running install_data
[2.919s] running install_egg_info
[2.938s] removing '/home/jitesh/flipkart_ws/install/cam_package/lib/python3.10/site-packages/cam_package-0.0.0-py3.10.egg-info' (and everything under it)
[2.938s] Copying ../../build/cam_package/cam_package.egg-info to /home/jitesh/flipkart_ws/install/cam_package/lib/python3.10/site-packages/cam_package-0.0.0-py3.10.egg-info
[2.939s] running install_scripts
[2.994s] writing list of installed files to '/home/jitesh/flipkart_ws/build/cam_package/install.log'
[3.662s] Invoked command in '/home/jitesh/flipkart_ws/src/cam_package' returned '0': PYTHONPATH=/home/jitesh/flipkart_ws/build/cam_package/prefix_override:/home/jitesh/flipkart_ws/install/cam_package/lib/python3.10/site-packages:${PYTHONPATH} /usr/bin/python3 setup.py egg_info --egg-base ../../build/cam_package build --build-base /home/jitesh/flipkart_ws/build/cam_package/build install --record /home/jitesh/flipkart_ws/build/cam_package/install.log --single-version-externally-managed
