-- Install configuration: ""
-- Up-to-date: /home/jitesh/flipkart_ws/install/robotic_arm_description1/share/robotic_arm_description1/meshes
-- Up-to-date: /home/jitesh/flipkart_ws/install/robotic_arm_description1/share/robotic_arm_description1/meshes/gripper_1.stl
-- Up-to-date: /home/jitesh/flipkart_ws/install/robotic_arm_description1/share/robotic_arm_description1/meshes/link5_1.stl
-- Up-to-date: /home/jitesh/flipkart_ws/install/robotic_arm_description1/share/robotic_arm_description1/meshes/link2_1.stl
-- Up-to-date: /home/jitesh/flipkart_ws/install/robotic_arm_description1/share/robotic_arm_description1/meshes/base_link.stl
-- Up-to-date: /home/jitesh/flipkart_ws/install/robotic_arm_description1/share/robotic_arm_description1/meshes/link3_1.stl
-- Up-to-date: /home/jitesh/flipkart_ws/install/robotic_arm_description1/share/robotic_arm_description1/meshes/link1_1.stl
-- Up-to-date: /home/jitesh/flipkart_ws/install/robotic_arm_description1/share/robotic_arm_description1/meshes/link4_1.stl
-- Up-to-date: /home/jitesh/flipkart_ws/install/robotic_arm_description1/share/robotic_arm_description1/urdf
-- Up-to-date: /home/jitesh/flipkart_ws/install/robotic_arm_description1/share/robotic_arm_description1/urdf/robotic_arm1.urdf.xacro
-- Up-to-date: /home/jitesh/flipkart_ws/install/robotic_arm_description1/share/robotic_arm_description1/urdf/robotic_arm1_gazebo.xacro
-- Up-to-date: /home/jitesh/flipkart_ws/install/robotic_arm_description1/share/robotic_arm_description1/urdf/materials.xacro
-- Up-to-date: /home/jitesh/flipkart_ws/install/robotic_arm_description1/share/robotic_arm_description1/urdf/robotic_arm1_ros2_control.xacro
-- Up-to-date: /home/jitesh/flipkart_ws/install/robotic_arm_description1/share/robotic_arm_description1/launch
-- Up-to-date: /home/jitesh/flipkart_ws/install/robotic_arm_description1/share/robotic_arm_description1/launch/display.launch.py
-- Up-to-date: /home/jitesh/flipkart_ws/install/robotic_arm_description1/share/robotic_arm_description1/launch/gazebo.launch.py
-- Up-to-date: /home/jitesh/flipkart_ws/install/robotic_arm_description1/share/robotic_arm_description1/rviz
-- Installing: /home/jitesh/flipkart_ws/install/robotic_arm_description1/share/robotic_arm_description1/rviz/display.rviz
-- Up-to-date: /home/jitesh/flipkart_ws/install/robotic_arm_description1/share/ament_index/resource_index/package_run_dependencies/robotic_arm_description1
-- Up-to-date: /home/jitesh/flipkart_ws/install/robotic_arm_description1/share/ament_index/resource_index/parent_prefix_path/robotic_arm_description1
-- Up-to-date: /home/jitesh/flipkart_ws/install/robotic_arm_description1/share/robotic_arm_description1/environment/ament_prefix_path.sh
-- Up-to-date: /home/jitesh/flipkart_ws/install/robotic_arm_description1/share/robotic_arm_description1/environment/ament_prefix_path.dsv
-- Up-to-date: /home/jitesh/flipkart_ws/install/robotic_arm_description1/share/robotic_arm_description1/environment/path.sh
-- Up-to-date: /home/jitesh/flipkart_ws/install/robotic_arm_description1/share/robotic_arm_description1/environment/path.dsv
-- Up-to-date: /home/jitesh/flipkart_ws/install/robotic_arm_description1/share/robotic_arm_description1/local_setup.bash
-- Up-to-date: /home/jitesh/flipkart_ws/install/robotic_arm_description1/share/robotic_arm_description1/local_setup.sh
-- Up-to-date: /home/jitesh/flipkart_ws/install/robotic_arm_description1/share/robotic_arm_description1/local_setup.zsh
-- Up-to-date: /home/jitesh/flipkart_ws/install/robotic_arm_description1/share/robotic_arm_description1/local_setup.dsv
-- Up-to-date: /home/jitesh/flipkart_ws/install/robotic_arm_description1/share/robotic_arm_description1/package.dsv
-- Up-to-date: /home/jitesh/flipkart_ws/install/robotic_arm_description1/share/ament_index/resource_index/packages/robotic_arm_description1
-- Up-to-date: /home/jitesh/flipkart_ws/install/robotic_arm_description1/share/robotic_arm_description1/cmake/robotic_arm_description1Config.cmake
-- Up-to-date: /home/jitesh/flipkart_ws/install/robotic_arm_description1/share/robotic_arm_description1/cmake/robotic_arm_description1Config-version.cmake
-- Up-to-date: /home/jitesh/flipkart_ws/install/robotic_arm_description1/share/robotic_arm_description1/package.xml
