running egg_info
creating ../../build/cam_package/cam_package.egg-info
writing ../../build/cam_package/cam_package.egg-info/PKG-INFO
writing dependency_links to ../../build/cam_package/cam_package.egg-info/dependency_links.txt
writing requirements to ../../build/cam_package/cam_package.egg-info/requires.txt
writing top-level names to ../../build/cam_package/cam_package.egg-info/top_level.txt
writing manifest file '../../build/cam_package/cam_package.egg-info/SOURCES.txt'
reading manifest file '../../build/cam_package/cam_package.egg-info/SOURCES.txt'
writing manifest file '../../build/cam_package/cam_package.egg-info/SOURCES.txt'
running build
running build_py
creating /home/jitesh/flipkart_ws/build/cam_package/build
creating /home/jitesh/flipkart_ws/build/cam_package/build/lib
creating /home/jitesh/flipkart_ws/build/cam_package/build/lib/cam_package
copying cam_package/__init__.py -> /home/jitesh/flipkart_ws/build/cam_package/build/lib/cam_package
running install
/home/jitesh/.local/lib/python3.10/site-packages/setuptools/_distutils/cmd.py:66: SetuptoolsDeprecationWarning: setup.py install is deprecated.
!!

        ********************************************************************************
        Please avoid running ``setup.py`` directly.
        Instead, use pypa/build, pypa/installer or other
        standards-based tools.

        See https://blog.ganssle.io/articles/2021/10/setup-py-deprecated.html for details.
        ********************************************************************************

!!
  self.initialize_options()
running install_lib
creating /home/jitesh/flipkart_ws/install/cam_package/lib/python3.10/site-packages/cam_package
copying /home/jitesh/flipkart_ws/build/cam_package/build/lib/cam_package/__init__.py -> /home/jitesh/flipkart_ws/install/cam_package/lib/python3.10/site-packages/cam_package
byte-compiling /home/jitesh/flipkart_ws/install/cam_package/lib/python3.10/site-packages/cam_package/__init__.py to __init__.cpython-310.pyc
running install_data
creating /home/jitesh/flipkart_ws/install/cam_package/share/ament_index
creating /home/jitesh/flipkart_ws/install/cam_package/share/ament_index/resource_index
creating /home/jitesh/flipkart_ws/install/cam_package/share/ament_index/resource_index/packages
copying resource/cam_package -> /home/jitesh/flipkart_ws/install/cam_package/share/ament_index/resource_index/packages
copying package.xml -> /home/jitesh/flipkart_ws/install/cam_package/share/cam_package
running install_egg_info
Copying ../../build/cam_package/cam_package.egg-info to /home/jitesh/flipkart_ws/install/cam_package/lib/python3.10/site-packages/cam_package-0.0.0-py3.10.egg-info
running install_scripts
writing list of installed files to '/home/jitesh/flipkart_ws/build/cam_package/install.log'
