[2.541s] Invoking command in '/home/jitesh/flipkart_ws/src/cam_package': PYTHONPATH=/home/jitesh/flipkart_ws/build/cam_package/prefix_override:/home/jitesh/flipkart_ws/install/cam_package/lib/python3.10/site-packages:${PYTHONPATH} /usr/bin/python3 setup.py egg_info --egg-base ../../build/cam_package build --build-base /home/jitesh/flipkart_ws/build/cam_package/build install --record /home/jitesh/flipkart_ws/build/cam_package/install.log --single-version-externally-managed
[2.897s] running egg_info
[2.898s] creating ../../build/cam_package/cam_package.egg-info
[2.922s] writing ../../build/cam_package/cam_package.egg-info/PKG-INFO
[2.923s] writing dependency_links to ../../build/cam_package/cam_package.egg-info/dependency_links.txt
[2.923s] writing requirements to ../../build/cam_package/cam_package.egg-info/requires.txt
[2.923s] writing top-level names to ../../build/cam_package/cam_package.egg-info/top_level.txt
[3.052s] writing manifest file '../../build/cam_package/cam_package.egg-info/SOURCES.txt'
[3.092s] reading manifest file '../../build/cam_package/cam_package.egg-info/SOURCES.txt'
[3.093s] writing manifest file '../../build/cam_package/cam_package.egg-info/SOURCES.txt'
[3.093s] running build
[3.093s] running build_py
[3.093s] creating /home/jitesh/flipkart_ws/build/cam_package/build
[3.094s] creating /home/jitesh/flipkart_ws/build/cam_package/build/lib
[3.094s] creating /home/jitesh/flipkart_ws/build/cam_package/build/lib/cam_package
[3.094s] copying cam_package/__init__.py -> /home/jitesh/flipkart_ws/build/cam_package/build/lib/cam_package
[3.094s] running install
[3.094s] /home/jitesh/.local/lib/python3.10/site-packages/setuptools/_distutils/cmd.py:66: SetuptoolsDeprecationWarning: setup.py install is deprecated.
[3.094s] !!
[3.094s] 
[3.095s]         ********************************************************************************
[3.095s]         Please avoid running ``setup.py`` directly.
[3.095s]         Instead, use pypa/build, pypa/installer or other
[3.095s]         standards-based tools.
[3.095s] 
[3.095s]         See https://blog.ganssle.io/articles/2021/10/setup-py-deprecated.html for details.
[3.095s]         ********************************************************************************
[3.095s] 
[3.095s] !!
[3.095s]   self.initialize_options()
[3.100s] running install_lib
[3.122s] creating /home/jitesh/flipkart_ws/install/cam_package/lib/python3.10/site-packages/cam_package
[3.122s] copying /home/jitesh/flipkart_ws/build/cam_package/build/lib/cam_package/__init__.py -> /home/jitesh/flipkart_ws/install/cam_package/lib/python3.10/site-packages/cam_package
[3.123s] byte-compiling /home/jitesh/flipkart_ws/install/cam_package/lib/python3.10/site-packages/cam_package/__init__.py to __init__.cpython-310.pyc
[3.123s] running install_data
[3.143s] creating /home/jitesh/flipkart_ws/install/cam_package/share/ament_index
[3.144s] creating /home/jitesh/flipkart_ws/install/cam_package/share/ament_index/resource_index
[3.144s] creating /home/jitesh/flipkart_ws/install/cam_package/share/ament_index/resource_index/packages
[3.144s] copying resource/cam_package -> /home/jitesh/flipkart_ws/install/cam_package/share/ament_index/resource_index/packages
[3.144s] copying package.xml -> /home/jitesh/flipkart_ws/install/cam_package/share/cam_package
[3.144s] running install_egg_info
[3.164s] Copying ../../build/cam_package/cam_package.egg-info to /home/jitesh/flipkart_ws/install/cam_package/lib/python3.10/site-packages/cam_package-0.0.0-py3.10.egg-info
[3.165s] running install_scripts
[3.229s] writing list of installed files to '/home/jitesh/flipkart_ws/build/cam_package/install.log'
[3.308s] Invoked command in '/home/jitesh/flipkart_ws/src/cam_package' returned '0': PYTHONPATH=/home/jitesh/flipkart_ws/build/cam_package/prefix_override:/home/jitesh/flipkart_ws/install/cam_package/lib/python3.10/site-packages:${PYTHONPATH} /usr/bin/python3 setup.py egg_info --egg-base ../../build/cam_package build --build-base /home/jitesh/flipkart_ws/build/cam_package/build install --record /home/jitesh/flipkart_ws/build/cam_package/install.log --single-version-externally-managed
