[0.142s] Invoking command in '/home/jitesh/flipkart_ws/build/robotic_arm_description1': CMAKE_PREFIX_PATH=${CMAKE_PREFIX_PATH}:/home/jitesh/ws_moveit2/install/moveit_configs_utils:/home/jitesh/ws_moveit2/install/launch_param_builder:/home/jitesh/bookros2_ws/install/launch_pal:/home/jitesh/bookros2_ws/install/br2_fsm_bumpgo_py:/home/jitesh/roboarm_ws/install/my_robot_arm:/home/jitesh/ros2_ws/install/urdf_tutorial:/home/jitesh/ros2_ws/install/py_srvcli:/home/jitesh/ros2_ws/install/py_pubsub:/home/jitesh/ros2_ws/install/my_robot_controller:/home/jitesh/ros2_ws/install/cpp_pubsub:/opt/ros/humble /usr/bin/cmake /home/jitesh/flipkart_ws/src/robotic_arm_description1 -DCMAKE_INSTALL_PREFIX=/home/jitesh/flipkart_ws/install/robotic_arm_description1
[0.302s] -- The C compiler identification is GNU 11.4.0
[0.405s] -- The CXX compiler identification is GNU 11.4.0
[0.417s] -- Detecting C compiler ABI info
[0.543s] -- Detecting C compiler ABI info - done
[0.550s] -- Check for working C compiler: /usr/bin/cc - skipped
[0.550s] -- Detecting C compile features
[0.552s] -- Detecting C compile features - done
[0.554s] -- Detecting CXX compiler ABI info
[0.689s] -- Detecting CXX compiler ABI info - done
[0.696s] -- Check for working CXX compiler: /usr/bin/c++ - skipped
[0.696s] -- Detecting CXX compile features
[0.696s] -- Detecting CXX compile features - done
[0.718s] -- Found ament_cmake: 1.3.6 (/opt/ros/humble/share/ament_cmake/cmake)
[1.173s] -- Found Python3: /usr/bin/python3.10 (found version "3.10.12") found components: Interpreter 
[1.501s] -- Found ament_lint_auto: 0.12.9 (/opt/ros/humble/share/ament_lint_auto/cmake)
[1.695s] -- Added test 'lint_cmake' to check CMake code style
[1.699s] -- Added test 'xmllint' to check XML markup files
[1.707s] -- Configuring done
[1.710s] -- Generating done
[1.711s] -- Build files have been written to: /home/jitesh/flipkart_ws/build/robotic_arm_description1
[1.716s] Invoked command in '/home/jitesh/flipkart_ws/build/robotic_arm_description1' returned '0': CMAKE_PREFIX_PATH=${CMAKE_PREFIX_PATH}:/home/jitesh/ws_moveit2/install/moveit_configs_utils:/home/jitesh/ws_moveit2/install/launch_param_builder:/home/jitesh/bookros2_ws/install/launch_pal:/home/jitesh/bookros2_ws/install/br2_fsm_bumpgo_py:/home/jitesh/roboarm_ws/install/my_robot_arm:/home/jitesh/ros2_ws/install/urdf_tutorial:/home/jitesh/ros2_ws/install/py_srvcli:/home/jitesh/ros2_ws/install/py_pubsub:/home/jitesh/ros2_ws/install/my_robot_controller:/home/jitesh/ros2_ws/install/cpp_pubsub:/opt/ros/humble /usr/bin/cmake /home/jitesh/flipkart_ws/src/robotic_arm_description1 -DCMAKE_INSTALL_PREFIX=/home/jitesh/flipkart_ws/install/robotic_arm_description1
[1.719s] Invoking command in '/home/jitesh/flipkart_ws/build/robotic_arm_description1': CMAKE_PREFIX_PATH=${CMAKE_PREFIX_PATH}:/home/jitesh/ws_moveit2/install/moveit_configs_utils:/home/jitesh/ws_moveit2/install/launch_param_builder:/home/jitesh/bookros2_ws/install/launch_pal:/home/jitesh/bookros2_ws/install/br2_fsm_bumpgo_py:/home/jitesh/roboarm_ws/install/my_robot_arm:/home/jitesh/ros2_ws/install/urdf_tutorial:/home/jitesh/ros2_ws/install/py_srvcli:/home/jitesh/ros2_ws/install/py_pubsub:/home/jitesh/ros2_ws/install/my_robot_controller:/home/jitesh/ros2_ws/install/cpp_pubsub:/opt/ros/humble /usr/bin/cmake --build /home/jitesh/flipkart_ws/build/robotic_arm_description1 -- -j12 -l12
[1.798s] Invoked command in '/home/jitesh/flipkart_ws/build/robotic_arm_description1' returned '0': CMAKE_PREFIX_PATH=${CMAKE_PREFIX_PATH}:/home/jitesh/ws_moveit2/install/moveit_configs_utils:/home/jitesh/ws_moveit2/install/launch_param_builder:/home/jitesh/bookros2_ws/install/launch_pal:/home/jitesh/bookros2_ws/install/br2_fsm_bumpgo_py:/home/jitesh/roboarm_ws/install/my_robot_arm:/home/jitesh/ros2_ws/install/urdf_tutorial:/home/jitesh/ros2_ws/install/py_srvcli:/home/jitesh/ros2_ws/install/py_pubsub:/home/jitesh/ros2_ws/install/my_robot_controller:/home/jitesh/ros2_ws/install/cpp_pubsub:/opt/ros/humble /usr/bin/cmake --build /home/jitesh/flipkart_ws/build/robotic_arm_description1 -- -j12 -l12
[1.861s] Invoking command in '/home/jitesh/flipkart_ws/build/robotic_arm_description1': CMAKE_PREFIX_PATH=${CMAKE_PREFIX_PATH}:/home/jitesh/ws_moveit2/install/moveit_configs_utils:/home/jitesh/ws_moveit2/install/launch_param_builder:/home/jitesh/bookros2_ws/install/launch_pal:/home/jitesh/bookros2_ws/install/br2_fsm_bumpgo_py:/home/jitesh/roboarm_ws/install/my_robot_arm:/home/jitesh/ros2_ws/install/urdf_tutorial:/home/jitesh/ros2_ws/install/py_srvcli:/home/jitesh/ros2_ws/install/py_pubsub:/home/jitesh/ros2_ws/install/my_robot_controller:/home/jitesh/ros2_ws/install/cpp_pubsub:/opt/ros/humble /usr/bin/cmake --install /home/jitesh/flipkart_ws/build/robotic_arm_description1
[1.877s] -- Install configuration: ""
[1.877s] -- Installing: /home/jitesh/flipkart_ws/install/robotic_arm_description1/share/ament_index/resource_index/package_run_dependencies/robotic_arm_description1
[1.877s] -- Installing: /home/jitesh/flipkart_ws/install/robotic_arm_description1/share/ament_index/resource_index/parent_prefix_path/robotic_arm_description1
[1.877s] -- Installing: /home/jitesh/flipkart_ws/install/robotic_arm_description1/share/robotic_arm_description1/environment/ament_prefix_path.sh
[1.877s] -- Installing: /home/jitesh/flipkart_ws/install/robotic_arm_description1/share/robotic_arm_description1/environment/ament_prefix_path.dsv
[1.878s] -- Installing: /home/jitesh/flipkart_ws/install/robotic_arm_description1/share/robotic_arm_description1/environment/path.sh
[1.878s] -- Installing: /home/jitesh/flipkart_ws/install/robotic_arm_description1/share/robotic_arm_description1/environment/path.dsv
[1.878s] -- Installing: /home/jitesh/flipkart_ws/install/robotic_arm_description1/share/robotic_arm_description1/local_setup.bash
[1.878s] -- Installing: /home/jitesh/flipkart_ws/install/robotic_arm_description1/share/robotic_arm_description1/local_setup.sh
[1.878s] -- Installing: /home/jitesh/flipkart_ws/install/robotic_arm_description1/share/robotic_arm_description1/local_setup.zsh
[1.878s] -- Installing: /home/jitesh/flipkart_ws/install/robotic_arm_description1/share/robotic_arm_description1/local_setup.dsv
[1.878s] -- Installing: /home/jitesh/flipkart_ws/install/robotic_arm_description1/share/robotic_arm_description1/package.dsv
[1.879s] -- Installing: /home/jitesh/flipkart_ws/install/robotic_arm_description1/share/ament_index/resource_index/packages/robotic_arm_description1
[1.879s] -- Installing: /home/jitesh/flipkart_ws/install/robotic_arm_description1/share/robotic_arm_description1/cmake/robotic_arm_description1Config.cmake
[1.879s] -- Installing: /home/jitesh/flipkart_ws/install/robotic_arm_description1/share/robotic_arm_description1/cmake/robotic_arm_description1Config-version.cmake
[1.879s] -- Installing: /home/jitesh/flipkart_ws/install/robotic_arm_description1/share/robotic_arm_description1/package.xml
[1.882s] Invoked command in '/home/jitesh/flipkart_ws/build/robotic_arm_description1' returned '0': CMAKE_PREFIX_PATH=${CMAKE_PREFIX_PATH}:/home/jitesh/ws_moveit2/install/moveit_configs_utils:/home/jitesh/ws_moveit2/install/launch_param_builder:/home/jitesh/bookros2_ws/install/launch_pal:/home/jitesh/bookros2_ws/install/br2_fsm_bumpgo_py:/home/jitesh/roboarm_ws/install/my_robot_arm:/home/jitesh/ros2_ws/install/urdf_tutorial:/home/jitesh/ros2_ws/install/py_srvcli:/home/jitesh/ros2_ws/install/py_pubsub:/home/jitesh/ros2_ws/install/my_robot_controller:/home/jitesh/ros2_ws/install/cpp_pubsub:/opt/ros/humble /usr/bin/cmake --install /home/jitesh/flipkart_ws/build/robotic_arm_description1
