[1.341s] DEBUG:colcon:Command line arguments: ['/usr/bin/colcon', 'build']
[1.341s] DEBUG:colcon:Parsed command line arguments: Namespace(log_base=None, log_level=None, verb_name='build', build_base='build', install_base='install', merge_install=False, symlink_install=False, test_result_base=None, continue_on_error=False, executor='parallel', parallel_workers=12, event_handlers=None, ignore_user_meta=False, metas=['./colcon.meta'], base_paths=['.'], packages_ignore=None, packages_ignore_regex=None, paths=None, packages_up_to=None, packages_up_to_regex=None, packages_above=None, packages_above_and_dependencies=None, packages_above_depth=None, packages_select_by_dep=None, packages_skip_by_dep=None, packages_skip_up_to=None, packages_select_build_failed=False, packages_skip_build_finished=False, packages_select_test_failures=False, packages_skip_test_passed=False, packages_select=None, packages_skip=None, packages_select_regex=None, packages_skip_regex=None, packages_start=None, packages_end=None, allow_overriding=[], cmake_args=None, cmake_target=None, cmake_target_skip_unavailable=False, cmake_clean_cache=False, cmake_clean_first=False, cmake_force_configure=False, ament_cmake_args=None, catkin_cmake_args=None, catkin_skip_building_tests=False, mixin_files=None, mixin=None, verb_parser=<colcon_mixin.mixin.mixin_argument.MixinArgumentDecorator object at 0x7f92b6d57070>, verb_extension=<colcon_core.verb.build.BuildVerb object at 0x7f92b6d56b30>, main=<bound method BuildVerb.main of <colcon_core.verb.build.BuildVerb object at 0x7f92b6d56b30>>, mixin_verb=('build',))
[1.396s] Level 1:colcon.colcon_core.package_discovery:discover_packages(colcon_meta) check parameters
[1.396s] Level 1:colcon.colcon_core.package_discovery:discover_packages(recursive) check parameters
[1.396s] Level 1:colcon.colcon_core.package_discovery:discover_packages(ignore) check parameters
[1.396s] Level 1:colcon.colcon_core.package_discovery:discover_packages(path) check parameters
[1.396s] Level 1:colcon.colcon_core.package_discovery:discover_packages(colcon_meta) discover
[1.396s] Level 1:colcon.colcon_core.package_discovery:discover_packages(recursive) discover
[1.396s] INFO:colcon.colcon_core.package_discovery:Crawling recursively for packages in '/home/jitesh/flipkart_ws'
[1.396s] Level 1:colcon.colcon_core.package_identification:_identify(.) by extensions ['ignore', 'ignore_ament_install']
[1.396s] Level 1:colcon.colcon_core.package_identification:_identify(.) by extension 'ignore'
[1.396s] Level 1:colcon.colcon_core.package_identification:_identify(.) by extension 'ignore_ament_install'
[1.396s] Level 1:colcon.colcon_core.package_identification:_identify(.) by extensions ['colcon_pkg']
[1.396s] Level 1:colcon.colcon_core.package_identification:_identify(.) by extension 'colcon_pkg'
[1.396s] Level 1:colcon.colcon_core.package_identification:_identify(.) by extensions ['colcon_meta']
[1.396s] Level 1:colcon.colcon_core.package_identification:_identify(.) by extension 'colcon_meta'
[1.396s] Level 1:colcon.colcon_core.package_identification:_identify(.) by extensions ['ros']
[1.396s] Level 1:colcon.colcon_core.package_identification:_identify(.) by extension 'ros'
[1.409s] Level 1:colcon.colcon_core.package_identification:_identify(.) by extensions ['cmake', 'python']
[1.409s] Level 1:colcon.colcon_core.package_identification:_identify(.) by extension 'cmake'
[1.409s] Level 1:colcon.colcon_core.package_identification:_identify(.) by extension 'python'
[1.409s] Level 1:colcon.colcon_core.package_identification:_identify(.) by extensions ['python_setup_py']
[1.409s] Level 1:colcon.colcon_core.package_identification:_identify(.) by extension 'python_setup_py'
[1.409s] Level 1:colcon.colcon_core.package_identification:_identify(build) by extensions ['ignore', 'ignore_ament_install']
[1.409s] Level 1:colcon.colcon_core.package_identification:_identify(build) by extension 'ignore'
[1.409s] Level 1:colcon.colcon_core.package_identification:_identify(build) ignored
[1.409s] Level 1:colcon.colcon_core.package_identification:_identify(install) by extensions ['ignore', 'ignore_ament_install']
[1.409s] Level 1:colcon.colcon_core.package_identification:_identify(install) by extension 'ignore'
[1.409s] Level 1:colcon.colcon_core.package_identification:_identify(install) ignored
[1.410s] Level 1:colcon.colcon_core.package_identification:_identify(log) by extensions ['ignore', 'ignore_ament_install']
[1.410s] Level 1:colcon.colcon_core.package_identification:_identify(log) by extension 'ignore'
[1.410s] Level 1:colcon.colcon_core.package_identification:_identify(log) ignored
[1.410s] Level 1:colcon.colcon_core.package_identification:_identify(src) by extensions ['ignore', 'ignore_ament_install']
[1.410s] Level 1:colcon.colcon_core.package_identification:_identify(src) by extension 'ignore'
[1.410s] Level 1:colcon.colcon_core.package_identification:_identify(src) by extension 'ignore_ament_install'
[1.410s] Level 1:colcon.colcon_core.package_identification:_identify(src) by extensions ['colcon_pkg']
[1.410s] Level 1:colcon.colcon_core.package_identification:_identify(src) by extension 'colcon_pkg'
[1.410s] Level 1:colcon.colcon_core.package_identification:_identify(src) by extensions ['colcon_meta']
[1.410s] Level 1:colcon.colcon_core.package_identification:_identify(src) by extension 'colcon_meta'
[1.410s] Level 1:colcon.colcon_core.package_identification:_identify(src) by extensions ['ros']
[1.410s] Level 1:colcon.colcon_core.package_identification:_identify(src) by extension 'ros'
[1.410s] Level 1:colcon.colcon_core.package_identification:_identify(src) by extensions ['cmake', 'python']
[1.410s] Level 1:colcon.colcon_core.package_identification:_identify(src) by extension 'cmake'
[1.410s] Level 1:colcon.colcon_core.package_identification:_identify(src) by extension 'python'
[1.410s] Level 1:colcon.colcon_core.package_identification:_identify(src) by extensions ['python_setup_py']
[1.410s] Level 1:colcon.colcon_core.package_identification:_identify(src) by extension 'python_setup_py'
[1.410s] Level 1:colcon.colcon_core.package_identification:_identify(src/robotic_arm_controller) by extensions ['ignore', 'ignore_ament_install']
[1.410s] Level 1:colcon.colcon_core.package_identification:_identify(src/robotic_arm_controller) by extension 'ignore'
[1.410s] Level 1:colcon.colcon_core.package_identification:_identify(src/robotic_arm_controller) by extension 'ignore_ament_install'
[1.410s] Level 1:colcon.colcon_core.package_identification:_identify(src/robotic_arm_controller) by extensions ['colcon_pkg']
[1.410s] Level 1:colcon.colcon_core.package_identification:_identify(src/robotic_arm_controller) by extension 'colcon_pkg'
[1.410s] Level 1:colcon.colcon_core.package_identification:_identify(src/robotic_arm_controller) by extensions ['colcon_meta']
[1.410s] Level 1:colcon.colcon_core.package_identification:_identify(src/robotic_arm_controller) by extension 'colcon_meta'
[1.411s] Level 1:colcon.colcon_core.package_identification:_identify(src/robotic_arm_controller) by extensions ['ros']
[1.411s] Level 1:colcon.colcon_core.package_identification:_identify(src/robotic_arm_controller) by extension 'ros'
[1.412s] DEBUG:colcon.colcon_core.package_identification:Package 'src/robotic_arm_controller' with type 'ros.ament_cmake' and name 'robotic_arm_controller'
[1.412s] Level 1:colcon.colcon_core.package_identification:_identify(src/robotic_arm_description) by extensions ['ignore', 'ignore_ament_install']
[1.413s] Level 1:colcon.colcon_core.package_identification:_identify(src/robotic_arm_description) by extension 'ignore'
[1.413s] Level 1:colcon.colcon_core.package_identification:_identify(src/robotic_arm_description) by extension 'ignore_ament_install'
[1.413s] Level 1:colcon.colcon_core.package_identification:_identify(src/robotic_arm_description) by extensions ['colcon_pkg']
[1.413s] Level 1:colcon.colcon_core.package_identification:_identify(src/robotic_arm_description) by extension 'colcon_pkg'
[1.413s] Level 1:colcon.colcon_core.package_identification:_identify(src/robotic_arm_description) by extensions ['colcon_meta']
[1.413s] Level 1:colcon.colcon_core.package_identification:_identify(src/robotic_arm_description) by extension 'colcon_meta'
[1.413s] Level 1:colcon.colcon_core.package_identification:_identify(src/robotic_arm_description) by extensions ['ros']
[1.413s] Level 1:colcon.colcon_core.package_identification:_identify(src/robotic_arm_description) by extension 'ros'
[1.413s] DEBUG:colcon.colcon_core.package_identification:Package 'src/robotic_arm_description' with type 'ros.ament_cmake' and name 'robotic_arm_description'
[1.413s] Level 1:colcon.colcon_core.package_discovery:discover_packages(recursive) using defaults
[1.413s] Level 1:colcon.colcon_core.package_discovery:discover_packages(ignore) discover
[1.413s] Level 1:colcon.colcon_core.package_discovery:discover_packages(ignore) using defaults
[1.413s] Level 1:colcon.colcon_core.package_discovery:discover_packages(path) discover
[1.413s] Level 1:colcon.colcon_core.package_discovery:discover_packages(path) using defaults
[1.524s] Level 1:colcon.colcon_core.package_discovery:discover_packages(prefix_path) check parameters
[1.524s] Level 1:colcon.colcon_core.package_discovery:discover_packages(prefix_path) discover
[1.562s] DEBUG:colcon.colcon_installed_package_information.package_discovery:Found 37 installed packages in /home/jitesh/bookros2_ws/install
[1.579s] DEBUG:colcon.colcon_installed_package_information.package_discovery:Found 60 installed packages in /home/jitesh/ws_moveit2/install
[1.596s] DEBUG:colcon.colcon_installed_package_information.package_discovery:Found 22 installed packages in /home/jitesh/ros2_ws/install
[1.611s] DEBUG:colcon.colcon_installed_package_information.package_discovery:Found 2 installed packages in /home/jitesh/roboarm_ws/install
[1.629s] DEBUG:colcon.colcon_installed_package_information.package_discovery:Found 479 installed packages in /opt/ros/humble
[1.632s] Level 1:colcon.colcon_core.package_discovery:discover_packages(prefix_path) using defaults
[1.726s] Level 5:colcon.colcon_core.verb:set package 'robotic_arm_controller' build argument 'cmake_args' from command line to 'None'
[1.727s] Level 5:colcon.colcon_core.verb:set package 'robotic_arm_controller' build argument 'cmake_target' from command line to 'None'
[1.727s] Level 5:colcon.colcon_core.verb:set package 'robotic_arm_controller' build argument 'cmake_target_skip_unavailable' from command line to 'False'
[1.727s] Level 5:colcon.colcon_core.verb:set package 'robotic_arm_controller' build argument 'cmake_clean_cache' from command line to 'False'
[1.727s] Level 5:colcon.colcon_core.verb:set package 'robotic_arm_controller' build argument 'cmake_clean_first' from command line to 'False'
[1.727s] Level 5:colcon.colcon_core.verb:set package 'robotic_arm_controller' build argument 'cmake_force_configure' from command line to 'False'
[1.727s] Level 5:colcon.colcon_core.verb:set package 'robotic_arm_controller' build argument 'ament_cmake_args' from command line to 'None'
[1.727s] Level 5:colcon.colcon_core.verb:set package 'robotic_arm_controller' build argument 'catkin_cmake_args' from command line to 'None'
[1.727s] Level 5:colcon.colcon_core.verb:set package 'robotic_arm_controller' build argument 'catkin_skip_building_tests' from command line to 'False'
[1.727s] DEBUG:colcon.colcon_core.verb:Building package 'robotic_arm_controller' with the following arguments: {'ament_cmake_args': None, 'build_base': '/home/jitesh/flipkart_ws/build/robotic_arm_controller', 'catkin_cmake_args': None, 'catkin_skip_building_tests': False, 'cmake_args': None, 'cmake_clean_cache': False, 'cmake_clean_first': False, 'cmake_force_configure': False, 'cmake_target': None, 'cmake_target_skip_unavailable': False, 'install_base': '/home/jitesh/flipkart_ws/install/robotic_arm_controller', 'merge_install': False, 'path': '/home/jitesh/flipkart_ws/src/robotic_arm_controller', 'symlink_install': False, 'test_result_base': None}
[1.742s] Level 5:colcon.colcon_core.verb:set package 'robotic_arm_description' build argument 'cmake_args' from command line to 'None'
[1.742s] Level 5:colcon.colcon_core.verb:set package 'robotic_arm_description' build argument 'cmake_target' from command line to 'None'
[1.742s] Level 5:colcon.colcon_core.verb:set package 'robotic_arm_description' build argument 'cmake_target_skip_unavailable' from command line to 'False'
[1.742s] Level 5:colcon.colcon_core.verb:set package 'robotic_arm_description' build argument 'cmake_clean_cache' from command line to 'False'
[1.742s] Level 5:colcon.colcon_core.verb:set package 'robotic_arm_description' build argument 'cmake_clean_first' from command line to 'False'
[1.742s] Level 5:colcon.colcon_core.verb:set package 'robotic_arm_description' build argument 'cmake_force_configure' from command line to 'False'
[1.743s] Level 5:colcon.colcon_core.verb:set package 'robotic_arm_description' build argument 'ament_cmake_args' from command line to 'None'
[1.743s] Level 5:colcon.colcon_core.verb:set package 'robotic_arm_description' build argument 'catkin_cmake_args' from command line to 'None'
[1.743s] Level 5:colcon.colcon_core.verb:set package 'robotic_arm_description' build argument 'catkin_skip_building_tests' from command line to 'False'
[1.743s] DEBUG:colcon.colcon_core.verb:Building package 'robotic_arm_description' with the following arguments: {'ament_cmake_args': None, 'build_base': '/home/jitesh/flipkart_ws/build/robotic_arm_description', 'catkin_cmake_args': None, 'catkin_skip_building_tests': False, 'cmake_args': None, 'cmake_clean_cache': False, 'cmake_clean_first': False, 'cmake_force_configure': False, 'cmake_target': None, 'cmake_target_skip_unavailable': False, 'install_base': '/home/jitesh/flipkart_ws/install/robotic_arm_description', 'merge_install': False, 'path': '/home/jitesh/flipkart_ws/src/robotic_arm_description', 'symlink_install': False, 'test_result_base': None}
[1.758s] INFO:colcon.colcon_core.executor:Executing jobs using 'parallel' executor
[1.775s] DEBUG:colcon.colcon_parallel_executor.executor.parallel:run_until_complete
[1.775s] INFO:colcon.colcon_ros.task.ament_cmake.build:Building ROS package in '/home/jitesh/flipkart_ws/src/robotic_arm_controller' with build type 'ament_cmake'
[1.775s] INFO:colcon.colcon_cmake.task.cmake.build:Building CMake package in '/home/jitesh/flipkart_ws/src/robotic_arm_controller'
[1.793s] INFO:colcon.colcon_core.plugin_system:Skipping extension 'colcon_core.shell.bat': Not used on non-Windows systems
[1.793s] INFO:colcon.colcon_core.shell:Skip shell extension 'powershell' for command environment: Not usable outside of PowerShell
[1.793s] DEBUG:colcon.colcon_core.shell:Skip shell extension 'dsv' for command environment
[1.897s] INFO:colcon.colcon_ros.task.ament_cmake.build:Building ROS package in '/home/jitesh/flipkart_ws/src/robotic_arm_description' with build type 'ament_cmake'
[1.897s] INFO:colcon.colcon_cmake.task.cmake.build:Building CMake package in '/home/jitesh/flipkart_ws/src/robotic_arm_description'
[1.913s] INFO:colcon.colcon_core.shell:Skip shell extension 'powershell' for command environment: Not usable outside of PowerShell
[1.913s] DEBUG:colcon.colcon_core.shell:Skip shell extension 'dsv' for command environment
[2.025s] DEBUG:colcon.colcon_core.event_handler.log_command:Invoking command in '/home/jitesh/flipkart_ws/build/robotic_arm_controller': CMAKE_PREFIX_PATH=${CMAKE_PREFIX_PATH}:/home/jitesh/ws_moveit2/install/moveit_configs_utils:/home/jitesh/ws_moveit2/install/launch_param_builder:/home/jitesh/bookros2_ws/install/launch_pal:/home/jitesh/bookros2_ws/install/br2_fsm_bumpgo_py:/home/jitesh/roboarm_ws/install/my_robot_arm:/home/jitesh/ros2_ws/install/urdf_tutorial:/home/jitesh/ros2_ws/install/py_srvcli:/home/jitesh/ros2_ws/install/py_pubsub:/home/jitesh/ros2_ws/install/my_robot_controller:/home/jitesh/ros2_ws/install/cpp_pubsub:/opt/ros/humble /usr/bin/cmake --build /home/jitesh/flipkart_ws/build/robotic_arm_controller -- -j12 -l12
[2.032s] DEBUG:colcon.colcon_core.event_handler.log_command:Invoking command in '/home/jitesh/flipkart_ws/build/robotic_arm_description': CMAKE_PREFIX_PATH=${CMAKE_PREFIX_PATH}:/home/jitesh/ws_moveit2/install/moveit_configs_utils:/home/jitesh/ws_moveit2/install/launch_param_builder:/home/jitesh/bookros2_ws/install/launch_pal:/home/jitesh/bookros2_ws/install/br2_fsm_bumpgo_py:/home/jitesh/roboarm_ws/install/my_robot_arm:/home/jitesh/ros2_ws/install/urdf_tutorial:/home/jitesh/ros2_ws/install/py_srvcli:/home/jitesh/ros2_ws/install/py_pubsub:/home/jitesh/ros2_ws/install/my_robot_controller:/home/jitesh/ros2_ws/install/cpp_pubsub:/opt/ros/humble /usr/bin/cmake --build /home/jitesh/flipkart_ws/build/robotic_arm_description -- -j12 -l12
[2.113s] DEBUG:colcon.colcon_core.event_handler.log_command:Invoked command in '/home/jitesh/flipkart_ws/build/robotic_arm_controller' returned '0': CMAKE_PREFIX_PATH=${CMAKE_PREFIX_PATH}:/home/jitesh/ws_moveit2/install/moveit_configs_utils:/home/jitesh/ws_moveit2/install/launch_param_builder:/home/jitesh/bookros2_ws/install/launch_pal:/home/jitesh/bookros2_ws/install/br2_fsm_bumpgo_py:/home/jitesh/roboarm_ws/install/my_robot_arm:/home/jitesh/ros2_ws/install/urdf_tutorial:/home/jitesh/ros2_ws/install/py_srvcli:/home/jitesh/ros2_ws/install/py_pubsub:/home/jitesh/ros2_ws/install/my_robot_controller:/home/jitesh/ros2_ws/install/cpp_pubsub:/opt/ros/humble /usr/bin/cmake --build /home/jitesh/flipkart_ws/build/robotic_arm_controller -- -j12 -l12
[2.193s] DEBUG:colcon.colcon_core.event_handler.log_command:Invoking command in '/home/jitesh/flipkart_ws/build/robotic_arm_controller': CMAKE_PREFIX_PATH=${CMAKE_PREFIX_PATH}:/home/jitesh/ws_moveit2/install/moveit_configs_utils:/home/jitesh/ws_moveit2/install/launch_param_builder:/home/jitesh/bookros2_ws/install/launch_pal:/home/jitesh/bookros2_ws/install/br2_fsm_bumpgo_py:/home/jitesh/roboarm_ws/install/my_robot_arm:/home/jitesh/ros2_ws/install/urdf_tutorial:/home/jitesh/ros2_ws/install/py_srvcli:/home/jitesh/ros2_ws/install/py_pubsub:/home/jitesh/ros2_ws/install/my_robot_controller:/home/jitesh/ros2_ws/install/cpp_pubsub:/opt/ros/humble /usr/bin/cmake --install /home/jitesh/flipkart_ws/build/robotic_arm_controller
[2.211s] Level 1:colcon.colcon_core.environment:create_environment_scripts_only(robotic_arm_controller)
[2.212s] DEBUG:colcon.colcon_core.event_handler.log_command:Invoked command in '/home/jitesh/flipkart_ws/build/robotic_arm_controller' returned '0': CMAKE_PREFIX_PATH=${CMAKE_PREFIX_PATH}:/home/jitesh/ws_moveit2/install/moveit_configs_utils:/home/jitesh/ws_moveit2/install/launch_param_builder:/home/jitesh/bookros2_ws/install/launch_pal:/home/jitesh/bookros2_ws/install/br2_fsm_bumpgo_py:/home/jitesh/roboarm_ws/install/my_robot_arm:/home/jitesh/ros2_ws/install/urdf_tutorial:/home/jitesh/ros2_ws/install/py_srvcli:/home/jitesh/ros2_ws/install/py_pubsub:/home/jitesh/ros2_ws/install/my_robot_controller:/home/jitesh/ros2_ws/install/cpp_pubsub:/opt/ros/humble /usr/bin/cmake --install /home/jitesh/flipkart_ws/build/robotic_arm_controller
[2.229s] Level 1:colcon.colcon_core.environment:checking '/home/jitesh/flipkart_ws/install/robotic_arm_controller' for CMake module files
[2.229s] Level 1:colcon.colcon_core.environment:checking '/home/jitesh/flipkart_ws/install/robotic_arm_controller' for CMake config files
[2.229s] Level 1:colcon.colcon_core.shell:create_environment_hook('robotic_arm_controller', 'cmake_prefix_path')
[2.247s] INFO:colcon.colcon_core.shell:Creating environment hook '/home/jitesh/flipkart_ws/install/robotic_arm_controller/share/robotic_arm_controller/hook/cmake_prefix_path.ps1'
[2.248s] INFO:colcon.colcon_core.shell:Creating environment descriptor '/home/jitesh/flipkart_ws/install/robotic_arm_controller/share/robotic_arm_controller/hook/cmake_prefix_path.dsv'
[2.249s] INFO:colcon.colcon_core.shell:Creating environment hook '/home/jitesh/flipkart_ws/install/robotic_arm_controller/share/robotic_arm_controller/hook/cmake_prefix_path.sh'
[2.250s] Level 1:colcon.colcon_core.environment:checking '/home/jitesh/flipkart_ws/install/robotic_arm_controller/bin'
[2.250s] Level 1:colcon.colcon_core.environment:checking '/home/jitesh/flipkart_ws/install/robotic_arm_controller/lib/pkgconfig/robotic_arm_controller.pc'
[2.250s] Level 1:colcon.colcon_core.environment:checking '/home/jitesh/flipkart_ws/install/robotic_arm_controller/lib/python3.10/site-packages'
[2.250s] Level 1:colcon.colcon_core.environment:checking '/home/jitesh/flipkart_ws/install/robotic_arm_controller/bin'
[2.266s] INFO:colcon.colcon_core.shell:Creating package script '/home/jitesh/flipkart_ws/install/robotic_arm_controller/share/robotic_arm_controller/package.ps1'
[2.267s] INFO:colcon.colcon_core.shell:Creating package descriptor '/home/jitesh/flipkart_ws/install/robotic_arm_controller/share/robotic_arm_controller/package.dsv'
[2.267s] INFO:colcon.colcon_core.shell:Creating package script '/home/jitesh/flipkart_ws/install/robotic_arm_controller/share/robotic_arm_controller/package.sh'
[2.268s] INFO:colcon.colcon_core.shell:Creating package script '/home/jitesh/flipkart_ws/install/robotic_arm_controller/share/robotic_arm_controller/package.bash'
[2.268s] INFO:colcon.colcon_core.shell:Creating package script '/home/jitesh/flipkart_ws/install/robotic_arm_controller/share/robotic_arm_controller/package.zsh'
[2.269s] Level 1:colcon.colcon_core.environment:create_file_with_runtime_dependencies(/home/jitesh/flipkart_ws/install/robotic_arm_controller/share/colcon-core/packages/robotic_arm_controller)
[2.351s] Level 1:colcon.colcon_core.environment:create_environment_scripts_only(robotic_arm_controller)
[2.367s] Level 1:colcon.colcon_core.environment:checking '/home/jitesh/flipkart_ws/install/robotic_arm_controller' for CMake module files
[2.368s] Level 1:colcon.colcon_core.environment:checking '/home/jitesh/flipkart_ws/install/robotic_arm_controller' for CMake config files
[2.368s] Level 1:colcon.colcon_core.shell:create_environment_hook('robotic_arm_controller', 'cmake_prefix_path')
[2.384s] INFO:colcon.colcon_core.shell:Creating environment hook '/home/jitesh/flipkart_ws/install/robotic_arm_controller/share/robotic_arm_controller/hook/cmake_prefix_path.ps1'
[2.384s] INFO:colcon.colcon_core.shell:Creating environment descriptor '/home/jitesh/flipkart_ws/install/robotic_arm_controller/share/robotic_arm_controller/hook/cmake_prefix_path.dsv'
[2.384s] INFO:colcon.colcon_core.shell:Creating environment hook '/home/jitesh/flipkart_ws/install/robotic_arm_controller/share/robotic_arm_controller/hook/cmake_prefix_path.sh'
[2.385s] Level 1:colcon.colcon_core.environment:checking '/home/jitesh/flipkart_ws/install/robotic_arm_controller/bin'
[2.385s] Level 1:colcon.colcon_core.environment:checking '/home/jitesh/flipkart_ws/install/robotic_arm_controller/lib/pkgconfig/robotic_arm_controller.pc'
[2.385s] Level 1:colcon.colcon_core.environment:checking '/home/jitesh/flipkart_ws/install/robotic_arm_controller/lib/python3.10/site-packages'
[2.385s] Level 1:colcon.colcon_core.environment:checking '/home/jitesh/flipkart_ws/install/robotic_arm_controller/bin'
[2.401s] INFO:colcon.colcon_core.shell:Creating package script '/home/jitesh/flipkart_ws/install/robotic_arm_controller/share/robotic_arm_controller/package.ps1'
[2.401s] INFO:colcon.colcon_core.shell:Creating package descriptor '/home/jitesh/flipkart_ws/install/robotic_arm_controller/share/robotic_arm_controller/package.dsv'
[2.402s] INFO:colcon.colcon_core.shell:Creating package script '/home/jitesh/flipkart_ws/install/robotic_arm_controller/share/robotic_arm_controller/package.sh'
[2.402s] INFO:colcon.colcon_core.shell:Creating package script '/home/jitesh/flipkart_ws/install/robotic_arm_controller/share/robotic_arm_controller/package.bash'
[2.402s] INFO:colcon.colcon_core.shell:Creating package script '/home/jitesh/flipkart_ws/install/robotic_arm_controller/share/robotic_arm_controller/package.zsh'
[2.403s] Level 1:colcon.colcon_core.environment:create_file_with_runtime_dependencies(/home/jitesh/flipkart_ws/install/robotic_arm_controller/share/colcon-core/packages/robotic_arm_controller)
[2.404s] DEBUG:colcon.colcon_core.event_handler.log_command:Invoked command in '/home/jitesh/flipkart_ws/build/robotic_arm_description' returned '0': CMAKE_PREFIX_PATH=${CMAKE_PREFIX_PATH}:/home/jitesh/ws_moveit2/install/moveit_configs_utils:/home/jitesh/ws_moveit2/install/launch_param_builder:/home/jitesh/bookros2_ws/install/launch_pal:/home/jitesh/bookros2_ws/install/br2_fsm_bumpgo_py:/home/jitesh/roboarm_ws/install/my_robot_arm:/home/jitesh/ros2_ws/install/urdf_tutorial:/home/jitesh/ros2_ws/install/py_srvcli:/home/jitesh/ros2_ws/install/py_pubsub:/home/jitesh/ros2_ws/install/my_robot_controller:/home/jitesh/ros2_ws/install/cpp_pubsub:/opt/ros/humble /usr/bin/cmake --build /home/jitesh/flipkart_ws/build/robotic_arm_description -- -j12 -l12
[2.470s] DEBUG:colcon.colcon_core.event_handler.log_command:Invoking command in '/home/jitesh/flipkart_ws/build/robotic_arm_description': CMAKE_PREFIX_PATH=${CMAKE_PREFIX_PATH}:/home/jitesh/ws_moveit2/install/moveit_configs_utils:/home/jitesh/ws_moveit2/install/launch_param_builder:/home/jitesh/bookros2_ws/install/launch_pal:/home/jitesh/bookros2_ws/install/br2_fsm_bumpgo_py:/home/jitesh/roboarm_ws/install/my_robot_arm:/home/jitesh/ros2_ws/install/urdf_tutorial:/home/jitesh/ros2_ws/install/py_srvcli:/home/jitesh/ros2_ws/install/py_pubsub:/home/jitesh/ros2_ws/install/my_robot_controller:/home/jitesh/ros2_ws/install/cpp_pubsub:/opt/ros/humble /usr/bin/cmake --install /home/jitesh/flipkart_ws/build/robotic_arm_description
[2.493s] Level 1:colcon.colcon_core.environment:create_environment_scripts_only(robotic_arm_description)
[2.494s] DEBUG:colcon.colcon_core.event_handler.log_command:Invoked command in '/home/jitesh/flipkart_ws/build/robotic_arm_description' returned '0': CMAKE_PREFIX_PATH=${CMAKE_PREFIX_PATH}:/home/jitesh/ws_moveit2/install/moveit_configs_utils:/home/jitesh/ws_moveit2/install/launch_param_builder:/home/jitesh/bookros2_ws/install/launch_pal:/home/jitesh/bookros2_ws/install/br2_fsm_bumpgo_py:/home/jitesh/roboarm_ws/install/my_robot_arm:/home/jitesh/ros2_ws/install/urdf_tutorial:/home/jitesh/ros2_ws/install/py_srvcli:/home/jitesh/ros2_ws/install/py_pubsub:/home/jitesh/ros2_ws/install/my_robot_controller:/home/jitesh/ros2_ws/install/cpp_pubsub:/opt/ros/humble /usr/bin/cmake --install /home/jitesh/flipkart_ws/build/robotic_arm_description
[2.510s] Level 1:colcon.colcon_core.environment:checking '/home/jitesh/flipkart_ws/install/robotic_arm_description' for CMake module files
[2.511s] Level 1:colcon.colcon_core.environment:checking '/home/jitesh/flipkart_ws/install/robotic_arm_description' for CMake config files
[2.511s] Level 1:colcon.colcon_core.shell:create_environment_hook('robotic_arm_description', 'cmake_prefix_path')
[2.527s] INFO:colcon.colcon_core.shell:Creating environment hook '/home/jitesh/flipkart_ws/install/robotic_arm_description/share/robotic_arm_description/hook/cmake_prefix_path.ps1'
[2.527s] INFO:colcon.colcon_core.shell:Creating environment descriptor '/home/jitesh/flipkart_ws/install/robotic_arm_description/share/robotic_arm_description/hook/cmake_prefix_path.dsv'
[2.527s] INFO:colcon.colcon_core.shell:Creating environment hook '/home/jitesh/flipkart_ws/install/robotic_arm_description/share/robotic_arm_description/hook/cmake_prefix_path.sh'
[2.528s] Level 1:colcon.colcon_core.environment:checking '/home/jitesh/flipkart_ws/install/robotic_arm_description/bin'
[2.528s] Level 1:colcon.colcon_core.environment:checking '/home/jitesh/flipkart_ws/install/robotic_arm_description/lib/pkgconfig/robotic_arm_description.pc'
[2.528s] Level 1:colcon.colcon_core.environment:checking '/home/jitesh/flipkart_ws/install/robotic_arm_description/lib/python3.10/site-packages'
[2.528s] Level 1:colcon.colcon_core.environment:checking '/home/jitesh/flipkart_ws/install/robotic_arm_description/bin'
[2.545s] INFO:colcon.colcon_core.shell:Creating package script '/home/jitesh/flipkart_ws/install/robotic_arm_description/share/robotic_arm_description/package.ps1'
[2.546s] INFO:colcon.colcon_core.shell:Creating package descriptor '/home/jitesh/flipkart_ws/install/robotic_arm_description/share/robotic_arm_description/package.dsv'
[2.546s] INFO:colcon.colcon_core.shell:Creating package script '/home/jitesh/flipkart_ws/install/robotic_arm_description/share/robotic_arm_description/package.sh'
[2.546s] INFO:colcon.colcon_core.shell:Creating package script '/home/jitesh/flipkart_ws/install/robotic_arm_description/share/robotic_arm_description/package.bash'
[2.547s] INFO:colcon.colcon_core.shell:Creating package script '/home/jitesh/flipkart_ws/install/robotic_arm_description/share/robotic_arm_description/package.zsh'
[2.547s] Level 1:colcon.colcon_core.environment:create_file_with_runtime_dependencies(/home/jitesh/flipkart_ws/install/robotic_arm_description/share/colcon-core/packages/robotic_arm_description)
[2.631s] Level 1:colcon.colcon_core.environment:create_environment_scripts_only(robotic_arm_description)
[2.647s] Level 1:colcon.colcon_core.environment:checking '/home/jitesh/flipkart_ws/install/robotic_arm_description' for CMake module files
[2.647s] Level 1:colcon.colcon_core.environment:checking '/home/jitesh/flipkart_ws/install/robotic_arm_description' for CMake config files
[2.647s] Level 1:colcon.colcon_core.shell:create_environment_hook('robotic_arm_description', 'cmake_prefix_path')
[2.663s] INFO:colcon.colcon_core.shell:Creating environment hook '/home/jitesh/flipkart_ws/install/robotic_arm_description/share/robotic_arm_description/hook/cmake_prefix_path.ps1'
[2.663s] INFO:colcon.colcon_core.shell:Creating environment descriptor '/home/jitesh/flipkart_ws/install/robotic_arm_description/share/robotic_arm_description/hook/cmake_prefix_path.dsv'
[2.663s] INFO:colcon.colcon_core.shell:Creating environment hook '/home/jitesh/flipkart_ws/install/robotic_arm_description/share/robotic_arm_description/hook/cmake_prefix_path.sh'
[2.664s] Level 1:colcon.colcon_core.environment:checking '/home/jitesh/flipkart_ws/install/robotic_arm_description/bin'
[2.664s] Level 1:colcon.colcon_core.environment:checking '/home/jitesh/flipkart_ws/install/robotic_arm_description/lib/pkgconfig/robotic_arm_description.pc'
[2.664s] Level 1:colcon.colcon_core.environment:checking '/home/jitesh/flipkart_ws/install/robotic_arm_description/lib/python3.10/site-packages'
[2.664s] Level 1:colcon.colcon_core.environment:checking '/home/jitesh/flipkart_ws/install/robotic_arm_description/bin'
[2.680s] INFO:colcon.colcon_core.shell:Creating package script '/home/jitesh/flipkart_ws/install/robotic_arm_description/share/robotic_arm_description/package.ps1'
[2.680s] INFO:colcon.colcon_core.shell:Creating package descriptor '/home/jitesh/flipkart_ws/install/robotic_arm_description/share/robotic_arm_description/package.dsv'
[2.681s] INFO:colcon.colcon_core.shell:Creating package script '/home/jitesh/flipkart_ws/install/robotic_arm_description/share/robotic_arm_description/package.sh'
[2.681s] INFO:colcon.colcon_core.shell:Creating package script '/home/jitesh/flipkart_ws/install/robotic_arm_description/share/robotic_arm_description/package.bash'
[2.681s] INFO:colcon.colcon_core.shell:Creating package script '/home/jitesh/flipkart_ws/install/robotic_arm_description/share/robotic_arm_description/package.zsh'
[2.682s] Level 1:colcon.colcon_core.environment:create_file_with_runtime_dependencies(/home/jitesh/flipkart_ws/install/robotic_arm_description/share/colcon-core/packages/robotic_arm_description)
[2.682s] DEBUG:colcon.colcon_parallel_executor.executor.parallel:closing loop
[2.682s] DEBUG:colcon.colcon_parallel_executor.executor.parallel:loop closed
[2.682s] DEBUG:colcon.colcon_parallel_executor.executor.parallel:run_until_complete finished with '0'
[2.682s] DEBUG:colcon.colcon_core.event_reactor:joining thread
[2.705s] INFO:colcon.colcon_core.plugin_system:Skipping extension 'colcon_notification.desktop_notification.terminal_notifier': Not used on non-Darwin systems
[2.705s] INFO:colcon.colcon_core.plugin_system:Skipping extension 'colcon_notification.desktop_notification.win32': Not used on non-Windows systems
[2.705s] INFO:colcon.colcon_notification.desktop_notification:Sending desktop notification using 'notify2'
[2.719s] DEBUG:colcon.colcon_core.event_reactor:joined thread
[2.735s] INFO:colcon.colcon_core.shell:Creating prefix script '/home/jitesh/flipkart_ws/install/local_setup.ps1'
[2.736s] INFO:colcon.colcon_core.shell:Creating prefix util module '/home/jitesh/flipkart_ws/install/_local_setup_util_ps1.py'
[2.737s] INFO:colcon.colcon_core.shell:Creating prefix chain script '/home/jitesh/flipkart_ws/install/setup.ps1'
[2.758s] INFO:colcon.colcon_core.shell:Creating prefix script '/home/jitesh/flipkart_ws/install/local_setup.sh'
[2.758s] INFO:colcon.colcon_core.shell:Creating prefix util module '/home/jitesh/flipkart_ws/install/_local_setup_util_sh.py'
[2.758s] INFO:colcon.colcon_core.shell:Creating prefix chain script '/home/jitesh/flipkart_ws/install/setup.sh'
[2.779s] INFO:colcon.colcon_core.shell:Creating prefix script '/home/jitesh/flipkart_ws/install/local_setup.bash'
[2.779s] INFO:colcon.colcon_core.shell:Creating prefix chain script '/home/jitesh/flipkart_ws/install/setup.bash'
[2.800s] INFO:colcon.colcon_core.shell:Creating prefix script '/home/jitesh/flipkart_ws/install/local_setup.zsh'
[2.800s] INFO:colcon.colcon_core.shell:Creating prefix chain script '/home/jitesh/flipkart_ws/install/setup.zsh'
