/home/jitesh/flipkart_ws/install/my_cam_scripts/lib/python3.10/site-packages/my_cam_scripts/xyz_publisher.py
/home/jitesh/flipkart_ws/install/my_cam_scripts/lib/python3.10/site-packages/my_cam_scripts/trial.py
/home/jitesh/flipkart_ws/install/my_cam_scripts/lib/python3.10/site-packages/my_cam_scripts/get_image.py
/home/jitesh/flipkart_ws/install/my_cam_scripts/lib/python3.10/site-packages/my_cam_scripts/pub_image.py
/home/jitesh/flipkart_ws/install/my_cam_scripts/lib/python3.10/site-packages/my_cam_scripts/pub_image_try.py
/home/jitesh/flipkart_ws/install/my_cam_scripts/lib/python3.10/site-packages/my_cam_scripts/realsense_depth.py
/home/jitesh/flipkart_ws/install/my_cam_scripts/lib/python3.10/site-packages/my_cam_scripts/temp.py
/home/jitesh/flipkart_ws/install/my_cam_scripts/lib/python3.10/site-packages/my_cam_scripts/ros_to_arduino.py
/home/jitesh/flipkart_ws/install/my_cam_scripts/lib/python3.10/site-packages/my_cam_scripts/get_image_integrated.py
/home/jitesh/flipkart_ws/install/my_cam_scripts/lib/python3.10/site-packages/my_cam_scripts/__init__.py
/home/jitesh/flipkart_ws/install/my_cam_scripts/lib/python3.10/site-packages/my_cam_scripts/__pycache__/xyz_publisher.cpython-310.pyc
/home/jitesh/flipkart_ws/install/my_cam_scripts/lib/python3.10/site-packages/my_cam_scripts/__pycache__/trial.cpython-310.pyc
/home/jitesh/flipkart_ws/install/my_cam_scripts/lib/python3.10/site-packages/my_cam_scripts/__pycache__/get_image.cpython-310.pyc
/home/jitesh/flipkart_ws/install/my_cam_scripts/lib/python3.10/site-packages/my_cam_scripts/__pycache__/pub_image.cpython-310.pyc
/home/jitesh/flipkart_ws/install/my_cam_scripts/lib/python3.10/site-packages/my_cam_scripts/__pycache__/pub_image_try.cpython-310.pyc
/home/jitesh/flipkart_ws/install/my_cam_scripts/lib/python3.10/site-packages/my_cam_scripts/__pycache__/realsense_depth.cpython-310.pyc
/home/jitesh/flipkart_ws/install/my_cam_scripts/lib/python3.10/site-packages/my_cam_scripts/__pycache__/temp.cpython-310.pyc
/home/jitesh/flipkart_ws/install/my_cam_scripts/lib/python3.10/site-packages/my_cam_scripts/__pycache__/ros_to_arduino.cpython-310.pyc
/home/jitesh/flipkart_ws/install/my_cam_scripts/lib/python3.10/site-packages/my_cam_scripts/__pycache__/get_image_integrated.cpython-310.pyc
/home/jitesh/flipkart_ws/install/my_cam_scripts/lib/python3.10/site-packages/my_cam_scripts/__pycache__/__init__.cpython-310.pyc
/home/jitesh/flipkart_ws/install/my_cam_scripts/share/ament_index/resource_index/packages/my_cam_scripts
/home/jitesh/flipkart_ws/install/my_cam_scripts/share/my_cam_scripts/package.xml
/home/jitesh/flipkart_ws/install/my_cam_scripts/lib/python3.10/site-packages/my_cam_scripts-0.0.0-py3.10.egg-info/zip-safe
/home/jitesh/flipkart_ws/install/my_cam_scripts/lib/python3.10/site-packages/my_cam_scripts-0.0.0-py3.10.egg-info/top_level.txt
/home/jitesh/flipkart_ws/install/my_cam_scripts/lib/python3.10/site-packages/my_cam_scripts-0.0.0-py3.10.egg-info/PKG-INFO
/home/jitesh/flipkart_ws/install/my_cam_scripts/lib/python3.10/site-packages/my_cam_scripts-0.0.0-py3.10.egg-info/dependency_links.txt
/home/jitesh/flipkart_ws/install/my_cam_scripts/lib/python3.10/site-packages/my_cam_scripts-0.0.0-py3.10.egg-info/SOURCES.txt
/home/jitesh/flipkart_ws/install/my_cam_scripts/lib/python3.10/site-packages/my_cam_scripts-0.0.0-py3.10.egg-info/requires.txt
/home/jitesh/flipkart_ws/install/my_cam_scripts/lib/python3.10/site-packages/my_cam_scripts-0.0.0-py3.10.egg-info/entry_points.txt
/home/jitesh/flipkart_ws/install/my_cam_scripts/lib/my_cam_scripts/get_image
/home/jitesh/flipkart_ws/install/my_cam_scripts/lib/my_cam_scripts/get_image_integrated
/home/jitesh/flipkart_ws/install/my_cam_scripts/lib/my_cam_scripts/pub_image
/home/jitesh/flipkart_ws/install/my_cam_scripts/lib/my_cam_scripts/pub_image_try
/home/jitesh/flipkart_ws/install/my_cam_scripts/lib/my_cam_scripts/ros_to_arduino
/home/jitesh/flipkart_ws/install/my_cam_scripts/lib/my_cam_scripts/trial
/home/jitesh/flipkart_ws/install/my_cam_scripts/lib/my_cam_scripts/xyz_publisher
