running egg_info
writing ../../build/my_cam_scripts/my_cam_scripts.egg-info/PKG-INFO
writing dependency_links to ../../build/my_cam_scripts/my_cam_scripts.egg-info/dependency_links.txt
writing entry points to ../../build/my_cam_scripts/my_cam_scripts.egg-info/entry_points.txt
writing requirements to ../../build/my_cam_scripts/my_cam_scripts.egg-info/requires.txt
writing top-level names to ../../build/my_cam_scripts/my_cam_scripts.egg-info/top_level.txt
reading manifest file '../../build/my_cam_scripts/my_cam_scripts.egg-info/SOURCES.txt'
writing manifest file '../../build/my_cam_scripts/my_cam_scripts.egg-info/SOURCES.txt'
running build
running build_py
copying my_cam_scripts/get_image.py -> /home/jitesh/flipkart_ws/build/my_cam_scripts/build/lib/my_cam_scripts
copying my_cam_scripts/pub_image.py -> /home/jitesh/flipkart_ws/build/my_cam_scripts/build/lib/my_cam_scripts
copying my_cam_scripts/temp.py -> /home/jitesh/flipkart_ws/build/my_cam_scripts/build/lib/my_cam_scripts
running install
running install_lib
copying /home/jitesh/flipkart_ws/build/my_cam_scripts/build/lib/my_cam_scripts/get_image.py -> /home/jitesh/flipkart_ws/install/my_cam_scripts/lib/python3.10/site-packages/my_cam_scripts
copying /home/jitesh/flipkart_ws/build/my_cam_scripts/build/lib/my_cam_scripts/pub_image.py -> /home/jitesh/flipkart_ws/install/my_cam_scripts/lib/python3.10/site-packages/my_cam_scripts
copying /home/jitesh/flipkart_ws/build/my_cam_scripts/build/lib/my_cam_scripts/temp.py -> /home/jitesh/flipkart_ws/install/my_cam_scripts/lib/python3.10/site-packages/my_cam_scripts
byte-compiling /home/jitesh/flipkart_ws/install/my_cam_scripts/lib/python3.10/site-packages/my_cam_scripts/get_image.py to get_image.cpython-310.pyc
byte-compiling /home/jitesh/flipkart_ws/install/my_cam_scripts/lib/python3.10/site-packages/my_cam_scripts/pub_image.py to pub_image.cpython-310.pyc
byte-compiling /home/jitesh/flipkart_ws/install/my_cam_scripts/lib/python3.10/site-packages/my_cam_scripts/temp.py to temp.cpython-310.pyc
running install_data
running install_egg_info
removing '/home/jitesh/flipkart_ws/install/my_cam_scripts/lib/python3.10/site-packages/my_cam_scripts-0.0.0-py3.10.egg-info' (and everything under it)
Copying ../../build/my_cam_scripts/my_cam_scripts.egg-info to /home/jitesh/flipkart_ws/install/my_cam_scripts/lib/python3.10/site-packages/my_cam_scripts-0.0.0-py3.10.egg-info
running install_scripts
Installing get_image script to /home/jitesh/flipkart_ws/install/my_cam_scripts/lib/my_cam_scripts
Installing get_image_integrated script to /home/jitesh/flipkart_ws/install/my_cam_scripts/lib/my_cam_scripts
Installing pub_image script to /home/jitesh/flipkart_ws/install/my_cam_scripts/lib/my_cam_scripts
Installing pub_image_try script to /home/jitesh/flipkart_ws/install/my_cam_scripts/lib/my_cam_scripts
Installing ros_to_arduino script to /home/jitesh/flipkart_ws/install/my_cam_scripts/lib/my_cam_scripts
Installing trial script to /home/jitesh/flipkart_ws/install/my_cam_scripts/lib/my_cam_scripts
writing list of installed files to '/home/jitesh/flipkart_ws/build/my_cam_scripts/install.log'
