[0.206s] Invoking command in '/home/jitesh/flipkart_ws/build/yolov8_bringup': AMENT_PREFIX_PATH=/home/jitesh/flipkart_ws/install/yolov8_ros:${AMENT_PREFIX_PATH} CMAKE_PREFIX_PATH=${CMAKE_PREFIX_PATH}:/home/jitesh/ws_moveit2/install/moveit_configs_utils:/home/jitesh/ws_moveit2/install/launch_param_builder:/home/jitesh/bookros2_ws/install/launch_pal:/home/jitesh/bookros2_ws/install/br2_fsm_bumpgo_py:/home/jitesh/roboarm_ws/install/my_robot_arm:/home/jitesh/ros2_ws/install/urdf_tutorial:/home/jitesh/ros2_ws/install/py_srvcli:/home/jitesh/ros2_ws/install/py_pubsub:/home/jitesh/ros2_ws/install/my_robot_controller:/home/jitesh/ros2_ws/install/cpp_pubsub:/opt/ros/humble PYTHONPATH=/home/jitesh/flipkart_ws/install/yolov8_ros/lib/python3.10/site-packages:${PYTHONPATH} /usr/bin/cmake /home/jitesh/flipkart_ws/src/yolov8_ros/yolov8_bringup -DCMAKE_INSTALL_PREFIX=/home/jitesh/flipkart_ws/install/yolov8_bringup
[0.309s] -- The C compiler identification is GNU 11.4.0
[0.392s] -- The CXX compiler identification is GNU 11.4.0
[0.403s] -- Detecting C compiler ABI info
[0.543s] -- Detecting C compiler ABI info - done
[0.550s] -- Check for working C compiler: /usr/bin/cc - skipped
[0.550s] -- Detecting C compile features
[0.550s] -- Detecting C compile features - done
[0.555s] -- Detecting CXX compiler ABI info
[0.704s] -- Detecting CXX compiler ABI info - done
[0.716s] -- Check for working CXX compiler: /usr/bin/c++ - skipped
[0.716s] -- Detecting CXX compile features
[0.717s] -- Detecting CXX compile features - done
[0.742s] -- Found ament_cmake: 1.3.6 (/opt/ros/humble/share/ament_cmake/cmake)
[1.291s] -- Found Python3: /usr/bin/python3.10 (found version "3.10.12") found components: Interpreter 
[1.786s] -- Configuring done
[1.793s] -- Generating done
[1.804s] -- Build files have been written to: /home/jitesh/flipkart_ws/build/yolov8_bringup
[1.816s] Invoked command in '/home/jitesh/flipkart_ws/build/yolov8_bringup' returned '0': AMENT_PREFIX_PATH=/home/jitesh/flipkart_ws/install/yolov8_ros:${AMENT_PREFIX_PATH} CMAKE_PREFIX_PATH=${CMAKE_PREFIX_PATH}:/home/jitesh/ws_moveit2/install/moveit_configs_utils:/home/jitesh/ws_moveit2/install/launch_param_builder:/home/jitesh/bookros2_ws/install/launch_pal:/home/jitesh/bookros2_ws/install/br2_fsm_bumpgo_py:/home/jitesh/roboarm_ws/install/my_robot_arm:/home/jitesh/ros2_ws/install/urdf_tutorial:/home/jitesh/ros2_ws/install/py_srvcli:/home/jitesh/ros2_ws/install/py_pubsub:/home/jitesh/ros2_ws/install/my_robot_controller:/home/jitesh/ros2_ws/install/cpp_pubsub:/opt/ros/humble PYTHONPATH=/home/jitesh/flipkart_ws/install/yolov8_ros/lib/python3.10/site-packages:${PYTHONPATH} /usr/bin/cmake /home/jitesh/flipkart_ws/src/yolov8_ros/yolov8_bringup -DCMAKE_INSTALL_PREFIX=/home/jitesh/flipkart_ws/install/yolov8_bringup
[1.820s] Invoking command in '/home/jitesh/flipkart_ws/build/yolov8_bringup': AMENT_PREFIX_PATH=/home/jitesh/flipkart_ws/install/yolov8_ros:${AMENT_PREFIX_PATH} CMAKE_PREFIX_PATH=${CMAKE_PREFIX_PATH}:/home/jitesh/ws_moveit2/install/moveit_configs_utils:/home/jitesh/ws_moveit2/install/launch_param_builder:/home/jitesh/bookros2_ws/install/launch_pal:/home/jitesh/bookros2_ws/install/br2_fsm_bumpgo_py:/home/jitesh/roboarm_ws/install/my_robot_arm:/home/jitesh/ros2_ws/install/urdf_tutorial:/home/jitesh/ros2_ws/install/py_srvcli:/home/jitesh/ros2_ws/install/py_pubsub:/home/jitesh/ros2_ws/install/my_robot_controller:/home/jitesh/ros2_ws/install/cpp_pubsub:/opt/ros/humble PYTHONPATH=/home/jitesh/flipkart_ws/install/yolov8_ros/lib/python3.10/site-packages:${PYTHONPATH} /usr/bin/cmake --build /home/jitesh/flipkart_ws/build/yolov8_bringup -- -j12 -l12
[1.970s] Invoked command in '/home/jitesh/flipkart_ws/build/yolov8_bringup' returned '0': AMENT_PREFIX_PATH=/home/jitesh/flipkart_ws/install/yolov8_ros:${AMENT_PREFIX_PATH} CMAKE_PREFIX_PATH=${CMAKE_PREFIX_PATH}:/home/jitesh/ws_moveit2/install/moveit_configs_utils:/home/jitesh/ws_moveit2/install/launch_param_builder:/home/jitesh/bookros2_ws/install/launch_pal:/home/jitesh/bookros2_ws/install/br2_fsm_bumpgo_py:/home/jitesh/roboarm_ws/install/my_robot_arm:/home/jitesh/ros2_ws/install/urdf_tutorial:/home/jitesh/ros2_ws/install/py_srvcli:/home/jitesh/ros2_ws/install/py_pubsub:/home/jitesh/ros2_ws/install/my_robot_controller:/home/jitesh/ros2_ws/install/cpp_pubsub:/opt/ros/humble PYTHONPATH=/home/jitesh/flipkart_ws/install/yolov8_ros/lib/python3.10/site-packages:${PYTHONPATH} /usr/bin/cmake --build /home/jitesh/flipkart_ws/build/yolov8_bringup -- -j12 -l12
[2.064s] Invoking command in '/home/jitesh/flipkart_ws/build/yolov8_bringup': AMENT_PREFIX_PATH=/home/jitesh/flipkart_ws/install/yolov8_ros:${AMENT_PREFIX_PATH} CMAKE_PREFIX_PATH=${CMAKE_PREFIX_PATH}:/home/jitesh/ws_moveit2/install/moveit_configs_utils:/home/jitesh/ws_moveit2/install/launch_param_builder:/home/jitesh/bookros2_ws/install/launch_pal:/home/jitesh/bookros2_ws/install/br2_fsm_bumpgo_py:/home/jitesh/roboarm_ws/install/my_robot_arm:/home/jitesh/ros2_ws/install/urdf_tutorial:/home/jitesh/ros2_ws/install/py_srvcli:/home/jitesh/ros2_ws/install/py_pubsub:/home/jitesh/ros2_ws/install/my_robot_controller:/home/jitesh/ros2_ws/install/cpp_pubsub:/opt/ros/humble PYTHONPATH=/home/jitesh/flipkart_ws/install/yolov8_ros/lib/python3.10/site-packages:${PYTHONPATH} /usr/bin/cmake --install /home/jitesh/flipkart_ws/build/yolov8_bringup
[2.090s] -- Install configuration: ""
[2.090s] -- Installing: /home/jitesh/flipkart_ws/install/yolov8_bringup/share/yolov8_bringup//launch
[2.090s] -- Installing: /home/jitesh/flipkart_ws/install/yolov8_bringup/share/yolov8_bringup//launch/yolov8_3d.launch.py
[2.091s] -- Installing: /home/jitesh/flipkart_ws/install/yolov8_bringup/share/yolov8_bringup//launch/yolov8.launch.py
[2.091s] -- Installing: /home/jitesh/flipkart_ws/install/yolov8_bringup/share/ament_index/resource_index/package_run_dependencies/yolov8_bringup
[2.091s] -- Installing: /home/jitesh/flipkart_ws/install/yolov8_bringup/share/ament_index/resource_index/parent_prefix_path/yolov8_bringup
[2.093s] -- Installing: /home/jitesh/flipkart_ws/install/yolov8_bringup/share/yolov8_bringup/environment/ament_prefix_path.sh
[2.093s] -- Installing: /home/jitesh/flipkart_ws/install/yolov8_bringup/share/yolov8_bringup/environment/ament_prefix_path.dsv
[2.094s] -- Installing: /home/jitesh/flipkart_ws/install/yolov8_bringup/share/yolov8_bringup/environment/path.sh
[2.095s] -- Installing: /home/jitesh/flipkart_ws/install/yolov8_bringup/share/yolov8_bringup/environment/path.dsv
[2.096s] -- Installing: /home/jitesh/flipkart_ws/install/yolov8_bringup/share/yolov8_bringup/local_setup.bash
[2.096s] -- Installing: /home/jitesh/flipkart_ws/install/yolov8_bringup/share/yolov8_bringup/local_setup.sh
[2.101s] -- Installing: /home/jitesh/flipkart_ws/install/yolov8_bringup/share/yolov8_bringup/local_setup.zsh
[2.101s] -- Installing: /home/jitesh/flipkart_ws/install/yolov8_bringup/share/yolov8_bringup/local_setup.dsv
[2.101s] -- Installing: /home/jitesh/flipkart_ws/install/yolov8_bringup/share/yolov8_bringup/package.dsv
[2.101s] -- Installing: /home/jitesh/flipkart_ws/install/yolov8_bringup/share/ament_index/resource_index/packages/yolov8_bringup
[2.102s] -- Installing: /home/jitesh/flipkart_ws/install/yolov8_bringup/share/yolov8_bringup/cmake/yolov8_bringupConfig.cmake
[2.102s] -- Installing: /home/jitesh/flipkart_ws/install/yolov8_bringup/share/yolov8_bringup/cmake/yolov8_bringupConfig-version.cmake
[2.102s] -- Installing: /home/jitesh/flipkart_ws/install/yolov8_bringup/share/yolov8_bringup/package.xml
[2.102s] Invoked command in '/home/jitesh/flipkart_ws/build/yolov8_bringup' returned '0': AMENT_PREFIX_PATH=/home/jitesh/flipkart_ws/install/yolov8_ros:${AMENT_PREFIX_PATH} CMAKE_PREFIX_PATH=${CMAKE_PREFIX_PATH}:/home/jitesh/ws_moveit2/install/moveit_configs_utils:/home/jitesh/ws_moveit2/install/launch_param_builder:/home/jitesh/bookros2_ws/install/launch_pal:/home/jitesh/bookros2_ws/install/br2_fsm_bumpgo_py:/home/jitesh/roboarm_ws/install/my_robot_arm:/home/jitesh/ros2_ws/install/urdf_tutorial:/home/jitesh/ros2_ws/install/py_srvcli:/home/jitesh/ros2_ws/install/py_pubsub:/home/jitesh/ros2_ws/install/my_robot_controller:/home/jitesh/ros2_ws/install/cpp_pubsub:/opt/ros/humble PYTHONPATH=/home/jitesh/flipkart_ws/install/yolov8_ros/lib/python3.10/site-packages:${PYTHONPATH} /usr/bin/cmake --install /home/jitesh/flipkart_ws/build/yolov8_bringup
