[35m[1mConsolidate compiler generated dependencies of target my_msg_package__rosidl_generator_c[0m
[  3%] Built target my_msg_package__cpp
[ 12%] Built target my_msg_package__rosidl_generator_c
[ 12%] Built target ament_cmake_python_copy_my_msg_package
[35m[1mConsolidate compiler generated dependencies of target my_msg_package__rosidl_typesupport_cpp[0m
[35m[1mConsolidate compiler generated dependencies of target my_msg_package__rosidl_typesupport_fastrtps_cpp[0m
[35m[1mConsolidate compiler generated dependencies of target my_msg_package__rosidl_typesupport_introspection_cpp[0m
[35m[1mConsolidate compiler generated dependencies of target my_msg_package__rosidl_typesupport_fastrtps_c[0m
[35m[1mConsolidate compiler generated dependencies of target my_msg_package__rosidl_typesupport_introspection_c[0m
[35m[1mConsolidate compiler generated dependencies of target my_msg_package__rosidl_typesupport_c[0m
[ 22%] Built target my_msg_package__rosidl_typesupport_cpp
[ 32%] Built target my_msg_package__rosidl_typesupport_introspection_cpp
[ 41%] Built target my_msg_package__rosidl_typesupport_introspection_c
[ 51%] Built target my_msg_package__rosidl_typesupport_fastrtps_cpp
[ 61%] Built target my_msg_package__rosidl_typesupport_fastrtps_c
[ 70%] Built target my_msg_package__rosidl_typesupport_c
[ 70%] Built target my_msg_package
[ 74%] Built target my_msg_package__py
[35m[1mConsolidate compiler generated dependencies of target my_msg_package__rosidl_generator_py[0m
[ 80%] Built target my_msg_package__rosidl_generator_py
[35m[1mConsolidate compiler generated dependencies of target my_msg_package__rosidl_typesupport_introspection_c__pyext[0m
[35m[1mConsolidate compiler generated dependencies of target my_msg_package__rosidl_typesupport_c__pyext[0m
[35m[1mConsolidate compiler generated dependencies of target my_msg_package__rosidl_typesupport_fastrtps_c__pyext[0m
[ 87%] Built target my_msg_package__rosidl_typesupport_introspection_c__pyext
running egg_info
[ 93%] Built target my_msg_package__rosidl_typesupport_c__pyext
[100%] Built target my_msg_package__rosidl_typesupport_fastrtps_c__pyext
writing my_msg_package.egg-info/PKG-INFO
writing dependency_links to my_msg_package.egg-info/dependency_links.txt
writing top-level names to my_msg_package.egg-info/top_level.txt
reading manifest file 'my_msg_package.egg-info/SOURCES.txt'
writing manifest file 'my_msg_package.egg-info/SOURCES.txt'
[100%] Built target ament_cmake_python_build_my_msg_package_egg
-- Install configuration: ""
-- Up-to-date: /home/jitesh/flipkart_ws/install/my_msg_package/share/ament_index/resource_index/rosidl_interfaces/my_msg_package
-- Up-to-date: /home/jitesh/flipkart_ws/install/my_msg_package/include/my_msg_package/my_msg_package
-- Up-to-date: /home/jitesh/flipkart_ws/install/my_msg_package/include/my_msg_package/my_msg_package/msg
-- Up-to-date: /home/jitesh/flipkart_ws/install/my_msg_package/include/my_msg_package/my_msg_package/msg/my_message.h
-- Up-to-date: /home/jitesh/flipkart_ws/install/my_msg_package/include/my_msg_package/my_msg_package/msg/detail
-- Up-to-date: /home/jitesh/flipkart_ws/install/my_msg_package/include/my_msg_package/my_msg_package/msg/detail/my_message__functions.h
-- Up-to-date: /home/jitesh/flipkart_ws/install/my_msg_package/include/my_msg_package/my_msg_package/msg/detail/my_message__struct.h
-- Up-to-date: /home/jitesh/flipkart_ws/install/my_msg_package/include/my_msg_package/my_msg_package/msg/detail/my_message__type_support.h
-- Up-to-date: /home/jitesh/flipkart_ws/install/my_msg_package/include/my_msg_package/my_msg_package/msg/detail/my_message__functions.c
-- Up-to-date: /home/jitesh/flipkart_ws/install/my_msg_package/include/my_msg_package/my_msg_package/msg/rosidl_generator_c__visibility_control.h
-- Up-to-date: /home/jitesh/flipkart_ws/install/my_msg_package/share/my_msg_package/environment/library_path.sh
-- Up-to-date: /home/jitesh/flipkart_ws/install/my_msg_package/share/my_msg_package/environment/library_path.dsv
-- Up-to-date: /home/jitesh/flipkart_ws/install/my_msg_package/lib/libmy_msg_package__rosidl_generator_c.so
-- Up-to-date: /home/jitesh/flipkart_ws/install/my_msg_package/include/my_msg_package/my_msg_package
-- Up-to-date: /home/jitesh/flipkart_ws/install/my_msg_package/include/my_msg_package/my_msg_package/msg
-- Up-to-date: /home/jitesh/flipkart_ws/install/my_msg_package/include/my_msg_package/my_msg_package/msg/detail
-- Up-to-date: /home/jitesh/flipkart_ws/install/my_msg_package/include/my_msg_package/my_msg_package/msg/detail/my_message__rosidl_typesupport_fastrtps_c.h
-- Up-to-date: /home/jitesh/flipkart_ws/install/my_msg_package/include/my_msg_package/my_msg_package/msg/rosidl_typesupport_fastrtps_c__visibility_control.h
-- Up-to-date: /home/jitesh/flipkart_ws/install/my_msg_package/lib/libmy_msg_package__rosidl_typesupport_fastrtps_c.so
-- Up-to-date: /home/jitesh/flipkart_ws/install/my_msg_package/include/my_msg_package/my_msg_package
-- Up-to-date: /home/jitesh/flipkart_ws/install/my_msg_package/include/my_msg_package/my_msg_package/msg
-- Up-to-date: /home/jitesh/flipkart_ws/install/my_msg_package/include/my_msg_package/my_msg_package/msg/my_message.hpp
-- Up-to-date: /home/jitesh/flipkart_ws/install/my_msg_package/include/my_msg_package/my_msg_package/msg/detail
-- Up-to-date: /home/jitesh/flipkart_ws/install/my_msg_package/include/my_msg_package/my_msg_package/msg/detail/my_message__struct.hpp
-- Up-to-date: /home/jitesh/flipkart_ws/install/my_msg_package/include/my_msg_package/my_msg_package/msg/detail/my_message__traits.hpp
-- Up-to-date: /home/jitesh/flipkart_ws/install/my_msg_package/include/my_msg_package/my_msg_package/msg/detail/my_message__builder.hpp
-- Up-to-date: /home/jitesh/flipkart_ws/install/my_msg_package/include/my_msg_package/my_msg_package
-- Up-to-date: /home/jitesh/flipkart_ws/install/my_msg_package/include/my_msg_package/my_msg_package/msg
-- Up-to-date: /home/jitesh/flipkart_ws/install/my_msg_package/include/my_msg_package/my_msg_package/msg/rosidl_typesupport_fastrtps_cpp__visibility_control.h
-- Up-to-date: /home/jitesh/flipkart_ws/install/my_msg_package/include/my_msg_package/my_msg_package/msg/detail
-- Up-to-date: /home/jitesh/flipkart_ws/install/my_msg_package/include/my_msg_package/my_msg_package/msg/detail/dds_fastrtps
-- Up-to-date: /home/jitesh/flipkart_ws/install/my_msg_package/include/my_msg_package/my_msg_package/msg/detail/my_message__rosidl_typesupport_fastrtps_cpp.hpp
-- Up-to-date: /home/jitesh/flipkart_ws/install/my_msg_package/lib/libmy_msg_package__rosidl_typesupport_fastrtps_cpp.so
-- Up-to-date: /home/jitesh/flipkart_ws/install/my_msg_package/include/my_msg_package/my_msg_package
-- Up-to-date: /home/jitesh/flipkart_ws/install/my_msg_package/include/my_msg_package/my_msg_package/msg
-- Up-to-date: /home/jitesh/flipkart_ws/install/my_msg_package/include/my_msg_package/my_msg_package/msg/detail
-- Up-to-date: /home/jitesh/flipkart_ws/install/my_msg_package/include/my_msg_package/my_msg_package/msg/detail/my_message__rosidl_typesupport_introspection_c.h
-- Up-to-date: /home/jitesh/flipkart_ws/install/my_msg_package/include/my_msg_package/my_msg_package/msg/detail/my_message__type_support.c
-- Up-to-date: /home/jitesh/flipkart_ws/install/my_msg_package/include/my_msg_package/my_msg_package/msg/rosidl_typesupport_introspection_c__visibility_control.h
-- Up-to-date: /home/jitesh/flipkart_ws/install/my_msg_package/lib/libmy_msg_package__rosidl_typesupport_introspection_c.so
-- Up-to-date: /home/jitesh/flipkart_ws/install/my_msg_package/lib/libmy_msg_package__rosidl_typesupport_c.so
-- Up-to-date: /home/jitesh/flipkart_ws/install/my_msg_package/include/my_msg_package/my_msg_package
-- Up-to-date: /home/jitesh/flipkart_ws/install/my_msg_package/include/my_msg_package/my_msg_package/msg
-- Up-to-date: /home/jitesh/flipkart_ws/install/my_msg_package/include/my_msg_package/my_msg_package/msg/detail
-- Up-to-date: /home/jitesh/flipkart_ws/install/my_msg_package/include/my_msg_package/my_msg_package/msg/detail/my_message__rosidl_typesupport_introspection_cpp.hpp
-- Up-to-date: /home/jitesh/flipkart_ws/install/my_msg_package/include/my_msg_package/my_msg_package/msg/detail/my_message__type_support.cpp
-- Up-to-date: /home/jitesh/flipkart_ws/install/my_msg_package/lib/libmy_msg_package__rosidl_typesupport_introspection_cpp.so
-- Up-to-date: /home/jitesh/flipkart_ws/install/my_msg_package/lib/libmy_msg_package__rosidl_typesupport_cpp.so
-- Up-to-date: /home/jitesh/flipkart_ws/install/my_msg_package/share/my_msg_package/environment/pythonpath.sh
-- Up-to-date: /home/jitesh/flipkart_ws/install/my_msg_package/share/my_msg_package/environment/pythonpath.dsv
-- Up-to-date: /home/jitesh/flipkart_ws/install/my_msg_package/local/lib/python3.10/dist-packages/my_msg_package-0.0.0-py3.10.egg-info
-- Installing: /home/jitesh/flipkart_ws/install/my_msg_package/local/lib/python3.10/dist-packages/my_msg_package-0.0.0-py3.10.egg-info/top_level.txt
-- Installing: /home/jitesh/flipkart_ws/install/my_msg_package/local/lib/python3.10/dist-packages/my_msg_package-0.0.0-py3.10.egg-info/PKG-INFO
-- Installing: /home/jitesh/flipkart_ws/install/my_msg_package/local/lib/python3.10/dist-packages/my_msg_package-0.0.0-py3.10.egg-info/dependency_links.txt
-- Installing: /home/jitesh/flipkart_ws/install/my_msg_package/local/lib/python3.10/dist-packages/my_msg_package-0.0.0-py3.10.egg-info/SOURCES.txt
-- Up-to-date: /home/jitesh/flipkart_ws/install/my_msg_package/local/lib/python3.10/dist-packages/my_msg_package
-- Up-to-date: /home/jitesh/flipkart_ws/install/my_msg_package/local/lib/python3.10/dist-packages/my_msg_package/my_msg_package_s__rosidl_typesupport_c.cpython-310-x86_64-linux-gnu.so
-- Up-to-date: /home/jitesh/flipkart_ws/install/my_msg_package/local/lib/python3.10/dist-packages/my_msg_package/_my_msg_package_s.ep.rosidl_typesupport_fastrtps_c.c
-- Up-to-date: /home/jitesh/flipkart_ws/install/my_msg_package/local/lib/python3.10/dist-packages/my_msg_package/_my_msg_package_s.ep.rosidl_typesupport_introspection_c.c
-- Up-to-date: /home/jitesh/flipkart_ws/install/my_msg_package/local/lib/python3.10/dist-packages/my_msg_package/my_msg_package_s__rosidl_typesupport_introspection_c.cpython-310-x86_64-linux-gnu.so
-- Up-to-date: /home/jitesh/flipkart_ws/install/my_msg_package/local/lib/python3.10/dist-packages/my_msg_package/_my_msg_package_s.ep.rosidl_typesupport_c.c
-- Up-to-date: /home/jitesh/flipkart_ws/install/my_msg_package/local/lib/python3.10/dist-packages/my_msg_package/msg
-- Up-to-date: /home/jitesh/flipkart_ws/install/my_msg_package/local/lib/python3.10/dist-packages/my_msg_package/msg/_my_message_s.c
-- Up-to-date: /home/jitesh/flipkart_ws/install/my_msg_package/local/lib/python3.10/dist-packages/my_msg_package/msg/_my_message.py
-- Up-to-date: /home/jitesh/flipkart_ws/install/my_msg_package/local/lib/python3.10/dist-packages/my_msg_package/msg/__init__.py
-- Up-to-date: /home/jitesh/flipkart_ws/install/my_msg_package/local/lib/python3.10/dist-packages/my_msg_package/libmy_msg_package__rosidl_generator_py.so
-- Up-to-date: /home/jitesh/flipkart_ws/install/my_msg_package/local/lib/python3.10/dist-packages/my_msg_package/__init__.py
-- Up-to-date: /home/jitesh/flipkart_ws/install/my_msg_package/local/lib/python3.10/dist-packages/my_msg_package/my_msg_package_s__rosidl_typesupport_fastrtps_c.cpython-310-x86_64-linux-gnu.so
Listing '/home/jitesh/flipkart_ws/install/my_msg_package/local/lib/python3.10/dist-packages/my_msg_package'...
Listing '/home/jitesh/flipkart_ws/install/my_msg_package/local/lib/python3.10/dist-packages/my_msg_package/msg'...
-- Up-to-date: /home/jitesh/flipkart_ws/install/my_msg_package/local/lib/python3.10/dist-packages/my_msg_package/my_msg_package_s__rosidl_typesupport_fastrtps_c.cpython-310-x86_64-linux-gnu.so
-- Up-to-date: /home/jitesh/flipkart_ws/install/my_msg_package/local/lib/python3.10/dist-packages/my_msg_package/my_msg_package_s__rosidl_typesupport_introspection_c.cpython-310-x86_64-linux-gnu.so
-- Up-to-date: /home/jitesh/flipkart_ws/install/my_msg_package/local/lib/python3.10/dist-packages/my_msg_package/my_msg_package_s__rosidl_typesupport_c.cpython-310-x86_64-linux-gnu.so
-- Up-to-date: /home/jitesh/flipkart_ws/install/my_msg_package/lib/libmy_msg_package__rosidl_generator_py.so
-- Up-to-date: /home/jitesh/flipkart_ws/install/my_msg_package/share/my_msg_package/msg/MyMessage.idl
-- Up-to-date: /home/jitesh/flipkart_ws/install/my_msg_package/share/my_msg_package/msg/MyMessage.msg
-- Up-to-date: /home/jitesh/flipkart_ws/install/my_msg_package/share/ament_index/resource_index/package_run_dependencies/my_msg_package
-- Up-to-date: /home/jitesh/flipkart_ws/install/my_msg_package/share/ament_index/resource_index/parent_prefix_path/my_msg_package
-- Up-to-date: /home/jitesh/flipkart_ws/install/my_msg_package/share/my_msg_package/environment/ament_prefix_path.sh
-- Up-to-date: /home/jitesh/flipkart_ws/install/my_msg_package/share/my_msg_package/environment/ament_prefix_path.dsv
-- Up-to-date: /home/jitesh/flipkart_ws/install/my_msg_package/share/my_msg_package/environment/path.sh
-- Up-to-date: /home/jitesh/flipkart_ws/install/my_msg_package/share/my_msg_package/environment/path.dsv
-- Up-to-date: /home/jitesh/flipkart_ws/install/my_msg_package/share/my_msg_package/local_setup.bash
-- Up-to-date: /home/jitesh/flipkart_ws/install/my_msg_package/share/my_msg_package/local_setup.sh
-- Up-to-date: /home/jitesh/flipkart_ws/install/my_msg_package/share/my_msg_package/local_setup.zsh
-- Up-to-date: /home/jitesh/flipkart_ws/install/my_msg_package/share/my_msg_package/local_setup.dsv
-- Installing: /home/jitesh/flipkart_ws/install/my_msg_package/share/my_msg_package/package.dsv
-- Up-to-date: /home/jitesh/flipkart_ws/install/my_msg_package/share/ament_index/resource_index/packages/my_msg_package
-- Up-to-date: /home/jitesh/flipkart_ws/install/my_msg_package/share/my_msg_package/cmake/export_my_msg_package__rosidl_generator_cExport.cmake
-- Up-to-date: /home/jitesh/flipkart_ws/install/my_msg_package/share/my_msg_package/cmake/export_my_msg_package__rosidl_generator_cExport-noconfig.cmake
-- Up-to-date: /home/jitesh/flipkart_ws/install/my_msg_package/share/my_msg_package/cmake/export_my_msg_package__rosidl_typesupport_fastrtps_cExport.cmake
-- Up-to-date: /home/jitesh/flipkart_ws/install/my_msg_package/share/my_msg_package/cmake/export_my_msg_package__rosidl_typesupport_fastrtps_cExport-noconfig.cmake
-- Up-to-date: /home/jitesh/flipkart_ws/install/my_msg_package/share/my_msg_package/cmake/export_my_msg_package__rosidl_generator_cppExport.cmake
-- Up-to-date: /home/jitesh/flipkart_ws/install/my_msg_package/share/my_msg_package/cmake/export_my_msg_package__rosidl_typesupport_fastrtps_cppExport.cmake
-- Up-to-date: /home/jitesh/flipkart_ws/install/my_msg_package/share/my_msg_package/cmake/export_my_msg_package__rosidl_typesupport_fastrtps_cppExport-noconfig.cmake
-- Up-to-date: /home/jitesh/flipkart_ws/install/my_msg_package/share/my_msg_package/cmake/my_msg_package__rosidl_typesupport_introspection_cExport.cmake
-- Up-to-date: /home/jitesh/flipkart_ws/install/my_msg_package/share/my_msg_package/cmake/my_msg_package__rosidl_typesupport_introspection_cExport-noconfig.cmake
-- Up-to-date: /home/jitesh/flipkart_ws/install/my_msg_package/share/my_msg_package/cmake/my_msg_package__rosidl_typesupport_cExport.cmake
-- Up-to-date: /home/jitesh/flipkart_ws/install/my_msg_package/share/my_msg_package/cmake/my_msg_package__rosidl_typesupport_cExport-noconfig.cmake
-- Up-to-date: /home/jitesh/flipkart_ws/install/my_msg_package/share/my_msg_package/cmake/my_msg_package__rosidl_typesupport_introspection_cppExport.cmake
-- Up-to-date: /home/jitesh/flipkart_ws/install/my_msg_package/share/my_msg_package/cmake/my_msg_package__rosidl_typesupport_introspection_cppExport-noconfig.cmake
-- Up-to-date: /home/jitesh/flipkart_ws/install/my_msg_package/share/my_msg_package/cmake/my_msg_package__rosidl_typesupport_cppExport.cmake
-- Up-to-date: /home/jitesh/flipkart_ws/install/my_msg_package/share/my_msg_package/cmake/my_msg_package__rosidl_typesupport_cppExport-noconfig.cmake
-- Up-to-date: /home/jitesh/flipkart_ws/install/my_msg_package/share/my_msg_package/cmake/export_my_msg_package__rosidl_generator_pyExport.cmake
-- Up-to-date: /home/jitesh/flipkart_ws/install/my_msg_package/share/my_msg_package/cmake/export_my_msg_package__rosidl_generator_pyExport-noconfig.cmake
-- Up-to-date: /home/jitesh/flipkart_ws/install/my_msg_package/share/my_msg_package/cmake/rosidl_cmake-extras.cmake
-- Up-to-date: /home/jitesh/flipkart_ws/install/my_msg_package/share/my_msg_package/cmake/ament_cmake_export_include_directories-extras.cmake
-- Up-to-date: /home/jitesh/flipkart_ws/install/my_msg_package/share/my_msg_package/cmake/ament_cmake_export_libraries-extras.cmake
-- Up-to-date: /home/jitesh/flipkart_ws/install/my_msg_package/share/my_msg_package/cmake/ament_cmake_export_targets-extras.cmake
-- Up-to-date: /home/jitesh/flipkart_ws/install/my_msg_package/share/my_msg_package/cmake/rosidl_cmake_export_typesupport_targets-extras.cmake
-- Up-to-date: /home/jitesh/flipkart_ws/install/my_msg_package/share/my_msg_package/cmake/ament_cmake_export_dependencies-extras.cmake
-- Up-to-date: /home/jitesh/flipkart_ws/install/my_msg_package/share/my_msg_package/cmake/rosidl_cmake_export_typesupport_libraries-extras.cmake
-- Up-to-date: /home/jitesh/flipkart_ws/install/my_msg_package/share/my_msg_package/cmake/my_msg_packageConfig.cmake
-- Up-to-date: /home/jitesh/flipkart_ws/install/my_msg_package/share/my_msg_package/cmake/my_msg_packageConfig-version.cmake
-- Up-to-date: /home/jitesh/flipkart_ws/install/my_msg_package/share/my_msg_package/package.xml
