[0.840s] Invoking command in '/home/jitesh/flipkart_ws/build/my_msg_package': CMAKE_PREFIX_PATH=${CMAKE_PREFIX_PATH}:/home/jitesh/ws_moveit2/install/moveit_configs_utils:/home/jitesh/ws_moveit2/install/launch_param_builder:/home/jitesh/bookros2_ws/install/launch_pal:/home/jitesh/bookros2_ws/install/br2_fsm_bumpgo_py:/home/jitesh/roboarm_ws/install/my_robot_arm:/home/jitesh/ros2_ws/install/urdf_tutorial:/home/jitesh/ros2_ws/install/py_srvcli:/home/jitesh/ros2_ws/install/py_pubsub:/home/jitesh/ros2_ws/install/my_robot_controller:/home/jitesh/ros2_ws/install/cpp_pubsub:/opt/ros/humble /usr/bin/cmake --build /home/jitesh/flipkart_ws/build/my_msg_package -- -j12 -l12
[1.761s] [35m[1mConsolidate compiler generated dependencies of target my_msg_package__rosidl_generator_c[0m
[1.761s] [  3%] Built target my_msg_package__cpp
[1.761s] [ 12%] Built target my_msg_package__rosidl_generator_c
[1.761s] [ 12%] Built target ament_cmake_python_copy_my_msg_package
[1.761s] [35m[1mConsolidate compiler generated dependencies of target my_msg_package__rosidl_typesupport_cpp[0m
[1.762s] [35m[1mConsolidate compiler generated dependencies of target my_msg_package__rosidl_typesupport_fastrtps_cpp[0m
[1.762s] [35m[1mConsolidate compiler generated dependencies of target my_msg_package__rosidl_typesupport_introspection_cpp[0m
[1.762s] [35m[1mConsolidate compiler generated dependencies of target my_msg_package__rosidl_typesupport_fastrtps_c[0m
[1.763s] [35m[1mConsolidate compiler generated dependencies of target my_msg_package__rosidl_typesupport_introspection_c[0m
[1.763s] [35m[1mConsolidate compiler generated dependencies of target my_msg_package__rosidl_typesupport_c[0m
[1.764s] [ 22%] Built target my_msg_package__rosidl_typesupport_cpp
[1.764s] [ 32%] Built target my_msg_package__rosidl_typesupport_introspection_cpp
[1.764s] [ 41%] Built target my_msg_package__rosidl_typesupport_introspection_c
[1.765s] [ 51%] Built target my_msg_package__rosidl_typesupport_fastrtps_cpp
[1.765s] [ 61%] Built target my_msg_package__rosidl_typesupport_fastrtps_c
[1.765s] [ 70%] Built target my_msg_package__rosidl_typesupport_c
[1.765s] [ 70%] Built target my_msg_package
[1.765s] [ 74%] Built target my_msg_package__py
[1.765s] [35m[1mConsolidate compiler generated dependencies of target my_msg_package__rosidl_generator_py[0m
[1.766s] [ 80%] Built target my_msg_package__rosidl_generator_py
[1.766s] [35m[1mConsolidate compiler generated dependencies of target my_msg_package__rosidl_typesupport_introspection_c__pyext[0m
[1.766s] [35m[1mConsolidate compiler generated dependencies of target my_msg_package__rosidl_typesupport_c__pyext[0m
[1.766s] [35m[1mConsolidate compiler generated dependencies of target my_msg_package__rosidl_typesupport_fastrtps_c__pyext[0m
[1.767s] [ 87%] Built target my_msg_package__rosidl_typesupport_introspection_c__pyext
[1.767s] running egg_info
[1.767s] [ 93%] Built target my_msg_package__rosidl_typesupport_c__pyext
[1.767s] [100%] Built target my_msg_package__rosidl_typesupport_fastrtps_c__pyext
[1.767s] writing my_msg_package.egg-info/PKG-INFO
[1.767s] writing dependency_links to my_msg_package.egg-info/dependency_links.txt
[1.767s] writing top-level names to my_msg_package.egg-info/top_level.txt
[1.768s] reading manifest file 'my_msg_package.egg-info/SOURCES.txt'
[1.768s] writing manifest file 'my_msg_package.egg-info/SOURCES.txt'
[1.768s] [100%] Built target ament_cmake_python_build_my_msg_package_egg
[1.768s] Invoked command in '/home/jitesh/flipkart_ws/build/my_msg_package' returned '0': CMAKE_PREFIX_PATH=${CMAKE_PREFIX_PATH}:/home/jitesh/ws_moveit2/install/moveit_configs_utils:/home/jitesh/ws_moveit2/install/launch_param_builder:/home/jitesh/bookros2_ws/install/launch_pal:/home/jitesh/bookros2_ws/install/br2_fsm_bumpgo_py:/home/jitesh/roboarm_ws/install/my_robot_arm:/home/jitesh/ros2_ws/install/urdf_tutorial:/home/jitesh/ros2_ws/install/py_srvcli:/home/jitesh/ros2_ws/install/py_pubsub:/home/jitesh/ros2_ws/install/my_robot_controller:/home/jitesh/ros2_ws/install/cpp_pubsub:/opt/ros/humble /usr/bin/cmake --build /home/jitesh/flipkart_ws/build/my_msg_package -- -j12 -l12
[2.126s] Invoking command in '/home/jitesh/flipkart_ws/build/my_msg_package': CMAKE_PREFIX_PATH=${CMAKE_PREFIX_PATH}:/home/jitesh/ws_moveit2/install/moveit_configs_utils:/home/jitesh/ws_moveit2/install/launch_param_builder:/home/jitesh/bookros2_ws/install/launch_pal:/home/jitesh/bookros2_ws/install/br2_fsm_bumpgo_py:/home/jitesh/roboarm_ws/install/my_robot_arm:/home/jitesh/ros2_ws/install/urdf_tutorial:/home/jitesh/ros2_ws/install/py_srvcli:/home/jitesh/ros2_ws/install/py_pubsub:/home/jitesh/ros2_ws/install/my_robot_controller:/home/jitesh/ros2_ws/install/cpp_pubsub:/opt/ros/humble /usr/bin/cmake --install /home/jitesh/flipkart_ws/build/my_msg_package
[2.152s] -- Install configuration: ""
[2.153s] -- Up-to-date: /home/jitesh/flipkart_ws/install/my_msg_package/share/ament_index/resource_index/rosidl_interfaces/my_msg_package
[2.154s] -- Up-to-date: /home/jitesh/flipkart_ws/install/my_msg_package/include/my_msg_package/my_msg_package
[2.154s] -- Up-to-date: /home/jitesh/flipkart_ws/install/my_msg_package/include/my_msg_package/my_msg_package/msg
[2.154s] -- Up-to-date: /home/jitesh/flipkart_ws/install/my_msg_package/include/my_msg_package/my_msg_package/msg/my_message.h
[2.155s] -- Up-to-date: /home/jitesh/flipkart_ws/install/my_msg_package/include/my_msg_package/my_msg_package/msg/detail
[2.155s] -- Up-to-date: /home/jitesh/flipkart_ws/install/my_msg_package/include/my_msg_package/my_msg_package/msg/detail/my_message__functions.h
[2.155s] -- Up-to-date: /home/jitesh/flipkart_ws/install/my_msg_package/include/my_msg_package/my_msg_package/msg/detail/my_message__struct.h
[2.156s] -- Up-to-date: /home/jitesh/flipkart_ws/install/my_msg_package/include/my_msg_package/my_msg_package/msg/detail/my_message__type_support.h
[2.156s] -- Up-to-date: /home/jitesh/flipkart_ws/install/my_msg_package/include/my_msg_package/my_msg_package/msg/detail/my_message__functions.c
[2.156s] -- Up-to-date: /home/jitesh/flipkart_ws/install/my_msg_package/include/my_msg_package/my_msg_package/msg/rosidl_generator_c__visibility_control.h
[2.157s] -- Up-to-date: /home/jitesh/flipkart_ws/install/my_msg_package/share/my_msg_package/environment/library_path.sh
[2.157s] -- Up-to-date: /home/jitesh/flipkart_ws/install/my_msg_package/share/my_msg_package/environment/library_path.dsv
[2.157s] -- Up-to-date: /home/jitesh/flipkart_ws/install/my_msg_package/lib/libmy_msg_package__rosidl_generator_c.so
[2.157s] -- Up-to-date: /home/jitesh/flipkart_ws/install/my_msg_package/include/my_msg_package/my_msg_package
[2.157s] -- Up-to-date: /home/jitesh/flipkart_ws/install/my_msg_package/include/my_msg_package/my_msg_package/msg
[2.157s] -- Up-to-date: /home/jitesh/flipkart_ws/install/my_msg_package/include/my_msg_package/my_msg_package/msg/detail
[2.157s] -- Up-to-date: /home/jitesh/flipkart_ws/install/my_msg_package/include/my_msg_package/my_msg_package/msg/detail/my_message__rosidl_typesupport_fastrtps_c.h
[2.157s] -- Up-to-date: /home/jitesh/flipkart_ws/install/my_msg_package/include/my_msg_package/my_msg_package/msg/rosidl_typesupport_fastrtps_c__visibility_control.h
[2.157s] -- Up-to-date: /home/jitesh/flipkart_ws/install/my_msg_package/lib/libmy_msg_package__rosidl_typesupport_fastrtps_c.so
[2.159s] -- Up-to-date: /home/jitesh/flipkart_ws/install/my_msg_package/include/my_msg_package/my_msg_package
[2.160s] -- Up-to-date: /home/jitesh/flipkart_ws/install/my_msg_package/include/my_msg_package/my_msg_package/msg
[2.161s] -- Up-to-date: /home/jitesh/flipkart_ws/install/my_msg_package/include/my_msg_package/my_msg_package/msg/my_message.hpp
[2.161s] -- Up-to-date: /home/jitesh/flipkart_ws/install/my_msg_package/include/my_msg_package/my_msg_package/msg/detail
[2.162s] -- Up-to-date: /home/jitesh/flipkart_ws/install/my_msg_package/include/my_msg_package/my_msg_package/msg/detail/my_message__struct.hpp
[2.163s] -- Up-to-date: /home/jitesh/flipkart_ws/install/my_msg_package/include/my_msg_package/my_msg_package/msg/detail/my_message__traits.hpp
[2.164s] -- Up-to-date: /home/jitesh/flipkart_ws/install/my_msg_package/include/my_msg_package/my_msg_package/msg/detail/my_message__builder.hpp
[2.166s] -- Up-to-date: /home/jitesh/flipkart_ws/install/my_msg_package/include/my_msg_package/my_msg_package
[2.166s] -- Up-to-date: /home/jitesh/flipkart_ws/install/my_msg_package/include/my_msg_package/my_msg_package/msg
[2.166s] -- Up-to-date: /home/jitesh/flipkart_ws/install/my_msg_package/include/my_msg_package/my_msg_package/msg/rosidl_typesupport_fastrtps_cpp__visibility_control.h
[2.167s] -- Up-to-date: /home/jitesh/flipkart_ws/install/my_msg_package/include/my_msg_package/my_msg_package/msg/detail
[2.167s] -- Up-to-date: /home/jitesh/flipkart_ws/install/my_msg_package/include/my_msg_package/my_msg_package/msg/detail/dds_fastrtps
[2.167s] -- Up-to-date: /home/jitesh/flipkart_ws/install/my_msg_package/include/my_msg_package/my_msg_package/msg/detail/my_message__rosidl_typesupport_fastrtps_cpp.hpp
[2.167s] -- Up-to-date: /home/jitesh/flipkart_ws/install/my_msg_package/lib/libmy_msg_package__rosidl_typesupport_fastrtps_cpp.so
[2.168s] -- Up-to-date: /home/jitesh/flipkart_ws/install/my_msg_package/include/my_msg_package/my_msg_package
[2.168s] -- Up-to-date: /home/jitesh/flipkart_ws/install/my_msg_package/include/my_msg_package/my_msg_package/msg
[2.168s] -- Up-to-date: /home/jitesh/flipkart_ws/install/my_msg_package/include/my_msg_package/my_msg_package/msg/detail
[2.168s] -- Up-to-date: /home/jitesh/flipkart_ws/install/my_msg_package/include/my_msg_package/my_msg_package/msg/detail/my_message__rosidl_typesupport_introspection_c.h
[2.169s] -- Up-to-date: /home/jitesh/flipkart_ws/install/my_msg_package/include/my_msg_package/my_msg_package/msg/detail/my_message__type_support.c
[2.169s] -- Up-to-date: /home/jitesh/flipkart_ws/install/my_msg_package/include/my_msg_package/my_msg_package/msg/rosidl_typesupport_introspection_c__visibility_control.h
[2.169s] -- Up-to-date: /home/jitesh/flipkart_ws/install/my_msg_package/lib/libmy_msg_package__rosidl_typesupport_introspection_c.so
[2.169s] -- Up-to-date: /home/jitesh/flipkart_ws/install/my_msg_package/lib/libmy_msg_package__rosidl_typesupport_c.so
[2.171s] -- Up-to-date: /home/jitesh/flipkart_ws/install/my_msg_package/include/my_msg_package/my_msg_package
[2.171s] -- Up-to-date: /home/jitesh/flipkart_ws/install/my_msg_package/include/my_msg_package/my_msg_package/msg
[2.172s] -- Up-to-date: /home/jitesh/flipkart_ws/install/my_msg_package/include/my_msg_package/my_msg_package/msg/detail
[2.172s] -- Up-to-date: /home/jitesh/flipkart_ws/install/my_msg_package/include/my_msg_package/my_msg_package/msg/detail/my_message__rosidl_typesupport_introspection_cpp.hpp
[2.173s] -- Up-to-date: /home/jitesh/flipkart_ws/install/my_msg_package/include/my_msg_package/my_msg_package/msg/detail/my_message__type_support.cpp
[2.173s] -- Up-to-date: /home/jitesh/flipkart_ws/install/my_msg_package/lib/libmy_msg_package__rosidl_typesupport_introspection_cpp.so
[2.173s] -- Up-to-date: /home/jitesh/flipkart_ws/install/my_msg_package/lib/libmy_msg_package__rosidl_typesupport_cpp.so
[2.173s] -- Up-to-date: /home/jitesh/flipkart_ws/install/my_msg_package/share/my_msg_package/environment/pythonpath.sh
[2.173s] -- Up-to-date: /home/jitesh/flipkart_ws/install/my_msg_package/share/my_msg_package/environment/pythonpath.dsv
[2.173s] -- Up-to-date: /home/jitesh/flipkart_ws/install/my_msg_package/local/lib/python3.10/dist-packages/my_msg_package-0.0.0-py3.10.egg-info
[2.174s] -- Installing: /home/jitesh/flipkart_ws/install/my_msg_package/local/lib/python3.10/dist-packages/my_msg_package-0.0.0-py3.10.egg-info/top_level.txt
[2.174s] -- Installing: /home/jitesh/flipkart_ws/install/my_msg_package/local/lib/python3.10/dist-packages/my_msg_package-0.0.0-py3.10.egg-info/PKG-INFO
[2.174s] -- Installing: /home/jitesh/flipkart_ws/install/my_msg_package/local/lib/python3.10/dist-packages/my_msg_package-0.0.0-py3.10.egg-info/dependency_links.txt
[2.174s] -- Installing: /home/jitesh/flipkart_ws/install/my_msg_package/local/lib/python3.10/dist-packages/my_msg_package-0.0.0-py3.10.egg-info/SOURCES.txt
[2.174s] -- Up-to-date: /home/jitesh/flipkart_ws/install/my_msg_package/local/lib/python3.10/dist-packages/my_msg_package
[2.174s] -- Up-to-date: /home/jitesh/flipkart_ws/install/my_msg_package/local/lib/python3.10/dist-packages/my_msg_package/my_msg_package_s__rosidl_typesupport_c.cpython-310-x86_64-linux-gnu.so
[2.174s] -- Up-to-date: /home/jitesh/flipkart_ws/install/my_msg_package/local/lib/python3.10/dist-packages/my_msg_package/_my_msg_package_s.ep.rosidl_typesupport_fastrtps_c.c
[2.174s] -- Up-to-date: /home/jitesh/flipkart_ws/install/my_msg_package/local/lib/python3.10/dist-packages/my_msg_package/_my_msg_package_s.ep.rosidl_typesupport_introspection_c.c
[2.174s] -- Up-to-date: /home/jitesh/flipkart_ws/install/my_msg_package/local/lib/python3.10/dist-packages/my_msg_package/my_msg_package_s__rosidl_typesupport_introspection_c.cpython-310-x86_64-linux-gnu.so
[2.175s] -- Up-to-date: /home/jitesh/flipkart_ws/install/my_msg_package/local/lib/python3.10/dist-packages/my_msg_package/_my_msg_package_s.ep.rosidl_typesupport_c.c
[2.175s] -- Up-to-date: /home/jitesh/flipkart_ws/install/my_msg_package/local/lib/python3.10/dist-packages/my_msg_package/msg
[2.175s] -- Up-to-date: /home/jitesh/flipkart_ws/install/my_msg_package/local/lib/python3.10/dist-packages/my_msg_package/msg/_my_message_s.c
[2.175s] -- Up-to-date: /home/jitesh/flipkart_ws/install/my_msg_package/local/lib/python3.10/dist-packages/my_msg_package/msg/_my_message.py
[2.175s] -- Up-to-date: /home/jitesh/flipkart_ws/install/my_msg_package/local/lib/python3.10/dist-packages/my_msg_package/msg/__init__.py
[2.175s] -- Up-to-date: /home/jitesh/flipkart_ws/install/my_msg_package/local/lib/python3.10/dist-packages/my_msg_package/libmy_msg_package__rosidl_generator_py.so
[2.175s] -- Up-to-date: /home/jitesh/flipkart_ws/install/my_msg_package/local/lib/python3.10/dist-packages/my_msg_package/__init__.py
[2.175s] -- Up-to-date: /home/jitesh/flipkart_ws/install/my_msg_package/local/lib/python3.10/dist-packages/my_msg_package/my_msg_package_s__rosidl_typesupport_fastrtps_c.cpython-310-x86_64-linux-gnu.so
[2.244s] Listing '/home/jitesh/flipkart_ws/install/my_msg_package/local/lib/python3.10/dist-packages/my_msg_package'...
[2.244s] Listing '/home/jitesh/flipkart_ws/install/my_msg_package/local/lib/python3.10/dist-packages/my_msg_package/msg'...
[2.257s] -- Up-to-date: /home/jitesh/flipkart_ws/install/my_msg_package/local/lib/python3.10/dist-packages/my_msg_package/my_msg_package_s__rosidl_typesupport_fastrtps_c.cpython-310-x86_64-linux-gnu.so
[2.258s] -- Up-to-date: /home/jitesh/flipkart_ws/install/my_msg_package/local/lib/python3.10/dist-packages/my_msg_package/my_msg_package_s__rosidl_typesupport_introspection_c.cpython-310-x86_64-linux-gnu.so
[2.259s] -- Up-to-date: /home/jitesh/flipkart_ws/install/my_msg_package/local/lib/python3.10/dist-packages/my_msg_package/my_msg_package_s__rosidl_typesupport_c.cpython-310-x86_64-linux-gnu.so
[2.259s] -- Up-to-date: /home/jitesh/flipkart_ws/install/my_msg_package/lib/libmy_msg_package__rosidl_generator_py.so
[2.260s] -- Up-to-date: /home/jitesh/flipkart_ws/install/my_msg_package/share/my_msg_package/msg/MyMessage.idl
[2.260s] -- Up-to-date: /home/jitesh/flipkart_ws/install/my_msg_package/share/my_msg_package/msg/MyMessage.msg
[2.260s] -- Up-to-date: /home/jitesh/flipkart_ws/install/my_msg_package/share/ament_index/resource_index/package_run_dependencies/my_msg_package
[2.260s] -- Up-to-date: /home/jitesh/flipkart_ws/install/my_msg_package/share/ament_index/resource_index/parent_prefix_path/my_msg_package
[2.260s] -- Up-to-date: /home/jitesh/flipkart_ws/install/my_msg_package/share/my_msg_package/environment/ament_prefix_path.sh
[2.261s] -- Up-to-date: /home/jitesh/flipkart_ws/install/my_msg_package/share/my_msg_package/environment/ament_prefix_path.dsv
[2.261s] -- Up-to-date: /home/jitesh/flipkart_ws/install/my_msg_package/share/my_msg_package/environment/path.sh
[2.261s] -- Up-to-date: /home/jitesh/flipkart_ws/install/my_msg_package/share/my_msg_package/environment/path.dsv
[2.261s] -- Up-to-date: /home/jitesh/flipkart_ws/install/my_msg_package/share/my_msg_package/local_setup.bash
[2.261s] -- Up-to-date: /home/jitesh/flipkart_ws/install/my_msg_package/share/my_msg_package/local_setup.sh
[2.261s] -- Up-to-date: /home/jitesh/flipkart_ws/install/my_msg_package/share/my_msg_package/local_setup.zsh
[2.262s] -- Up-to-date: /home/jitesh/flipkart_ws/install/my_msg_package/share/my_msg_package/local_setup.dsv
[2.262s] -- Installing: /home/jitesh/flipkart_ws/install/my_msg_package/share/my_msg_package/package.dsv
[2.262s] -- Up-to-date: /home/jitesh/flipkart_ws/install/my_msg_package/share/ament_index/resource_index/packages/my_msg_package
[2.263s] -- Up-to-date: /home/jitesh/flipkart_ws/install/my_msg_package/share/my_msg_package/cmake/export_my_msg_package__rosidl_generator_cExport.cmake
[2.263s] -- Up-to-date: /home/jitesh/flipkart_ws/install/my_msg_package/share/my_msg_package/cmake/export_my_msg_package__rosidl_generator_cExport-noconfig.cmake
[2.263s] -- Up-to-date: /home/jitesh/flipkart_ws/install/my_msg_package/share/my_msg_package/cmake/export_my_msg_package__rosidl_typesupport_fastrtps_cExport.cmake
[2.264s] -- Up-to-date: /home/jitesh/flipkart_ws/install/my_msg_package/share/my_msg_package/cmake/export_my_msg_package__rosidl_typesupport_fastrtps_cExport-noconfig.cmake
[2.264s] -- Up-to-date: /home/jitesh/flipkart_ws/install/my_msg_package/share/my_msg_package/cmake/export_my_msg_package__rosidl_generator_cppExport.cmake
[2.264s] -- Up-to-date: /home/jitesh/flipkart_ws/install/my_msg_package/share/my_msg_package/cmake/export_my_msg_package__rosidl_typesupport_fastrtps_cppExport.cmake
[2.265s] -- Up-to-date: /home/jitesh/flipkart_ws/install/my_msg_package/share/my_msg_package/cmake/export_my_msg_package__rosidl_typesupport_fastrtps_cppExport-noconfig.cmake
[2.266s] -- Up-to-date: /home/jitesh/flipkart_ws/install/my_msg_package/share/my_msg_package/cmake/my_msg_package__rosidl_typesupport_introspection_cExport.cmake
[2.266s] -- Up-to-date: /home/jitesh/flipkart_ws/install/my_msg_package/share/my_msg_package/cmake/my_msg_package__rosidl_typesupport_introspection_cExport-noconfig.cmake
[2.267s] -- Up-to-date: /home/jitesh/flipkart_ws/install/my_msg_package/share/my_msg_package/cmake/my_msg_package__rosidl_typesupport_cExport.cmake
[2.267s] -- Up-to-date: /home/jitesh/flipkart_ws/install/my_msg_package/share/my_msg_package/cmake/my_msg_package__rosidl_typesupport_cExport-noconfig.cmake
[2.267s] -- Up-to-date: /home/jitesh/flipkart_ws/install/my_msg_package/share/my_msg_package/cmake/my_msg_package__rosidl_typesupport_introspection_cppExport.cmake
[2.268s] -- Up-to-date: /home/jitesh/flipkart_ws/install/my_msg_package/share/my_msg_package/cmake/my_msg_package__rosidl_typesupport_introspection_cppExport-noconfig.cmake
[2.268s] -- Up-to-date: /home/jitesh/flipkart_ws/install/my_msg_package/share/my_msg_package/cmake/my_msg_package__rosidl_typesupport_cppExport.cmake
[2.269s] -- Up-to-date: /home/jitesh/flipkart_ws/install/my_msg_package/share/my_msg_package/cmake/my_msg_package__rosidl_typesupport_cppExport-noconfig.cmake
[2.269s] -- Up-to-date: /home/jitesh/flipkart_ws/install/my_msg_package/share/my_msg_package/cmake/export_my_msg_package__rosidl_generator_pyExport.cmake
[2.269s] -- Up-to-date: /home/jitesh/flipkart_ws/install/my_msg_package/share/my_msg_package/cmake/export_my_msg_package__rosidl_generator_pyExport-noconfig.cmake
[2.269s] -- Up-to-date: /home/jitesh/flipkart_ws/install/my_msg_package/share/my_msg_package/cmake/rosidl_cmake-extras.cmake
[2.269s] -- Up-to-date: /home/jitesh/flipkart_ws/install/my_msg_package/share/my_msg_package/cmake/ament_cmake_export_include_directories-extras.cmake
[2.270s] -- Up-to-date: /home/jitesh/flipkart_ws/install/my_msg_package/share/my_msg_package/cmake/ament_cmake_export_libraries-extras.cmake
[2.270s] -- Up-to-date: /home/jitesh/flipkart_ws/install/my_msg_package/share/my_msg_package/cmake/ament_cmake_export_targets-extras.cmake
[2.270s] -- Up-to-date: /home/jitesh/flipkart_ws/install/my_msg_package/share/my_msg_package/cmake/rosidl_cmake_export_typesupport_targets-extras.cmake
[2.270s] -- Up-to-date: /home/jitesh/flipkart_ws/install/my_msg_package/share/my_msg_package/cmake/ament_cmake_export_dependencies-extras.cmake
[2.271s] -- Up-to-date: /home/jitesh/flipkart_ws/install/my_msg_package/share/my_msg_package/cmake/rosidl_cmake_export_typesupport_libraries-extras.cmake
[2.271s] -- Up-to-date: /home/jitesh/flipkart_ws/install/my_msg_package/share/my_msg_package/cmake/my_msg_packageConfig.cmake
[2.271s] -- Up-to-date: /home/jitesh/flipkart_ws/install/my_msg_package/share/my_msg_package/cmake/my_msg_packageConfig-version.cmake
[2.271s] -- Up-to-date: /home/jitesh/flipkart_ws/install/my_msg_package/share/my_msg_package/package.xml
[2.434s] Invoked command in '/home/jitesh/flipkart_ws/build/my_msg_package' returned '0': CMAKE_PREFIX_PATH=${CMAKE_PREFIX_PATH}:/home/jitesh/ws_moveit2/install/moveit_configs_utils:/home/jitesh/ws_moveit2/install/launch_param_builder:/home/jitesh/bookros2_ws/install/launch_pal:/home/jitesh/bookros2_ws/install/br2_fsm_bumpgo_py:/home/jitesh/roboarm_ws/install/my_robot_arm:/home/jitesh/ros2_ws/install/urdf_tutorial:/home/jitesh/ros2_ws/install/py_srvcli:/home/jitesh/ros2_ws/install/py_pubsub:/home/jitesh/ros2_ws/install/my_robot_controller:/home/jitesh/ros2_ws/install/cpp_pubsub:/opt/ros/humble /usr/bin/cmake --install /home/jitesh/flipkart_ws/build/my_msg_package
