[1.392s] DEBUG:colcon:Command line arguments: ['/usr/bin/colcon', 'build']
[1.392s] DEBUG:colcon:Parsed command line arguments: Namespace(log_base=None, log_level=None, verb_name='build', build_base='build', install_base='install', merge_install=False, symlink_install=False, test_result_base=None, continue_on_error=False, executor='parallel', parallel_workers=12, event_handlers=None, ignore_user_meta=False, metas=['./colcon.meta'], base_paths=['.'], packages_ignore=None, packages_ignore_regex=None, paths=None, packages_up_to=None, packages_up_to_regex=None, packages_above=None, packages_above_and_dependencies=None, packages_above_depth=None, packages_select_by_dep=None, packages_skip_by_dep=None, packages_skip_up_to=None, packages_select_build_failed=False, packages_skip_build_finished=False, packages_select_test_failures=False, packages_skip_test_passed=False, packages_select=None, packages_skip=None, packages_select_regex=None, packages_skip_regex=None, packages_start=None, packages_end=None, allow_overriding=[], cmake_args=None, cmake_target=None, cmake_target_skip_unavailable=False, cmake_clean_cache=False, cmake_clean_first=False, cmake_force_configure=False, ament_cmake_args=None, catkin_cmake_args=None, catkin_skip_building_tests=False, mixin_files=None, mixin=None, verb_parser=<colcon_mixin.mixin.mixin_argument.MixinArgumentDecorator object at 0x7f9a5fe57130>, verb_extension=<colcon_core.verb.build.BuildVerb object at 0x7f9a5fe56bf0>, main=<bound method BuildVerb.main of <colcon_core.verb.build.BuildVerb object at 0x7f9a5fe56bf0>>, mixin_verb=('build',))
[1.458s] Level 1:colcon.colcon_core.package_discovery:discover_packages(colcon_meta) check parameters
[1.458s] Level 1:colcon.colcon_core.package_discovery:discover_packages(recursive) check parameters
[1.458s] Level 1:colcon.colcon_core.package_discovery:discover_packages(ignore) check parameters
[1.458s] Level 1:colcon.colcon_core.package_discovery:discover_packages(path) check parameters
[1.458s] Level 1:colcon.colcon_core.package_discovery:discover_packages(colcon_meta) discover
[1.458s] Level 1:colcon.colcon_core.package_discovery:discover_packages(recursive) discover
[1.458s] INFO:colcon.colcon_core.package_discovery:Crawling recursively for packages in '/home/jitesh/flipkart_ws'
[1.458s] Level 1:colcon.colcon_core.package_identification:_identify(.) by extensions ['ignore', 'ignore_ament_install']
[1.458s] Level 1:colcon.colcon_core.package_identification:_identify(.) by extension 'ignore'
[1.458s] Level 1:colcon.colcon_core.package_identification:_identify(.) by extension 'ignore_ament_install'
[1.458s] Level 1:colcon.colcon_core.package_identification:_identify(.) by extensions ['colcon_pkg']
[1.458s] Level 1:colcon.colcon_core.package_identification:_identify(.) by extension 'colcon_pkg'
[1.458s] Level 1:colcon.colcon_core.package_identification:_identify(.) by extensions ['colcon_meta']
[1.459s] Level 1:colcon.colcon_core.package_identification:_identify(.) by extension 'colcon_meta'
[1.459s] Level 1:colcon.colcon_core.package_identification:_identify(.) by extensions ['ros']
[1.459s] Level 1:colcon.colcon_core.package_identification:_identify(.) by extension 'ros'
[1.473s] Level 1:colcon.colcon_core.package_identification:_identify(.) by extensions ['cmake', 'python']
[1.473s] Level 1:colcon.colcon_core.package_identification:_identify(.) by extension 'cmake'
[1.473s] Level 1:colcon.colcon_core.package_identification:_identify(.) by extension 'python'
[1.473s] Level 1:colcon.colcon_core.package_identification:_identify(.) by extensions ['python_setup_py']
[1.473s] Level 1:colcon.colcon_core.package_identification:_identify(.) by extension 'python_setup_py'
[1.473s] Level 1:colcon.colcon_core.package_identification:_identify(build) by extensions ['ignore', 'ignore_ament_install']
[1.474s] Level 1:colcon.colcon_core.package_identification:_identify(build) by extension 'ignore'
[1.474s] Level 1:colcon.colcon_core.package_identification:_identify(build) ignored
[1.474s] Level 1:colcon.colcon_core.package_identification:_identify(install) by extensions ['ignore', 'ignore_ament_install']
[1.474s] Level 1:colcon.colcon_core.package_identification:_identify(install) by extension 'ignore'
[1.474s] Level 1:colcon.colcon_core.package_identification:_identify(install) ignored
[1.474s] Level 1:colcon.colcon_core.package_identification:_identify(log) by extensions ['ignore', 'ignore_ament_install']
[1.474s] Level 1:colcon.colcon_core.package_identification:_identify(log) by extension 'ignore'
[1.474s] Level 1:colcon.colcon_core.package_identification:_identify(log) ignored
[1.474s] Level 1:colcon.colcon_core.package_identification:_identify(src) by extensions ['ignore', 'ignore_ament_install']
[1.474s] Level 1:colcon.colcon_core.package_identification:_identify(src) by extension 'ignore'
[1.474s] Level 1:colcon.colcon_core.package_identification:_identify(src) by extension 'ignore_ament_install'
[1.474s] Level 1:colcon.colcon_core.package_identification:_identify(src) by extensions ['colcon_pkg']
[1.474s] Level 1:colcon.colcon_core.package_identification:_identify(src) by extension 'colcon_pkg'
[1.474s] Level 1:colcon.colcon_core.package_identification:_identify(src) by extensions ['colcon_meta']
[1.474s] Level 1:colcon.colcon_core.package_identification:_identify(src) by extension 'colcon_meta'
[1.474s] Level 1:colcon.colcon_core.package_identification:_identify(src) by extensions ['ros']
[1.474s] Level 1:colcon.colcon_core.package_identification:_identify(src) by extension 'ros'
[1.474s] Level 1:colcon.colcon_core.package_identification:_identify(src) by extensions ['cmake', 'python']
[1.474s] Level 1:colcon.colcon_core.package_identification:_identify(src) by extension 'cmake'
[1.475s] Level 1:colcon.colcon_core.package_identification:_identify(src) by extension 'python'
[1.475s] Level 1:colcon.colcon_core.package_identification:_identify(src) by extensions ['python_setup_py']
[1.475s] Level 1:colcon.colcon_core.package_identification:_identify(src) by extension 'python_setup_py'
[1.475s] Level 1:colcon.colcon_core.package_identification:_identify(src/robotic_arm_controller) by extensions ['ignore', 'ignore_ament_install']
[1.475s] Level 1:colcon.colcon_core.package_identification:_identify(src/robotic_arm_controller) by extension 'ignore'
[1.475s] Level 1:colcon.colcon_core.package_identification:_identify(src/robotic_arm_controller) by extension 'ignore_ament_install'
[1.475s] Level 1:colcon.colcon_core.package_identification:_identify(src/robotic_arm_controller) by extensions ['colcon_pkg']
[1.475s] Level 1:colcon.colcon_core.package_identification:_identify(src/robotic_arm_controller) by extension 'colcon_pkg'
[1.475s] Level 1:colcon.colcon_core.package_identification:_identify(src/robotic_arm_controller) by extensions ['colcon_meta']
[1.475s] Level 1:colcon.colcon_core.package_identification:_identify(src/robotic_arm_controller) by extension 'colcon_meta'
[1.475s] Level 1:colcon.colcon_core.package_identification:_identify(src/robotic_arm_controller) by extensions ['ros']
[1.475s] Level 1:colcon.colcon_core.package_identification:_identify(src/robotic_arm_controller) by extension 'ros'
[1.477s] DEBUG:colcon.colcon_core.package_identification:Package 'src/robotic_arm_controller' with type 'ros.ament_cmake' and name 'robotic_arm_controller'
[1.477s] Level 1:colcon.colcon_core.package_identification:_identify(src/robotic_arm_description) by extensions ['ignore', 'ignore_ament_install']
[1.477s] Level 1:colcon.colcon_core.package_identification:_identify(src/robotic_arm_description) by extension 'ignore'
[1.477s] Level 1:colcon.colcon_core.package_identification:_identify(src/robotic_arm_description) by extension 'ignore_ament_install'
[1.477s] Level 1:colcon.colcon_core.package_identification:_identify(src/robotic_arm_description) by extensions ['colcon_pkg']
[1.477s] Level 1:colcon.colcon_core.package_identification:_identify(src/robotic_arm_description) by extension 'colcon_pkg'
[1.478s] Level 1:colcon.colcon_core.package_identification:_identify(src/robotic_arm_description) by extensions ['colcon_meta']
[1.478s] Level 1:colcon.colcon_core.package_identification:_identify(src/robotic_arm_description) by extension 'colcon_meta'
[1.478s] Level 1:colcon.colcon_core.package_identification:_identify(src/robotic_arm_description) by extensions ['ros']
[1.478s] Level 1:colcon.colcon_core.package_identification:_identify(src/robotic_arm_description) by extension 'ros'
[1.478s] DEBUG:colcon.colcon_core.package_identification:Package 'src/robotic_arm_description' with type 'ros.ament_cmake' and name 'robotic_arm_description'
[1.478s] Level 1:colcon.colcon_core.package_discovery:discover_packages(recursive) using defaults
[1.478s] Level 1:colcon.colcon_core.package_discovery:discover_packages(ignore) discover
[1.478s] Level 1:colcon.colcon_core.package_discovery:discover_packages(ignore) using defaults
[1.478s] Level 1:colcon.colcon_core.package_discovery:discover_packages(path) discover
[1.478s] Level 1:colcon.colcon_core.package_discovery:discover_packages(path) using defaults
[1.612s] Level 1:colcon.colcon_core.package_discovery:discover_packages(prefix_path) check parameters
[1.613s] Level 1:colcon.colcon_core.package_discovery:discover_packages(prefix_path) discover
[1.651s] DEBUG:colcon.colcon_installed_package_information.package_discovery:Found 3 installed packages in /home/jitesh/flipkart_ws/install
[1.669s] DEBUG:colcon.colcon_installed_package_information.package_discovery:Found 37 installed packages in /home/jitesh/bookros2_ws/install
[1.688s] DEBUG:colcon.colcon_installed_package_information.package_discovery:Found 60 installed packages in /home/jitesh/ws_moveit2/install
[1.705s] DEBUG:colcon.colcon_installed_package_information.package_discovery:Found 22 installed packages in /home/jitesh/ros2_ws/install
[1.721s] DEBUG:colcon.colcon_installed_package_information.package_discovery:Found 2 installed packages in /home/jitesh/roboarm_ws/install
[1.738s] DEBUG:colcon.colcon_installed_package_information.package_discovery:Found 479 installed packages in /opt/ros/humble
[1.741s] Level 1:colcon.colcon_core.package_discovery:discover_packages(prefix_path) using defaults
[1.863s] Level 5:colcon.colcon_core.verb:set package 'robotic_arm_controller' build argument 'cmake_args' from command line to 'None'
[1.863s] Level 5:colcon.colcon_core.verb:set package 'robotic_arm_controller' build argument 'cmake_target' from command line to 'None'
[1.863s] Level 5:colcon.colcon_core.verb:set package 'robotic_arm_controller' build argument 'cmake_target_skip_unavailable' from command line to 'False'
[1.863s] Level 5:colcon.colcon_core.verb:set package 'robotic_arm_controller' build argument 'cmake_clean_cache' from command line to 'False'
[1.863s] Level 5:colcon.colcon_core.verb:set package 'robotic_arm_controller' build argument 'cmake_clean_first' from command line to 'False'
[1.863s] Level 5:colcon.colcon_core.verb:set package 'robotic_arm_controller' build argument 'cmake_force_configure' from command line to 'False'
[1.863s] Level 5:colcon.colcon_core.verb:set package 'robotic_arm_controller' build argument 'ament_cmake_args' from command line to 'None'
[1.863s] Level 5:colcon.colcon_core.verb:set package 'robotic_arm_controller' build argument 'catkin_cmake_args' from command line to 'None'
[1.863s] Level 5:colcon.colcon_core.verb:set package 'robotic_arm_controller' build argument 'catkin_skip_building_tests' from command line to 'False'
[1.863s] DEBUG:colcon.colcon_core.verb:Building package 'robotic_arm_controller' with the following arguments: {'ament_cmake_args': None, 'build_base': '/home/jitesh/flipkart_ws/build/robotic_arm_controller', 'catkin_cmake_args': None, 'catkin_skip_building_tests': False, 'cmake_args': None, 'cmake_clean_cache': False, 'cmake_clean_first': False, 'cmake_force_configure': False, 'cmake_target': None, 'cmake_target_skip_unavailable': False, 'install_base': '/home/jitesh/flipkart_ws/install/robotic_arm_controller', 'merge_install': False, 'path': '/home/jitesh/flipkart_ws/src/robotic_arm_controller', 'symlink_install': False, 'test_result_base': None}
[1.879s] Level 5:colcon.colcon_core.verb:set package 'robotic_arm_description' build argument 'cmake_args' from command line to 'None'
[1.879s] Level 5:colcon.colcon_core.verb:set package 'robotic_arm_description' build argument 'cmake_target' from command line to 'None'
[1.879s] Level 5:colcon.colcon_core.verb:set package 'robotic_arm_description' build argument 'cmake_target_skip_unavailable' from command line to 'False'
[1.879s] Level 5:colcon.colcon_core.verb:set package 'robotic_arm_description' build argument 'cmake_clean_cache' from command line to 'False'
[1.880s] Level 5:colcon.colcon_core.verb:set package 'robotic_arm_description' build argument 'cmake_clean_first' from command line to 'False'
[1.880s] Level 5:colcon.colcon_core.verb:set package 'robotic_arm_description' build argument 'cmake_force_configure' from command line to 'False'
[1.880s] Level 5:colcon.colcon_core.verb:set package 'robotic_arm_description' build argument 'ament_cmake_args' from command line to 'None'
[1.880s] Level 5:colcon.colcon_core.verb:set package 'robotic_arm_description' build argument 'catkin_cmake_args' from command line to 'None'
[1.880s] Level 5:colcon.colcon_core.verb:set package 'robotic_arm_description' build argument 'catkin_skip_building_tests' from command line to 'False'
[1.880s] DEBUG:colcon.colcon_core.verb:Building package 'robotic_arm_description' with the following arguments: {'ament_cmake_args': None, 'build_base': '/home/jitesh/flipkart_ws/build/robotic_arm_description', 'catkin_cmake_args': None, 'catkin_skip_building_tests': False, 'cmake_args': None, 'cmake_clean_cache': False, 'cmake_clean_first': False, 'cmake_force_configure': False, 'cmake_target': None, 'cmake_target_skip_unavailable': False, 'install_base': '/home/jitesh/flipkart_ws/install/robotic_arm_description', 'merge_install': False, 'path': '/home/jitesh/flipkart_ws/src/robotic_arm_description', 'symlink_install': False, 'test_result_base': None}
[1.895s] INFO:colcon.colcon_core.executor:Executing jobs using 'parallel' executor
[1.912s] DEBUG:colcon.colcon_parallel_executor.executor.parallel:run_until_complete
[1.912s] INFO:colcon.colcon_ros.task.ament_cmake.build:Building ROS package in '/home/jitesh/flipkart_ws/src/robotic_arm_controller' with build type 'ament_cmake'
[1.912s] INFO:colcon.colcon_cmake.task.cmake.build:Building CMake package in '/home/jitesh/flipkart_ws/src/robotic_arm_controller'
[1.939s] INFO:colcon.colcon_core.plugin_system:Skipping extension 'colcon_core.shell.bat': Not used on non-Windows systems
[1.939s] INFO:colcon.colcon_core.shell:Skip shell extension 'powershell' for command environment: Not usable outside of PowerShell
[1.939s] DEBUG:colcon.colcon_core.shell:Skip shell extension 'dsv' for command environment
[2.066s] INFO:colcon.colcon_ros.task.ament_cmake.build:Building ROS package in '/home/jitesh/flipkart_ws/src/robotic_arm_description' with build type 'ament_cmake'
[2.067s] INFO:colcon.colcon_cmake.task.cmake.build:Building CMake package in '/home/jitesh/flipkart_ws/src/robotic_arm_description'
[2.085s] INFO:colcon.colcon_core.shell:Skip shell extension 'powershell' for command environment: Not usable outside of PowerShell
[2.085s] DEBUG:colcon.colcon_core.shell:Skip shell extension 'dsv' for command environment
[2.219s] DEBUG:colcon.colcon_core.event_handler.log_command:Invoking command in '/home/jitesh/flipkart_ws/build/robotic_arm_controller': CMAKE_PREFIX_PATH=${CMAKE_PREFIX_PATH}:/home/jitesh/ws_moveit2/install/moveit_configs_utils:/home/jitesh/ws_moveit2/install/launch_param_builder:/home/jitesh/bookros2_ws/install/launch_pal:/home/jitesh/bookros2_ws/install/br2_fsm_bumpgo_py:/home/jitesh/roboarm_ws/install/my_robot_arm:/home/jitesh/ros2_ws/install/urdf_tutorial:/home/jitesh/ros2_ws/install/py_srvcli:/home/jitesh/ros2_ws/install/py_pubsub:/home/jitesh/ros2_ws/install/my_robot_controller:/home/jitesh/ros2_ws/install/cpp_pubsub:/opt/ros/humble /usr/bin/cmake --build /home/jitesh/flipkart_ws/build/robotic_arm_controller -- -j12 -l12
[2.227s] DEBUG:colcon.colcon_core.event_handler.log_command:Invoking command in '/home/jitesh/flipkart_ws/build/robotic_arm_description': CMAKE_PREFIX_PATH=${CMAKE_PREFIX_PATH}:/home/jitesh/ws_moveit2/install/moveit_configs_utils:/home/jitesh/ws_moveit2/install/launch_param_builder:/home/jitesh/bookros2_ws/install/launch_pal:/home/jitesh/bookros2_ws/install/br2_fsm_bumpgo_py:/home/jitesh/roboarm_ws/install/my_robot_arm:/home/jitesh/ros2_ws/install/urdf_tutorial:/home/jitesh/ros2_ws/install/py_srvcli:/home/jitesh/ros2_ws/install/py_pubsub:/home/jitesh/ros2_ws/install/my_robot_controller:/home/jitesh/ros2_ws/install/cpp_pubsub:/opt/ros/humble /usr/bin/cmake --build /home/jitesh/flipkart_ws/build/robotic_arm_description -- -j12 -l12
[2.317s] DEBUG:colcon.colcon_core.event_handler.log_command:Invoked command in '/home/jitesh/flipkart_ws/build/robotic_arm_controller' returned '0': CMAKE_PREFIX_PATH=${CMAKE_PREFIX_PATH}:/home/jitesh/ws_moveit2/install/moveit_configs_utils:/home/jitesh/ws_moveit2/install/launch_param_builder:/home/jitesh/bookros2_ws/install/launch_pal:/home/jitesh/bookros2_ws/install/br2_fsm_bumpgo_py:/home/jitesh/roboarm_ws/install/my_robot_arm:/home/jitesh/ros2_ws/install/urdf_tutorial:/home/jitesh/ros2_ws/install/py_srvcli:/home/jitesh/ros2_ws/install/py_pubsub:/home/jitesh/ros2_ws/install/my_robot_controller:/home/jitesh/ros2_ws/install/cpp_pubsub:/opt/ros/humble /usr/bin/cmake --build /home/jitesh/flipkart_ws/build/robotic_arm_controller -- -j12 -l12
[2.323s] DEBUG:colcon.colcon_core.event_handler.log_command:Invoked command in '/home/jitesh/flipkart_ws/build/robotic_arm_description' returned '0': CMAKE_PREFIX_PATH=${CMAKE_PREFIX_PATH}:/home/jitesh/ws_moveit2/install/moveit_configs_utils:/home/jitesh/ws_moveit2/install/launch_param_builder:/home/jitesh/bookros2_ws/install/launch_pal:/home/jitesh/bookros2_ws/install/br2_fsm_bumpgo_py:/home/jitesh/roboarm_ws/install/my_robot_arm:/home/jitesh/ros2_ws/install/urdf_tutorial:/home/jitesh/ros2_ws/install/py_srvcli:/home/jitesh/ros2_ws/install/py_pubsub:/home/jitesh/ros2_ws/install/my_robot_controller:/home/jitesh/ros2_ws/install/cpp_pubsub:/opt/ros/humble /usr/bin/cmake --build /home/jitesh/flipkart_ws/build/robotic_arm_description -- -j12 -l12
[2.420s] DEBUG:colcon.colcon_core.event_handler.log_command:Invoking command in '/home/jitesh/flipkart_ws/build/robotic_arm_description': CMAKE_PREFIX_PATH=${CMAKE_PREFIX_PATH}:/home/jitesh/ws_moveit2/install/moveit_configs_utils:/home/jitesh/ws_moveit2/install/launch_param_builder:/home/jitesh/bookros2_ws/install/launch_pal:/home/jitesh/bookros2_ws/install/br2_fsm_bumpgo_py:/home/jitesh/roboarm_ws/install/my_robot_arm:/home/jitesh/ros2_ws/install/urdf_tutorial:/home/jitesh/ros2_ws/install/py_srvcli:/home/jitesh/ros2_ws/install/py_pubsub:/home/jitesh/ros2_ws/install/my_robot_controller:/home/jitesh/ros2_ws/install/cpp_pubsub:/opt/ros/humble /usr/bin/cmake --install /home/jitesh/flipkart_ws/build/robotic_arm_description
[2.423s] DEBUG:colcon.colcon_core.event_handler.log_command:Invoking command in '/home/jitesh/flipkart_ws/build/robotic_arm_controller': CMAKE_PREFIX_PATH=${CMAKE_PREFIX_PATH}:/home/jitesh/ws_moveit2/install/moveit_configs_utils:/home/jitesh/ws_moveit2/install/launch_param_builder:/home/jitesh/bookros2_ws/install/launch_pal:/home/jitesh/bookros2_ws/install/br2_fsm_bumpgo_py:/home/jitesh/roboarm_ws/install/my_robot_arm:/home/jitesh/ros2_ws/install/urdf_tutorial:/home/jitesh/ros2_ws/install/py_srvcli:/home/jitesh/ros2_ws/install/py_pubsub:/home/jitesh/ros2_ws/install/my_robot_controller:/home/jitesh/ros2_ws/install/cpp_pubsub:/opt/ros/humble /usr/bin/cmake --install /home/jitesh/flipkart_ws/build/robotic_arm_controller
[2.450s] Level 1:colcon.colcon_core.environment:create_environment_scripts_only(robotic_arm_controller)
[2.450s] DEBUG:colcon.colcon_core.event_handler.log_command:Invoked command in '/home/jitesh/flipkart_ws/build/robotic_arm_controller' returned '0': CMAKE_PREFIX_PATH=${CMAKE_PREFIX_PATH}:/home/jitesh/ws_moveit2/install/moveit_configs_utils:/home/jitesh/ws_moveit2/install/launch_param_builder:/home/jitesh/bookros2_ws/install/launch_pal:/home/jitesh/bookros2_ws/install/br2_fsm_bumpgo_py:/home/jitesh/roboarm_ws/install/my_robot_arm:/home/jitesh/ros2_ws/install/urdf_tutorial:/home/jitesh/ros2_ws/install/py_srvcli:/home/jitesh/ros2_ws/install/py_pubsub:/home/jitesh/ros2_ws/install/my_robot_controller:/home/jitesh/ros2_ws/install/cpp_pubsub:/opt/ros/humble /usr/bin/cmake --install /home/jitesh/flipkart_ws/build/robotic_arm_controller
[2.491s] Level 1:colcon.colcon_core.environment:checking '/home/jitesh/flipkart_ws/install/robotic_arm_controller' for CMake module files
[2.492s] Level 1:colcon.colcon_core.environment:checking '/home/jitesh/flipkart_ws/install/robotic_arm_controller' for CMake config files
[2.492s] Level 1:colcon.colcon_core.shell:create_environment_hook('robotic_arm_controller', 'cmake_prefix_path')
[2.508s] INFO:colcon.colcon_core.shell:Creating environment hook '/home/jitesh/flipkart_ws/install/robotic_arm_controller/share/robotic_arm_controller/hook/cmake_prefix_path.ps1'
[2.509s] INFO:colcon.colcon_core.shell:Creating environment descriptor '/home/jitesh/flipkart_ws/install/robotic_arm_controller/share/robotic_arm_controller/hook/cmake_prefix_path.dsv'
[2.509s] INFO:colcon.colcon_core.shell:Creating environment hook '/home/jitesh/flipkart_ws/install/robotic_arm_controller/share/robotic_arm_controller/hook/cmake_prefix_path.sh'
[2.510s] Level 1:colcon.colcon_core.environment:checking '/home/jitesh/flipkart_ws/install/robotic_arm_controller/bin'
[2.510s] Level 1:colcon.colcon_core.environment:checking '/home/jitesh/flipkart_ws/install/robotic_arm_controller/lib/pkgconfig/robotic_arm_controller.pc'
[2.510s] Level 1:colcon.colcon_core.environment:checking '/home/jitesh/flipkart_ws/install/robotic_arm_controller/lib/python3.10/site-packages'
[2.511s] Level 1:colcon.colcon_core.environment:checking '/home/jitesh/flipkart_ws/install/robotic_arm_controller/bin'
[2.527s] INFO:colcon.colcon_core.shell:Creating package script '/home/jitesh/flipkart_ws/install/robotic_arm_controller/share/robotic_arm_controller/package.ps1'
[2.528s] INFO:colcon.colcon_core.shell:Creating package descriptor '/home/jitesh/flipkart_ws/install/robotic_arm_controller/share/robotic_arm_controller/package.dsv'
[2.528s] INFO:colcon.colcon_core.shell:Creating package script '/home/jitesh/flipkart_ws/install/robotic_arm_controller/share/robotic_arm_controller/package.sh'
[2.529s] INFO:colcon.colcon_core.shell:Creating package script '/home/jitesh/flipkart_ws/install/robotic_arm_controller/share/robotic_arm_controller/package.bash'
[2.530s] INFO:colcon.colcon_core.shell:Creating package script '/home/jitesh/flipkart_ws/install/robotic_arm_controller/share/robotic_arm_controller/package.zsh'
[2.530s] Level 1:colcon.colcon_core.environment:create_file_with_runtime_dependencies(/home/jitesh/flipkart_ws/install/robotic_arm_controller/share/colcon-core/packages/robotic_arm_controller)
[2.532s] Level 1:colcon.colcon_core.environment:create_environment_scripts_only(robotic_arm_description)
[2.533s] DEBUG:colcon.colcon_core.event_handler.log_command:Invoked command in '/home/jitesh/flipkart_ws/build/robotic_arm_description' returned '0': CMAKE_PREFIX_PATH=${CMAKE_PREFIX_PATH}:/home/jitesh/ws_moveit2/install/moveit_configs_utils:/home/jitesh/ws_moveit2/install/launch_param_builder:/home/jitesh/bookros2_ws/install/launch_pal:/home/jitesh/bookros2_ws/install/br2_fsm_bumpgo_py:/home/jitesh/roboarm_ws/install/my_robot_arm:/home/jitesh/ros2_ws/install/urdf_tutorial:/home/jitesh/ros2_ws/install/py_srvcli:/home/jitesh/ros2_ws/install/py_pubsub:/home/jitesh/ros2_ws/install/my_robot_controller:/home/jitesh/ros2_ws/install/cpp_pubsub:/opt/ros/humble /usr/bin/cmake --install /home/jitesh/flipkart_ws/build/robotic_arm_description
[2.550s] Level 1:colcon.colcon_core.environment:checking '/home/jitesh/flipkart_ws/install/robotic_arm_description' for CMake module files
[2.550s] Level 1:colcon.colcon_core.environment:checking '/home/jitesh/flipkart_ws/install/robotic_arm_description' for CMake config files
[2.551s] Level 1:colcon.colcon_core.shell:create_environment_hook('robotic_arm_description', 'cmake_prefix_path')
[2.568s] INFO:colcon.colcon_core.shell:Creating environment hook '/home/jitesh/flipkart_ws/install/robotic_arm_description/share/robotic_arm_description/hook/cmake_prefix_path.ps1'
[2.569s] INFO:colcon.colcon_core.shell:Creating environment descriptor '/home/jitesh/flipkart_ws/install/robotic_arm_description/share/robotic_arm_description/hook/cmake_prefix_path.dsv'
[2.569s] INFO:colcon.colcon_core.shell:Creating environment hook '/home/jitesh/flipkart_ws/install/robotic_arm_description/share/robotic_arm_description/hook/cmake_prefix_path.sh'
[2.570s] Level 1:colcon.colcon_core.environment:checking '/home/jitesh/flipkart_ws/install/robotic_arm_description/bin'
[2.570s] Level 1:colcon.colcon_core.environment:checking '/home/jitesh/flipkart_ws/install/robotic_arm_description/lib/pkgconfig/robotic_arm_description.pc'
[2.570s] Level 1:colcon.colcon_core.environment:checking '/home/jitesh/flipkart_ws/install/robotic_arm_description/lib/python3.10/site-packages'
[2.570s] Level 1:colcon.colcon_core.environment:checking '/home/jitesh/flipkart_ws/install/robotic_arm_description/bin'
[2.587s] INFO:colcon.colcon_core.shell:Creating package script '/home/jitesh/flipkart_ws/install/robotic_arm_description/share/robotic_arm_description/package.ps1'
[2.588s] INFO:colcon.colcon_core.shell:Creating package descriptor '/home/jitesh/flipkart_ws/install/robotic_arm_description/share/robotic_arm_description/package.dsv'
[2.588s] INFO:colcon.colcon_core.shell:Creating package script '/home/jitesh/flipkart_ws/install/robotic_arm_description/share/robotic_arm_description/package.sh'
[2.589s] INFO:colcon.colcon_core.shell:Creating package script '/home/jitesh/flipkart_ws/install/robotic_arm_description/share/robotic_arm_description/package.bash'
[2.589s] INFO:colcon.colcon_core.shell:Creating package script '/home/jitesh/flipkart_ws/install/robotic_arm_description/share/robotic_arm_description/package.zsh'
[2.590s] Level 1:colcon.colcon_core.environment:create_file_with_runtime_dependencies(/home/jitesh/flipkart_ws/install/robotic_arm_description/share/colcon-core/packages/robotic_arm_description)
[2.626s] Level 1:colcon.colcon_core.environment:create_environment_scripts_only(robotic_arm_controller)
[2.642s] Level 1:colcon.colcon_core.environment:checking '/home/jitesh/flipkart_ws/install/robotic_arm_controller' for CMake module files
[2.643s] Level 1:colcon.colcon_core.environment:checking '/home/jitesh/flipkart_ws/install/robotic_arm_controller' for CMake config files
[2.643s] Level 1:colcon.colcon_core.shell:create_environment_hook('robotic_arm_controller', 'cmake_prefix_path')
[2.659s] INFO:colcon.colcon_core.shell:Creating environment hook '/home/jitesh/flipkart_ws/install/robotic_arm_controller/share/robotic_arm_controller/hook/cmake_prefix_path.ps1'
[2.660s] INFO:colcon.colcon_core.shell:Creating environment descriptor '/home/jitesh/flipkart_ws/install/robotic_arm_controller/share/robotic_arm_controller/hook/cmake_prefix_path.dsv'
[2.660s] INFO:colcon.colcon_core.shell:Creating environment hook '/home/jitesh/flipkart_ws/install/robotic_arm_controller/share/robotic_arm_controller/hook/cmake_prefix_path.sh'
[2.661s] Level 1:colcon.colcon_core.environment:checking '/home/jitesh/flipkart_ws/install/robotic_arm_controller/bin'
[2.661s] Level 1:colcon.colcon_core.environment:checking '/home/jitesh/flipkart_ws/install/robotic_arm_controller/lib/pkgconfig/robotic_arm_controller.pc'
[2.661s] Level 1:colcon.colcon_core.environment:checking '/home/jitesh/flipkart_ws/install/robotic_arm_controller/lib/python3.10/site-packages'
[2.661s] Level 1:colcon.colcon_core.environment:checking '/home/jitesh/flipkart_ws/install/robotic_arm_controller/bin'
[2.678s] INFO:colcon.colcon_core.shell:Creating package script '/home/jitesh/flipkart_ws/install/robotic_arm_controller/share/robotic_arm_controller/package.ps1'
[2.678s] INFO:colcon.colcon_core.shell:Creating package descriptor '/home/jitesh/flipkart_ws/install/robotic_arm_controller/share/robotic_arm_controller/package.dsv'
[2.679s] INFO:colcon.colcon_core.shell:Creating package script '/home/jitesh/flipkart_ws/install/robotic_arm_controller/share/robotic_arm_controller/package.sh'
[2.679s] INFO:colcon.colcon_core.shell:Creating package script '/home/jitesh/flipkart_ws/install/robotic_arm_controller/share/robotic_arm_controller/package.bash'
[2.680s] INFO:colcon.colcon_core.shell:Creating package script '/home/jitesh/flipkart_ws/install/robotic_arm_controller/share/robotic_arm_controller/package.zsh'
[2.680s] Level 1:colcon.colcon_core.environment:create_file_with_runtime_dependencies(/home/jitesh/flipkart_ws/install/robotic_arm_controller/share/colcon-core/packages/robotic_arm_controller)
[2.698s] Level 1:colcon.colcon_core.environment:create_environment_scripts_only(robotic_arm_description)
[2.715s] Level 1:colcon.colcon_core.environment:checking '/home/jitesh/flipkart_ws/install/robotic_arm_description' for CMake module files
[2.716s] Level 1:colcon.colcon_core.environment:checking '/home/jitesh/flipkart_ws/install/robotic_arm_description' for CMake config files
[2.716s] Level 1:colcon.colcon_core.shell:create_environment_hook('robotic_arm_description', 'cmake_prefix_path')
[2.733s] INFO:colcon.colcon_core.shell:Creating environment hook '/home/jitesh/flipkart_ws/install/robotic_arm_description/share/robotic_arm_description/hook/cmake_prefix_path.ps1'
[2.734s] INFO:colcon.colcon_core.shell:Creating environment descriptor '/home/jitesh/flipkart_ws/install/robotic_arm_description/share/robotic_arm_description/hook/cmake_prefix_path.dsv'
[2.734s] INFO:colcon.colcon_core.shell:Creating environment hook '/home/jitesh/flipkart_ws/install/robotic_arm_description/share/robotic_arm_description/hook/cmake_prefix_path.sh'
[2.734s] Level 1:colcon.colcon_core.environment:checking '/home/jitesh/flipkart_ws/install/robotic_arm_description/bin'
[2.734s] Level 1:colcon.colcon_core.environment:checking '/home/jitesh/flipkart_ws/install/robotic_arm_description/lib/pkgconfig/robotic_arm_description.pc'
[2.735s] Level 1:colcon.colcon_core.environment:checking '/home/jitesh/flipkart_ws/install/robotic_arm_description/lib/python3.10/site-packages'
[2.735s] Level 1:colcon.colcon_core.environment:checking '/home/jitesh/flipkart_ws/install/robotic_arm_description/bin'
[2.751s] INFO:colcon.colcon_core.shell:Creating package script '/home/jitesh/flipkart_ws/install/robotic_arm_description/share/robotic_arm_description/package.ps1'
[2.752s] INFO:colcon.colcon_core.shell:Creating package descriptor '/home/jitesh/flipkart_ws/install/robotic_arm_description/share/robotic_arm_description/package.dsv'
[2.752s] INFO:colcon.colcon_core.shell:Creating package script '/home/jitesh/flipkart_ws/install/robotic_arm_description/share/robotic_arm_description/package.sh'
[2.753s] INFO:colcon.colcon_core.shell:Creating package script '/home/jitesh/flipkart_ws/install/robotic_arm_description/share/robotic_arm_description/package.bash'
[2.753s] INFO:colcon.colcon_core.shell:Creating package script '/home/jitesh/flipkart_ws/install/robotic_arm_description/share/robotic_arm_description/package.zsh'
[2.753s] Level 1:colcon.colcon_core.environment:create_file_with_runtime_dependencies(/home/jitesh/flipkart_ws/install/robotic_arm_description/share/colcon-core/packages/robotic_arm_description)
[2.754s] DEBUG:colcon.colcon_parallel_executor.executor.parallel:closing loop
[2.754s] DEBUG:colcon.colcon_parallel_executor.executor.parallel:loop closed
[2.754s] DEBUG:colcon.colcon_parallel_executor.executor.parallel:run_until_complete finished with '0'
[2.754s] DEBUG:colcon.colcon_core.event_reactor:joining thread
[2.779s] INFO:colcon.colcon_core.plugin_system:Skipping extension 'colcon_notification.desktop_notification.terminal_notifier': Not used on non-Darwin systems
[2.779s] INFO:colcon.colcon_core.plugin_system:Skipping extension 'colcon_notification.desktop_notification.win32': Not used on non-Windows systems
[2.779s] INFO:colcon.colcon_notification.desktop_notification:Sending desktop notification using 'notify2'
[2.800s] DEBUG:colcon.colcon_core.event_reactor:joined thread
[2.818s] INFO:colcon.colcon_core.shell:Creating prefix script '/home/jitesh/flipkart_ws/install/local_setup.ps1'
[2.819s] INFO:colcon.colcon_core.shell:Creating prefix util module '/home/jitesh/flipkart_ws/install/_local_setup_util_ps1.py'
[2.820s] INFO:colcon.colcon_core.shell:Creating prefix chain script '/home/jitesh/flipkart_ws/install/setup.ps1'
[2.859s] INFO:colcon.colcon_core.shell:Creating prefix script '/home/jitesh/flipkart_ws/install/local_setup.sh'
[2.860s] INFO:colcon.colcon_core.shell:Creating prefix util module '/home/jitesh/flipkart_ws/install/_local_setup_util_sh.py'
[2.860s] INFO:colcon.colcon_core.shell:Creating prefix chain script '/home/jitesh/flipkart_ws/install/setup.sh'
[2.881s] INFO:colcon.colcon_core.shell:Creating prefix script '/home/jitesh/flipkart_ws/install/local_setup.bash'
[2.882s] INFO:colcon.colcon_core.shell:Creating prefix chain script '/home/jitesh/flipkart_ws/install/setup.bash'
[2.903s] INFO:colcon.colcon_core.shell:Creating prefix script '/home/jitesh/flipkart_ws/install/local_setup.zsh'
[2.903s] INFO:colcon.colcon_core.shell:Creating prefix chain script '/home/jitesh/flipkart_ws/install/setup.zsh'
