[0.508s] Invoking command in '/home/jitesh/flipkart_ws/build/robotic_arm_controller': CMAKE_PREFIX_PATH=${CMAKE_PREFIX_PATH}:/home/jitesh/ws_moveit2/install/moveit_configs_utils:/home/jitesh/ws_moveit2/install/launch_param_builder:/home/jitesh/bookros2_ws/install/launch_pal:/home/jitesh/bookros2_ws/install/br2_fsm_bumpgo_py:/home/jitesh/roboarm_ws/install/my_robot_arm:/home/jitesh/ros2_ws/install/urdf_tutorial:/home/jitesh/ros2_ws/install/py_srvcli:/home/jitesh/ros2_ws/install/py_pubsub:/home/jitesh/ros2_ws/install/my_robot_controller:/home/jitesh/ros2_ws/install/cpp_pubsub:/opt/ros/humble /usr/bin/cmake --build /home/jitesh/flipkart_ws/build/robotic_arm_controller -- -j12 -l12
[0.569s] -- Found ament_cmake: 1.3.6 (/opt/ros/humble/share/ament_cmake/cmake)
[0.835s] -- Found ament_lint_auto: 0.12.9 (/opt/ros/humble/share/ament_lint_auto/cmake)
[0.998s] -- Added test 'flake8' to check Python code syntax and style conventions
[0.998s] -- Added test 'lint_cmake' to check CMake code style
[0.998s] -- Added test 'pep257' to check Python code against some of the docstring style conventions in PEP 257
[0.999s] -- Added test 'xmllint' to check XML markup files
[0.999s] -- Configuring done
[1.000s] -- Generating done
[1.001s] -- Build files have been written to: /home/jitesh/flipkart_ws/build/robotic_arm_controller
[1.111s] Invoked command in '/home/jitesh/flipkart_ws/build/robotic_arm_controller' returned '0': CMAKE_PREFIX_PATH=${CMAKE_PREFIX_PATH}:/home/jitesh/ws_moveit2/install/moveit_configs_utils:/home/jitesh/ws_moveit2/install/launch_param_builder:/home/jitesh/bookros2_ws/install/launch_pal:/home/jitesh/bookros2_ws/install/br2_fsm_bumpgo_py:/home/jitesh/roboarm_ws/install/my_robot_arm:/home/jitesh/ros2_ws/install/urdf_tutorial:/home/jitesh/ros2_ws/install/py_srvcli:/home/jitesh/ros2_ws/install/py_pubsub:/home/jitesh/ros2_ws/install/my_robot_controller:/home/jitesh/ros2_ws/install/cpp_pubsub:/opt/ros/humble /usr/bin/cmake --build /home/jitesh/flipkart_ws/build/robotic_arm_controller -- -j12 -l12
[1.186s] Invoking command in '/home/jitesh/flipkart_ws/build/robotic_arm_controller': CMAKE_PREFIX_PATH=${CMAKE_PREFIX_PATH}:/home/jitesh/ws_moveit2/install/moveit_configs_utils:/home/jitesh/ws_moveit2/install/launch_param_builder:/home/jitesh/bookros2_ws/install/launch_pal:/home/jitesh/bookros2_ws/install/br2_fsm_bumpgo_py:/home/jitesh/roboarm_ws/install/my_robot_arm:/home/jitesh/ros2_ws/install/urdf_tutorial:/home/jitesh/ros2_ws/install/py_srvcli:/home/jitesh/ros2_ws/install/py_pubsub:/home/jitesh/ros2_ws/install/my_robot_controller:/home/jitesh/ros2_ws/install/cpp_pubsub:/opt/ros/humble /usr/bin/cmake --install /home/jitesh/flipkart_ws/build/robotic_arm_controller
[1.206s] -- Install configuration: ""
[1.206s] -- Installing: /home/jitesh/flipkart_ws/install/robotic_arm_controller/share/robotic_arm_controller/launch
[1.206s] -- Installing: /home/jitesh/flipkart_ws/install/robotic_arm_controller/share/robotic_arm_controller/launch/controller.launch.py
[1.206s] -- Up-to-date: /home/jitesh/flipkart_ws/install/robotic_arm_controller/share/ament_index/resource_index/package_run_dependencies/robotic_arm_controller
[1.206s] -- Installing: /home/jitesh/flipkart_ws/install/robotic_arm_controller/share/ament_index/resource_index/parent_prefix_path/robotic_arm_controller
[1.206s] -- Up-to-date: /home/jitesh/flipkart_ws/install/robotic_arm_controller/share/robotic_arm_controller/environment/ament_prefix_path.sh
[1.206s] -- Installing: /home/jitesh/flipkart_ws/install/robotic_arm_controller/share/robotic_arm_controller/environment/ament_prefix_path.dsv
[1.207s] -- Up-to-date: /home/jitesh/flipkart_ws/install/robotic_arm_controller/share/robotic_arm_controller/environment/path.sh
[1.207s] -- Installing: /home/jitesh/flipkart_ws/install/robotic_arm_controller/share/robotic_arm_controller/environment/path.dsv
[1.207s] -- Up-to-date: /home/jitesh/flipkart_ws/install/robotic_arm_controller/share/robotic_arm_controller/local_setup.bash
[1.207s] -- Up-to-date: /home/jitesh/flipkart_ws/install/robotic_arm_controller/share/robotic_arm_controller/local_setup.sh
[1.207s] -- Up-to-date: /home/jitesh/flipkart_ws/install/robotic_arm_controller/share/robotic_arm_controller/local_setup.zsh
[1.207s] -- Installing: /home/jitesh/flipkart_ws/install/robotic_arm_controller/share/robotic_arm_controller/local_setup.dsv
[1.207s] -- Installing: /home/jitesh/flipkart_ws/install/robotic_arm_controller/share/robotic_arm_controller/package.dsv
[1.207s] -- Up-to-date: /home/jitesh/flipkart_ws/install/robotic_arm_controller/share/ament_index/resource_index/packages/robotic_arm_controller
[1.208s] -- Up-to-date: /home/jitesh/flipkart_ws/install/robotic_arm_controller/share/robotic_arm_controller/cmake/robotic_arm_controllerConfig.cmake
[1.208s] -- Up-to-date: /home/jitesh/flipkart_ws/install/robotic_arm_controller/share/robotic_arm_controller/cmake/robotic_arm_controllerConfig-version.cmake
[1.208s] -- Up-to-date: /home/jitesh/flipkart_ws/install/robotic_arm_controller/share/robotic_arm_controller/package.xml
[1.211s] Invoked command in '/home/jitesh/flipkart_ws/build/robotic_arm_controller' returned '0': CMAKE_PREFIX_PATH=${CMAKE_PREFIX_PATH}:/home/jitesh/ws_moveit2/install/moveit_configs_utils:/home/jitesh/ws_moveit2/install/launch_param_builder:/home/jitesh/bookros2_ws/install/launch_pal:/home/jitesh/bookros2_ws/install/br2_fsm_bumpgo_py:/home/jitesh/roboarm_ws/install/my_robot_arm:/home/jitesh/ros2_ws/install/urdf_tutorial:/home/jitesh/ros2_ws/install/py_srvcli:/home/jitesh/ros2_ws/install/py_pubsub:/home/jitesh/ros2_ws/install/my_robot_controller:/home/jitesh/ros2_ws/install/cpp_pubsub:/opt/ros/humble /usr/bin/cmake --install /home/jitesh/flipkart_ws/build/robotic_arm_controller
