[1.199s] Invoking command in '/home/jitesh/flipkart_ws/build/robotic_arm_controller': CMAKE_PREFIX_PATH=${CMAKE_PREFIX_PATH}:/home/jitesh/ws_moveit2/install/moveit_configs_utils:/home/jitesh/ws_moveit2/install/launch_param_builder:/home/jitesh/bookros2_ws/install/launch_pal:/home/jitesh/bookros2_ws/install/br2_fsm_bumpgo_py:/home/jitesh/roboarm_ws/install/my_robot_arm:/home/jitesh/ros2_ws/install/urdf_tutorial:/home/jitesh/ros2_ws/install/py_srvcli:/home/jitesh/ros2_ws/install/py_pubsub:/home/jitesh/ros2_ws/install/my_robot_controller:/home/jitesh/ros2_ws/install/cpp_pubsub:/opt/ros/humble /usr/bin/cmake --build /home/jitesh/flipkart_ws/build/robotic_arm_controller -- -j12 -l12
[1.350s] Invoked command in '/home/jitesh/flipkart_ws/build/robotic_arm_controller' returned '0': CMAKE_PREFIX_PATH=${CMAKE_PREFIX_PATH}:/home/jitesh/ws_moveit2/install/moveit_configs_utils:/home/jitesh/ws_moveit2/install/launch_param_builder:/home/jitesh/bookros2_ws/install/launch_pal:/home/jitesh/bookros2_ws/install/br2_fsm_bumpgo_py:/home/jitesh/roboarm_ws/install/my_robot_arm:/home/jitesh/ros2_ws/install/urdf_tutorial:/home/jitesh/ros2_ws/install/py_srvcli:/home/jitesh/ros2_ws/install/py_pubsub:/home/jitesh/ros2_ws/install/my_robot_controller:/home/jitesh/ros2_ws/install/cpp_pubsub:/opt/ros/humble /usr/bin/cmake --build /home/jitesh/flipkart_ws/build/robotic_arm_controller -- -j12 -l12
[1.464s] Invoking command in '/home/jitesh/flipkart_ws/build/robotic_arm_controller': CMAKE_PREFIX_PATH=${CMAKE_PREFIX_PATH}:/home/jitesh/ws_moveit2/install/moveit_configs_utils:/home/jitesh/ws_moveit2/install/launch_param_builder:/home/jitesh/bookros2_ws/install/launch_pal:/home/jitesh/bookros2_ws/install/br2_fsm_bumpgo_py:/home/jitesh/roboarm_ws/install/my_robot_arm:/home/jitesh/ros2_ws/install/urdf_tutorial:/home/jitesh/ros2_ws/install/py_srvcli:/home/jitesh/ros2_ws/install/py_pubsub:/home/jitesh/ros2_ws/install/my_robot_controller:/home/jitesh/ros2_ws/install/cpp_pubsub:/opt/ros/humble /usr/bin/cmake --install /home/jitesh/flipkart_ws/build/robotic_arm_controller
[1.487s] -- Install configuration: ""
[1.487s] -- Up-to-date: /home/jitesh/flipkart_ws/install/robotic_arm_controller/share/robotic_arm_controller/launch
[1.488s] -- Up-to-date: /home/jitesh/flipkart_ws/install/robotic_arm_controller/share/robotic_arm_controller/launch/controller.launch.py
[1.488s] -- Up-to-date: /home/jitesh/flipkart_ws/install/robotic_arm_controller/share/robotic_arm_controller/config
[1.488s] -- Up-to-date: /home/jitesh/flipkart_ws/install/robotic_arm_controller/share/robotic_arm_controller/config/robotic_arm_controllers.yaml
[1.489s] -- Up-to-date: /home/jitesh/flipkart_ws/install/robotic_arm_controller/share/ament_index/resource_index/package_run_dependencies/robotic_arm_controller
[1.489s] -- Up-to-date: /home/jitesh/flipkart_ws/install/robotic_arm_controller/share/ament_index/resource_index/parent_prefix_path/robotic_arm_controller
[1.489s] -- Up-to-date: /home/jitesh/flipkart_ws/install/robotic_arm_controller/share/robotic_arm_controller/environment/ament_prefix_path.sh
[1.489s] -- Up-to-date: /home/jitesh/flipkart_ws/install/robotic_arm_controller/share/robotic_arm_controller/environment/ament_prefix_path.dsv
[1.489s] -- Up-to-date: /home/jitesh/flipkart_ws/install/robotic_arm_controller/share/robotic_arm_controller/environment/path.sh
[1.489s] -- Up-to-date: /home/jitesh/flipkart_ws/install/robotic_arm_controller/share/robotic_arm_controller/environment/path.dsv
[1.489s] -- Up-to-date: /home/jitesh/flipkart_ws/install/robotic_arm_controller/share/robotic_arm_controller/local_setup.bash
[1.490s] -- Up-to-date: /home/jitesh/flipkart_ws/install/robotic_arm_controller/share/robotic_arm_controller/local_setup.sh
[1.490s] -- Up-to-date: /home/jitesh/flipkart_ws/install/robotic_arm_controller/share/robotic_arm_controller/local_setup.zsh
[1.490s] -- Up-to-date: /home/jitesh/flipkart_ws/install/robotic_arm_controller/share/robotic_arm_controller/local_setup.dsv
[1.490s] -- Up-to-date: /home/jitesh/flipkart_ws/install/robotic_arm_controller/share/robotic_arm_controller/package.dsv
[1.490s] -- Up-to-date: /home/jitesh/flipkart_ws/install/robotic_arm_controller/share/ament_index/resource_index/packages/robotic_arm_controller
[1.490s] -- Up-to-date: /home/jitesh/flipkart_ws/install/robotic_arm_controller/share/robotic_arm_controller/cmake/robotic_arm_controllerConfig.cmake
[1.490s] -- Up-to-date: /home/jitesh/flipkart_ws/install/robotic_arm_controller/share/robotic_arm_controller/cmake/robotic_arm_controllerConfig-version.cmake
[1.491s] -- Up-to-date: /home/jitesh/flipkart_ws/install/robotic_arm_controller/share/robotic_arm_controller/package.xml
[1.499s] Invoked command in '/home/jitesh/flipkart_ws/build/robotic_arm_controller' returned '0': CMAKE_PREFIX_PATH=${CMAKE_PREFIX_PATH}:/home/jitesh/ws_moveit2/install/moveit_configs_utils:/home/jitesh/ws_moveit2/install/launch_param_builder:/home/jitesh/bookros2_ws/install/launch_pal:/home/jitesh/bookros2_ws/install/br2_fsm_bumpgo_py:/home/jitesh/roboarm_ws/install/my_robot_arm:/home/jitesh/ros2_ws/install/urdf_tutorial:/home/jitesh/ros2_ws/install/py_srvcli:/home/jitesh/ros2_ws/install/py_pubsub:/home/jitesh/ros2_ws/install/my_robot_controller:/home/jitesh/ros2_ws/install/cpp_pubsub:/opt/ros/humble /usr/bin/cmake --install /home/jitesh/flipkart_ws/build/robotic_arm_controller
