[2.677s] Invoking command in '/home/jitesh/flipkart_ws/src/yolov8_ros/yolov8_ros': PYTHONPATH=/home/jitesh/flipkart_ws/build/yolov8_ros/prefix_override:/home/jitesh/flipkart_ws/install/yolov8_ros/lib/python3.10/site-packages:${PYTHONPATH} /usr/bin/python3 setup.py egg_info --egg-base ../../../build/yolov8_ros build --build-base /home/jitesh/flipkart_ws/build/yolov8_ros/build install --record /home/jitesh/flipkart_ws/build/yolov8_ros/install.log --single-version-externally-managed
[3.048s] running egg_info
[3.048s] creating ../../../build/yolov8_ros/yolov8_ros.egg-info
[3.069s] writing ../../../build/yolov8_ros/yolov8_ros.egg-info/PKG-INFO
[3.070s] writing dependency_links to ../../../build/yolov8_ros/yolov8_ros.egg-info/dependency_links.txt
[3.070s] writing entry points to ../../../build/yolov8_ros/yolov8_ros.egg-info/entry_points.txt
[3.070s] writing requirements to ../../../build/yolov8_ros/yolov8_ros.egg-info/requires.txt
[3.070s] writing top-level names to ../../../build/yolov8_ros/yolov8_ros.egg-info/top_level.txt
[3.197s] writing manifest file '../../../build/yolov8_ros/yolov8_ros.egg-info/SOURCES.txt'
[3.238s] reading manifest file '../../../build/yolov8_ros/yolov8_ros.egg-info/SOURCES.txt'
[3.238s] writing manifest file '../../../build/yolov8_ros/yolov8_ros.egg-info/SOURCES.txt'
[3.239s] running build
[3.239s] running build_py
[3.239s] creating /home/jitesh/flipkart_ws/build/yolov8_ros/build
[3.239s] creating /home/jitesh/flipkart_ws/build/yolov8_ros/build/lib
[3.239s] creating /home/jitesh/flipkart_ws/build/yolov8_ros/build/lib/yolov8_ros
[3.239s] copying yolov8_ros/tracking_node.py -> /home/jitesh/flipkart_ws/build/yolov8_ros/build/lib/yolov8_ros
[3.240s] copying yolov8_ros/detect_3d_node.py -> /home/jitesh/flipkart_ws/build/yolov8_ros/build/lib/yolov8_ros
[3.240s] copying yolov8_ros/yolov8_node.py -> /home/jitesh/flipkart_ws/build/yolov8_ros/build/lib/yolov8_ros
[3.240s] copying yolov8_ros/debug_node.py -> /home/jitesh/flipkart_ws/build/yolov8_ros/build/lib/yolov8_ros
[3.240s] copying yolov8_ros/__init__.py -> /home/jitesh/flipkart_ws/build/yolov8_ros/build/lib/yolov8_ros
[3.240s] running install
[3.241s] /home/jitesh/.local/lib/python3.10/site-packages/setuptools/_distutils/cmd.py:66: SetuptoolsDeprecationWarning: setup.py install is deprecated.
[3.241s] !!
[3.241s] 
[3.241s]         ********************************************************************************
[3.241s]         Please avoid running ``setup.py`` directly.
[3.241s]         Instead, use pypa/build, pypa/installer or other
[3.241s]         standards-based tools.
[3.241s] 
[3.241s]         See https://blog.ganssle.io/articles/2021/10/setup-py-deprecated.html for details.
[3.241s]         ********************************************************************************
[3.241s] 
[3.241s] !!
[3.242s]   self.initialize_options()
[3.247s] running install_lib
[3.268s] creating /home/jitesh/flipkart_ws/install/yolov8_ros/lib/python3.10/site-packages/yolov8_ros
[3.268s] copying /home/jitesh/flipkart_ws/build/yolov8_ros/build/lib/yolov8_ros/tracking_node.py -> /home/jitesh/flipkart_ws/install/yolov8_ros/lib/python3.10/site-packages/yolov8_ros
[3.268s] copying /home/jitesh/flipkart_ws/build/yolov8_ros/build/lib/yolov8_ros/detect_3d_node.py -> /home/jitesh/flipkart_ws/install/yolov8_ros/lib/python3.10/site-packages/yolov8_ros
[3.268s] copying /home/jitesh/flipkart_ws/build/yolov8_ros/build/lib/yolov8_ros/yolov8_node.py -> /home/jitesh/flipkart_ws/install/yolov8_ros/lib/python3.10/site-packages/yolov8_ros
[3.269s] copying /home/jitesh/flipkart_ws/build/yolov8_ros/build/lib/yolov8_ros/debug_node.py -> /home/jitesh/flipkart_ws/install/yolov8_ros/lib/python3.10/site-packages/yolov8_ros
[3.270s] copying /home/jitesh/flipkart_ws/build/yolov8_ros/build/lib/yolov8_ros/__init__.py -> /home/jitesh/flipkart_ws/install/yolov8_ros/lib/python3.10/site-packages/yolov8_ros
[3.270s] byte-compiling /home/jitesh/flipkart_ws/install/yolov8_ros/lib/python3.10/site-packages/yolov8_ros/tracking_node.py to tracking_node.cpython-310.pyc
[3.271s] byte-compiling /home/jitesh/flipkart_ws/install/yolov8_ros/lib/python3.10/site-packages/yolov8_ros/detect_3d_node.py to detect_3d_node.cpython-310.pyc
[3.274s] byte-compiling /home/jitesh/flipkart_ws/install/yolov8_ros/lib/python3.10/site-packages/yolov8_ros/yolov8_node.py to yolov8_node.cpython-310.pyc
[3.275s] byte-compiling /home/jitesh/flipkart_ws/install/yolov8_ros/lib/python3.10/site-packages/yolov8_ros/debug_node.py to debug_node.cpython-310.pyc
[3.278s] byte-compiling /home/jitesh/flipkart_ws/install/yolov8_ros/lib/python3.10/site-packages/yolov8_ros/__init__.py to __init__.cpython-310.pyc
[3.278s] running install_data
[3.298s] creating /home/jitesh/flipkart_ws/install/yolov8_ros/share/ament_index
[3.298s] creating /home/jitesh/flipkart_ws/install/yolov8_ros/share/ament_index/resource_index
[3.299s] creating /home/jitesh/flipkart_ws/install/yolov8_ros/share/ament_index/resource_index/packages
[3.299s] copying resource/yolov8_ros -> /home/jitesh/flipkart_ws/install/yolov8_ros/share/ament_index/resource_index/packages
[3.299s] copying package.xml -> /home/jitesh/flipkart_ws/install/yolov8_ros/share/yolov8_ros
[3.299s] running install_egg_info
[3.320s] Copying ../../../build/yolov8_ros/yolov8_ros.egg-info to /home/jitesh/flipkart_ws/install/yolov8_ros/lib/python3.10/site-packages/yolov8_ros-0.0.0-py3.10.egg-info
[3.321s] running install_scripts
[3.386s] Installing debug_node script to /home/jitesh/flipkart_ws/install/yolov8_ros/lib/yolov8_ros
[3.387s] Installing detect_3d_node script to /home/jitesh/flipkart_ws/install/yolov8_ros/lib/yolov8_ros
[3.387s] Installing tracking_node script to /home/jitesh/flipkart_ws/install/yolov8_ros/lib/yolov8_ros
[3.387s] Installing yolov8_node script to /home/jitesh/flipkart_ws/install/yolov8_ros/lib/yolov8_ros
[3.387s] writing list of installed files to '/home/jitesh/flipkart_ws/build/yolov8_ros/install.log'
[3.549s] Invoked command in '/home/jitesh/flipkart_ws/src/yolov8_ros/yolov8_ros' returned '0': PYTHONPATH=/home/jitesh/flipkart_ws/build/yolov8_ros/prefix_override:/home/jitesh/flipkart_ws/install/yolov8_ros/lib/python3.10/site-packages:${PYTHONPATH} /usr/bin/python3 setup.py egg_info --egg-base ../../../build/yolov8_ros build --build-base /home/jitesh/flipkart_ws/build/yolov8_ros/build install --record /home/jitesh/flipkart_ws/build/yolov8_ros/install.log --single-version-externally-managed
