[1.456s] DEBUG:colcon:Command line arguments: ['/usr/bin/colcon', 'build', '--packages-select', 'my_cam_scripts']
[1.456s] DEBUG:colcon:Parsed command line arguments: Namespace(log_base=None, log_level=None, verb_name='build', build_base='build', install_base='install', merge_install=False, symlink_install=False, test_result_base=None, continue_on_error=False, executor='parallel', parallel_workers=12, event_handlers=None, ignore_user_meta=False, metas=['./colcon.meta'], base_paths=['.'], packages_ignore=None, packages_ignore_regex=None, paths=None, packages_up_to=None, packages_up_to_regex=None, packages_above=None, packages_above_and_dependencies=None, packages_above_depth=None, packages_select_by_dep=None, packages_skip_by_dep=None, packages_skip_up_to=None, packages_select_build_failed=False, packages_skip_build_finished=False, packages_select_test_failures=False, packages_skip_test_passed=False, packages_select=['my_cam_scripts'], packages_skip=None, packages_select_regex=None, packages_skip_regex=None, packages_start=None, packages_end=None, allow_overriding=[], cmake_args=None, cmake_target=None, cmake_target_skip_unavailable=False, cmake_clean_cache=False, cmake_clean_first=False, cmake_force_configure=False, ament_cmake_args=None, catkin_cmake_args=None, catkin_skip_building_tests=False, mixin_files=None, mixin=None, verb_parser=<colcon_mixin.mixin.mixin_argument.MixinArgumentDecorator object at 0x7f89fa998070>, verb_extension=<colcon_core.verb.build.BuildVerb object at 0x7f89fa973af0>, main=<bound method BuildVerb.main of <colcon_core.verb.build.BuildVerb object at 0x7f89fa973af0>>, mixin_verb=('build',))
[1.515s] Level 1:colcon.colcon_core.package_discovery:discover_packages(colcon_meta) check parameters
[1.515s] Level 1:colcon.colcon_core.package_discovery:discover_packages(recursive) check parameters
[1.515s] Level 1:colcon.colcon_core.package_discovery:discover_packages(ignore) check parameters
[1.515s] Level 1:colcon.colcon_core.package_discovery:discover_packages(path) check parameters
[1.515s] Level 1:colcon.colcon_core.package_discovery:discover_packages(colcon_meta) discover
[1.515s] Level 1:colcon.colcon_core.package_discovery:discover_packages(recursive) discover
[1.515s] INFO:colcon.colcon_core.package_discovery:Crawling recursively for packages in '/home/jitesh/flipkart_ws'
[1.515s] Level 1:colcon.colcon_core.package_identification:_identify(.) by extensions ['ignore', 'ignore_ament_install']
[1.515s] Level 1:colcon.colcon_core.package_identification:_identify(.) by extension 'ignore'
[1.515s] Level 1:colcon.colcon_core.package_identification:_identify(.) by extension 'ignore_ament_install'
[1.515s] Level 1:colcon.colcon_core.package_identification:_identify(.) by extensions ['colcon_pkg']
[1.515s] Level 1:colcon.colcon_core.package_identification:_identify(.) by extension 'colcon_pkg'
[1.515s] Level 1:colcon.colcon_core.package_identification:_identify(.) by extensions ['colcon_meta']
[1.516s] Level 1:colcon.colcon_core.package_identification:_identify(.) by extension 'colcon_meta'
[1.516s] Level 1:colcon.colcon_core.package_identification:_identify(.) by extensions ['ros']
[1.516s] Level 1:colcon.colcon_core.package_identification:_identify(.) by extension 'ros'
[1.527s] Level 1:colcon.colcon_core.package_identification:_identify(.) by extensions ['cmake', 'python']
[1.527s] Level 1:colcon.colcon_core.package_identification:_identify(.) by extension 'cmake'
[1.528s] Level 1:colcon.colcon_core.package_identification:_identify(.) by extension 'python'
[1.528s] Level 1:colcon.colcon_core.package_identification:_identify(.) by extensions ['python_setup_py']
[1.528s] Level 1:colcon.colcon_core.package_identification:_identify(.) by extension 'python_setup_py'
[1.528s] Level 1:colcon.colcon_core.package_identification:_identify(build) by extensions ['ignore', 'ignore_ament_install']
[1.528s] Level 1:colcon.colcon_core.package_identification:_identify(build) by extension 'ignore'
[1.528s] Level 1:colcon.colcon_core.package_identification:_identify(build) ignored
[1.528s] Level 1:colcon.colcon_core.package_identification:_identify(install) by extensions ['ignore', 'ignore_ament_install']
[1.528s] Level 1:colcon.colcon_core.package_identification:_identify(install) by extension 'ignore'
[1.528s] Level 1:colcon.colcon_core.package_identification:_identify(install) ignored
[1.528s] Level 1:colcon.colcon_core.package_identification:_identify(log) by extensions ['ignore', 'ignore_ament_install']
[1.528s] Level 1:colcon.colcon_core.package_identification:_identify(log) by extension 'ignore'
[1.528s] Level 1:colcon.colcon_core.package_identification:_identify(log) ignored
[1.528s] Level 1:colcon.colcon_core.package_identification:_identify(src) by extensions ['ignore', 'ignore_ament_install']
[1.528s] Level 1:colcon.colcon_core.package_identification:_identify(src) by extension 'ignore'
[1.528s] Level 1:colcon.colcon_core.package_identification:_identify(src) by extension 'ignore_ament_install'
[1.528s] Level 1:colcon.colcon_core.package_identification:_identify(src) by extensions ['colcon_pkg']
[1.528s] Level 1:colcon.colcon_core.package_identification:_identify(src) by extension 'colcon_pkg'
[1.529s] Level 1:colcon.colcon_core.package_identification:_identify(src) by extensions ['colcon_meta']
[1.529s] Level 1:colcon.colcon_core.package_identification:_identify(src) by extension 'colcon_meta'
[1.529s] Level 1:colcon.colcon_core.package_identification:_identify(src) by extensions ['ros']
[1.529s] Level 1:colcon.colcon_core.package_identification:_identify(src) by extension 'ros'
[1.529s] Level 1:colcon.colcon_core.package_identification:_identify(src) by extensions ['cmake', 'python']
[1.529s] Level 1:colcon.colcon_core.package_identification:_identify(src) by extension 'cmake'
[1.529s] Level 1:colcon.colcon_core.package_identification:_identify(src) by extension 'python'
[1.529s] Level 1:colcon.colcon_core.package_identification:_identify(src) by extensions ['python_setup_py']
[1.529s] Level 1:colcon.colcon_core.package_identification:_identify(src) by extension 'python_setup_py'
[1.529s] Level 1:colcon.colcon_core.package_identification:_identify(src/cam_package) by extensions ['ignore', 'ignore_ament_install']
[1.529s] Level 1:colcon.colcon_core.package_identification:_identify(src/cam_package) by extension 'ignore'
[1.529s] Level 1:colcon.colcon_core.package_identification:_identify(src/cam_package) by extension 'ignore_ament_install'
[1.529s] Level 1:colcon.colcon_core.package_identification:_identify(src/cam_package) by extensions ['colcon_pkg']
[1.529s] Level 1:colcon.colcon_core.package_identification:_identify(src/cam_package) by extension 'colcon_pkg'
[1.529s] Level 1:colcon.colcon_core.package_identification:_identify(src/cam_package) by extensions ['colcon_meta']
[1.529s] Level 1:colcon.colcon_core.package_identification:_identify(src/cam_package) by extension 'colcon_meta'
[1.529s] Level 1:colcon.colcon_core.package_identification:_identify(src/cam_package) by extensions ['ros']
[1.529s] Level 1:colcon.colcon_core.package_identification:_identify(src/cam_package) by extension 'ros'
[1.531s] DEBUG:colcon.colcon_core.package_identification:Package 'src/cam_package' with type 'ros.ament_python' and name 'cam_package'
[1.531s] Level 1:colcon.colcon_core.package_identification:_identify(src/my_cam_scripts) by extensions ['ignore', 'ignore_ament_install']
[1.531s] Level 1:colcon.colcon_core.package_identification:_identify(src/my_cam_scripts) by extension 'ignore'
[1.531s] Level 1:colcon.colcon_core.package_identification:_identify(src/my_cam_scripts) by extension 'ignore_ament_install'
[1.531s] Level 1:colcon.colcon_core.package_identification:_identify(src/my_cam_scripts) by extensions ['colcon_pkg']
[1.531s] Level 1:colcon.colcon_core.package_identification:_identify(src/my_cam_scripts) by extension 'colcon_pkg'
[1.531s] Level 1:colcon.colcon_core.package_identification:_identify(src/my_cam_scripts) by extensions ['colcon_meta']
[1.531s] Level 1:colcon.colcon_core.package_identification:_identify(src/my_cam_scripts) by extension 'colcon_meta'
[1.531s] Level 1:colcon.colcon_core.package_identification:_identify(src/my_cam_scripts) by extensions ['ros']
[1.531s] Level 1:colcon.colcon_core.package_identification:_identify(src/my_cam_scripts) by extension 'ros'
[1.532s] DEBUG:colcon.colcon_core.package_identification:Package 'src/my_cam_scripts' with type 'ros.ament_python' and name 'my_cam_scripts'
[1.532s] Level 1:colcon.colcon_core.package_identification:_identify(src/my_msg_package) by extensions ['ignore', 'ignore_ament_install']
[1.532s] Level 1:colcon.colcon_core.package_identification:_identify(src/my_msg_package) by extension 'ignore'
[1.532s] Level 1:colcon.colcon_core.package_identification:_identify(src/my_msg_package) by extension 'ignore_ament_install'
[1.532s] Level 1:colcon.colcon_core.package_identification:_identify(src/my_msg_package) by extensions ['colcon_pkg']
[1.532s] Level 1:colcon.colcon_core.package_identification:_identify(src/my_msg_package) by extension 'colcon_pkg'
[1.532s] Level 1:colcon.colcon_core.package_identification:_identify(src/my_msg_package) by extensions ['colcon_meta']
[1.532s] Level 1:colcon.colcon_core.package_identification:_identify(src/my_msg_package) by extension 'colcon_meta'
[1.532s] Level 1:colcon.colcon_core.package_identification:_identify(src/my_msg_package) by extensions ['ros']
[1.532s] Level 1:colcon.colcon_core.package_identification:_identify(src/my_msg_package) by extension 'ros'
[1.533s] DEBUG:colcon.colcon_core.package_identification:Package 'src/my_msg_package' with type 'ros.ament_cmake' and name 'my_msg_package'
[1.533s] Level 1:colcon.colcon_core.package_identification:_identify(src/realsense-ros) by extensions ['ignore', 'ignore_ament_install']
[1.533s] Level 1:colcon.colcon_core.package_identification:_identify(src/realsense-ros) by extension 'ignore'
[1.533s] Level 1:colcon.colcon_core.package_identification:_identify(src/realsense-ros) by extension 'ignore_ament_install'
[1.533s] Level 1:colcon.colcon_core.package_identification:_identify(src/realsense-ros) by extensions ['colcon_pkg']
[1.533s] Level 1:colcon.colcon_core.package_identification:_identify(src/realsense-ros) by extension 'colcon_pkg'
[1.533s] Level 1:colcon.colcon_core.package_identification:_identify(src/realsense-ros) by extensions ['colcon_meta']
[1.533s] Level 1:colcon.colcon_core.package_identification:_identify(src/realsense-ros) by extension 'colcon_meta'
[1.533s] Level 1:colcon.colcon_core.package_identification:_identify(src/realsense-ros) by extensions ['ros']
[1.533s] Level 1:colcon.colcon_core.package_identification:_identify(src/realsense-ros) by extension 'ros'
[1.533s] Level 1:colcon.colcon_core.package_identification:_identify(src/realsense-ros) by extensions ['cmake', 'python']
[1.533s] Level 1:colcon.colcon_core.package_identification:_identify(src/realsense-ros) by extension 'cmake'
[1.533s] Level 1:colcon.colcon_core.package_identification:_identify(src/realsense-ros) by extension 'python'
[1.533s] Level 1:colcon.colcon_core.package_identification:_identify(src/realsense-ros) by extensions ['python_setup_py']
[1.533s] Level 1:colcon.colcon_core.package_identification:_identify(src/realsense-ros) by extension 'python_setup_py'
[1.534s] Level 1:colcon.colcon_core.package_identification:_identify(src/realsense-ros/realsense2_camera) by extensions ['ignore', 'ignore_ament_install']
[1.534s] Level 1:colcon.colcon_core.package_identification:_identify(src/realsense-ros/realsense2_camera) by extension 'ignore'
[1.534s] Level 1:colcon.colcon_core.package_identification:_identify(src/realsense-ros/realsense2_camera) by extension 'ignore_ament_install'
[1.534s] Level 1:colcon.colcon_core.package_identification:_identify(src/realsense-ros/realsense2_camera) by extensions ['colcon_pkg']
[1.534s] Level 1:colcon.colcon_core.package_identification:_identify(src/realsense-ros/realsense2_camera) by extension 'colcon_pkg'
[1.534s] Level 1:colcon.colcon_core.package_identification:_identify(src/realsense-ros/realsense2_camera) by extensions ['colcon_meta']
[1.534s] Level 1:colcon.colcon_core.package_identification:_identify(src/realsense-ros/realsense2_camera) by extension 'colcon_meta'
[1.534s] Level 1:colcon.colcon_core.package_identification:_identify(src/realsense-ros/realsense2_camera) by extensions ['ros']
[1.534s] Level 1:colcon.colcon_core.package_identification:_identify(src/realsense-ros/realsense2_camera) by extension 'ros'
[1.535s] DEBUG:colcon.colcon_core.package_identification:Package 'src/realsense-ros/realsense2_camera' with type 'ros.ament_cmake' and name 'realsense2_camera'
[1.535s] Level 1:colcon.colcon_core.package_identification:_identify(src/realsense-ros/realsense2_camera_msgs) by extensions ['ignore', 'ignore_ament_install']
[1.535s] Level 1:colcon.colcon_core.package_identification:_identify(src/realsense-ros/realsense2_camera_msgs) by extension 'ignore'
[1.536s] Level 1:colcon.colcon_core.package_identification:_identify(src/realsense-ros/realsense2_camera_msgs) by extension 'ignore_ament_install'
[1.536s] Level 1:colcon.colcon_core.package_identification:_identify(src/realsense-ros/realsense2_camera_msgs) by extensions ['colcon_pkg']
[1.536s] Level 1:colcon.colcon_core.package_identification:_identify(src/realsense-ros/realsense2_camera_msgs) by extension 'colcon_pkg'
[1.536s] Level 1:colcon.colcon_core.package_identification:_identify(src/realsense-ros/realsense2_camera_msgs) by extensions ['colcon_meta']
[1.536s] Level 1:colcon.colcon_core.package_identification:_identify(src/realsense-ros/realsense2_camera_msgs) by extension 'colcon_meta'
[1.536s] Level 1:colcon.colcon_core.package_identification:_identify(src/realsense-ros/realsense2_camera_msgs) by extensions ['ros']
[1.536s] Level 1:colcon.colcon_core.package_identification:_identify(src/realsense-ros/realsense2_camera_msgs) by extension 'ros'
[1.536s] DEBUG:colcon.colcon_core.package_identification:Package 'src/realsense-ros/realsense2_camera_msgs' with type 'ros.ament_cmake' and name 'realsense2_camera_msgs'
[1.536s] Level 1:colcon.colcon_core.package_identification:_identify(src/realsense-ros/realsense2_description) by extensions ['ignore', 'ignore_ament_install']
[1.537s] Level 1:colcon.colcon_core.package_identification:_identify(src/realsense-ros/realsense2_description) by extension 'ignore'
[1.537s] Level 1:colcon.colcon_core.package_identification:_identify(src/realsense-ros/realsense2_description) by extension 'ignore_ament_install'
[1.537s] Level 1:colcon.colcon_core.package_identification:_identify(src/realsense-ros/realsense2_description) by extensions ['colcon_pkg']
[1.537s] Level 1:colcon.colcon_core.package_identification:_identify(src/realsense-ros/realsense2_description) by extension 'colcon_pkg'
[1.537s] Level 1:colcon.colcon_core.package_identification:_identify(src/realsense-ros/realsense2_description) by extensions ['colcon_meta']
[1.537s] Level 1:colcon.colcon_core.package_identification:_identify(src/realsense-ros/realsense2_description) by extension 'colcon_meta'
[1.537s] Level 1:colcon.colcon_core.package_identification:_identify(src/realsense-ros/realsense2_description) by extensions ['ros']
[1.537s] Level 1:colcon.colcon_core.package_identification:_identify(src/realsense-ros/realsense2_description) by extension 'ros'
[1.538s] DEBUG:colcon.colcon_core.package_identification:Package 'src/realsense-ros/realsense2_description' with type 'ros.ament_cmake' and name 'realsense2_description'
[1.538s] Level 1:colcon.colcon_core.package_identification:_identify(src/realsense-ros/scripts) by extensions ['ignore', 'ignore_ament_install']
[1.538s] Level 1:colcon.colcon_core.package_identification:_identify(src/realsense-ros/scripts) by extension 'ignore'
[1.539s] Level 1:colcon.colcon_core.package_identification:_identify(src/realsense-ros/scripts) by extension 'ignore_ament_install'
[1.539s] Level 1:colcon.colcon_core.package_identification:_identify(src/realsense-ros/scripts) by extensions ['colcon_pkg']
[1.539s] Level 1:colcon.colcon_core.package_identification:_identify(src/realsense-ros/scripts) by extension 'colcon_pkg'
[1.539s] Level 1:colcon.colcon_core.package_identification:_identify(src/realsense-ros/scripts) by extensions ['colcon_meta']
[1.539s] Level 1:colcon.colcon_core.package_identification:_identify(src/realsense-ros/scripts) by extension 'colcon_meta'
[1.539s] Level 1:colcon.colcon_core.package_identification:_identify(src/realsense-ros/scripts) by extensions ['ros']
[1.539s] Level 1:colcon.colcon_core.package_identification:_identify(src/realsense-ros/scripts) by extension 'ros'
[1.539s] Level 1:colcon.colcon_core.package_identification:_identify(src/realsense-ros/scripts) by extensions ['cmake', 'python']
[1.539s] Level 1:colcon.colcon_core.package_identification:_identify(src/realsense-ros/scripts) by extension 'cmake'
[1.539s] Level 1:colcon.colcon_core.package_identification:_identify(src/realsense-ros/scripts) by extension 'python'
[1.539s] Level 1:colcon.colcon_core.package_identification:_identify(src/realsense-ros/scripts) by extensions ['python_setup_py']
[1.539s] Level 1:colcon.colcon_core.package_identification:_identify(src/realsense-ros/scripts) by extension 'python_setup_py'
[1.539s] Level 1:colcon.colcon_core.package_identification:_identify(src/robotic_arm_controller) by extensions ['ignore', 'ignore_ament_install']
[1.539s] Level 1:colcon.colcon_core.package_identification:_identify(src/robotic_arm_controller) by extension 'ignore'
[1.539s] Level 1:colcon.colcon_core.package_identification:_identify(src/robotic_arm_controller) by extension 'ignore_ament_install'
[1.539s] Level 1:colcon.colcon_core.package_identification:_identify(src/robotic_arm_controller) by extensions ['colcon_pkg']
[1.539s] Level 1:colcon.colcon_core.package_identification:_identify(src/robotic_arm_controller) by extension 'colcon_pkg'
[1.539s] Level 1:colcon.colcon_core.package_identification:_identify(src/robotic_arm_controller) by extensions ['colcon_meta']
[1.539s] Level 1:colcon.colcon_core.package_identification:_identify(src/robotic_arm_controller) by extension 'colcon_meta'
[1.539s] Level 1:colcon.colcon_core.package_identification:_identify(src/robotic_arm_controller) by extensions ['ros']
[1.539s] Level 1:colcon.colcon_core.package_identification:_identify(src/robotic_arm_controller) by extension 'ros'
[1.540s] DEBUG:colcon.colcon_core.package_identification:Package 'src/robotic_arm_controller' with type 'ros.ament_cmake' and name 'robotic_arm_controller'
[1.540s] Level 1:colcon.colcon_core.package_identification:_identify(src/robotic_arm_description1) by extensions ['ignore', 'ignore_ament_install']
[1.540s] Level 1:colcon.colcon_core.package_identification:_identify(src/robotic_arm_description1) by extension 'ignore'
[1.540s] Level 1:colcon.colcon_core.package_identification:_identify(src/robotic_arm_description1) by extension 'ignore_ament_install'
[1.540s] Level 1:colcon.colcon_core.package_identification:_identify(src/robotic_arm_description1) by extensions ['colcon_pkg']
[1.540s] Level 1:colcon.colcon_core.package_identification:_identify(src/robotic_arm_description1) by extension 'colcon_pkg'
[1.540s] Level 1:colcon.colcon_core.package_identification:_identify(src/robotic_arm_description1) by extensions ['colcon_meta']
[1.540s] Level 1:colcon.colcon_core.package_identification:_identify(src/robotic_arm_description1) by extension 'colcon_meta'
[1.540s] Level 1:colcon.colcon_core.package_identification:_identify(src/robotic_arm_description1) by extensions ['ros']
[1.540s] Level 1:colcon.colcon_core.package_identification:_identify(src/robotic_arm_description1) by extension 'ros'
[1.540s] DEBUG:colcon.colcon_core.package_identification:Package 'src/robotic_arm_description1' with type 'ros.ament_cmake' and name 'robotic_arm_description1'
[1.540s] Level 1:colcon.colcon_core.package_identification:_identify(src/yolov8_ros) by extensions ['ignore', 'ignore_ament_install']
[1.541s] Level 1:colcon.colcon_core.package_identification:_identify(src/yolov8_ros) by extension 'ignore'
[1.541s] Level 1:colcon.colcon_core.package_identification:_identify(src/yolov8_ros) by extension 'ignore_ament_install'
[1.541s] Level 1:colcon.colcon_core.package_identification:_identify(src/yolov8_ros) by extensions ['colcon_pkg']
[1.541s] Level 1:colcon.colcon_core.package_identification:_identify(src/yolov8_ros) by extension 'colcon_pkg'
[1.541s] Level 1:colcon.colcon_core.package_identification:_identify(src/yolov8_ros) by extensions ['colcon_meta']
[1.541s] Level 1:colcon.colcon_core.package_identification:_identify(src/yolov8_ros) by extension 'colcon_meta'
[1.541s] Level 1:colcon.colcon_core.package_identification:_identify(src/yolov8_ros) by extensions ['ros']
[1.541s] Level 1:colcon.colcon_core.package_identification:_identify(src/yolov8_ros) by extension 'ros'
[1.541s] Level 1:colcon.colcon_core.package_identification:_identify(src/yolov8_ros) by extensions ['cmake', 'python']
[1.541s] Level 1:colcon.colcon_core.package_identification:_identify(src/yolov8_ros) by extension 'cmake'
[1.541s] Level 1:colcon.colcon_core.package_identification:_identify(src/yolov8_ros) by extension 'python'
[1.541s] Level 1:colcon.colcon_core.package_identification:_identify(src/yolov8_ros) by extensions ['python_setup_py']
[1.541s] Level 1:colcon.colcon_core.package_identification:_identify(src/yolov8_ros) by extension 'python_setup_py'
[1.541s] Level 1:colcon.colcon_core.package_identification:_identify(src/yolov8_ros/yolov8_bringup) by extensions ['ignore', 'ignore_ament_install']
[1.541s] Level 1:colcon.colcon_core.package_identification:_identify(src/yolov8_ros/yolov8_bringup) by extension 'ignore'
[1.541s] Level 1:colcon.colcon_core.package_identification:_identify(src/yolov8_ros/yolov8_bringup) by extension 'ignore_ament_install'
[1.541s] Level 1:colcon.colcon_core.package_identification:_identify(src/yolov8_ros/yolov8_bringup) by extensions ['colcon_pkg']
[1.541s] Level 1:colcon.colcon_core.package_identification:_identify(src/yolov8_ros/yolov8_bringup) by extension 'colcon_pkg'
[1.541s] Level 1:colcon.colcon_core.package_identification:_identify(src/yolov8_ros/yolov8_bringup) by extensions ['colcon_meta']
[1.541s] Level 1:colcon.colcon_core.package_identification:_identify(src/yolov8_ros/yolov8_bringup) by extension 'colcon_meta'
[1.541s] Level 1:colcon.colcon_core.package_identification:_identify(src/yolov8_ros/yolov8_bringup) by extensions ['ros']
[1.541s] Level 1:colcon.colcon_core.package_identification:_identify(src/yolov8_ros/yolov8_bringup) by extension 'ros'
[1.542s] DEBUG:colcon.colcon_core.package_identification:Package 'src/yolov8_ros/yolov8_bringup' with type 'ros.ament_cmake' and name 'yolov8_bringup'
[1.542s] Level 1:colcon.colcon_core.package_identification:_identify(src/yolov8_ros/yolov8_msgs) by extensions ['ignore', 'ignore_ament_install']
[1.542s] Level 1:colcon.colcon_core.package_identification:_identify(src/yolov8_ros/yolov8_msgs) by extension 'ignore'
[1.542s] Level 1:colcon.colcon_core.package_identification:_identify(src/yolov8_ros/yolov8_msgs) by extension 'ignore_ament_install'
[1.542s] Level 1:colcon.colcon_core.package_identification:_identify(src/yolov8_ros/yolov8_msgs) by extensions ['colcon_pkg']
[1.542s] Level 1:colcon.colcon_core.package_identification:_identify(src/yolov8_ros/yolov8_msgs) by extension 'colcon_pkg'
[1.542s] Level 1:colcon.colcon_core.package_identification:_identify(src/yolov8_ros/yolov8_msgs) by extensions ['colcon_meta']
[1.542s] Level 1:colcon.colcon_core.package_identification:_identify(src/yolov8_ros/yolov8_msgs) by extension 'colcon_meta'
[1.542s] Level 1:colcon.colcon_core.package_identification:_identify(src/yolov8_ros/yolov8_msgs) by extensions ['ros']
[1.542s] Level 1:colcon.colcon_core.package_identification:_identify(src/yolov8_ros/yolov8_msgs) by extension 'ros'
[1.543s] DEBUG:colcon.colcon_core.package_identification:Package 'src/yolov8_ros/yolov8_msgs' with type 'ros.ament_cmake' and name 'yolov8_msgs'
[1.543s] Level 1:colcon.colcon_core.package_identification:_identify(src/yolov8_ros/yolov8_ros) by extensions ['ignore', 'ignore_ament_install']
[1.543s] Level 1:colcon.colcon_core.package_identification:_identify(src/yolov8_ros/yolov8_ros) by extension 'ignore'
[1.543s] Level 1:colcon.colcon_core.package_identification:_identify(src/yolov8_ros/yolov8_ros) by extension 'ignore_ament_install'
[1.543s] Level 1:colcon.colcon_core.package_identification:_identify(src/yolov8_ros/yolov8_ros) by extensions ['colcon_pkg']
[1.543s] Level 1:colcon.colcon_core.package_identification:_identify(src/yolov8_ros/yolov8_ros) by extension 'colcon_pkg'
[1.543s] Level 1:colcon.colcon_core.package_identification:_identify(src/yolov8_ros/yolov8_ros) by extensions ['colcon_meta']
[1.543s] Level 1:colcon.colcon_core.package_identification:_identify(src/yolov8_ros/yolov8_ros) by extension 'colcon_meta'
[1.543s] Level 1:colcon.colcon_core.package_identification:_identify(src/yolov8_ros/yolov8_ros) by extensions ['ros']
[1.543s] Level 1:colcon.colcon_core.package_identification:_identify(src/yolov8_ros/yolov8_ros) by extension 'ros'
[1.543s] DEBUG:colcon.colcon_core.package_identification:Package 'src/yolov8_ros/yolov8_ros' with type 'ros.ament_python' and name 'yolov8_ros'
[1.543s] Level 1:colcon.colcon_core.package_discovery:discover_packages(recursive) using defaults
[1.544s] Level 1:colcon.colcon_core.package_discovery:discover_packages(ignore) discover
[1.544s] Level 1:colcon.colcon_core.package_discovery:discover_packages(ignore) using defaults
[1.544s] Level 1:colcon.colcon_core.package_discovery:discover_packages(path) discover
[1.544s] Level 1:colcon.colcon_core.package_discovery:discover_packages(path) using defaults
[1.630s] INFO:colcon.colcon_core.package_selection:Skipping not selected package 'cam_package' in 'src/cam_package'
[1.630s] INFO:colcon.colcon_core.package_selection:Skipping not selected package 'my_msg_package' in 'src/my_msg_package'
[1.630s] INFO:colcon.colcon_core.package_selection:Skipping not selected package 'realsense2_camera_msgs' in 'src/realsense-ros/realsense2_camera_msgs'
[1.630s] INFO:colcon.colcon_core.package_selection:Skipping not selected package 'robotic_arm_controller' in 'src/robotic_arm_controller'
[1.630s] INFO:colcon.colcon_core.package_selection:Skipping not selected package 'robotic_arm_description1' in 'src/robotic_arm_description1'
[1.630s] INFO:colcon.colcon_core.package_selection:Skipping not selected package 'yolov8_msgs' in 'src/yolov8_ros/yolov8_msgs'
[1.630s] INFO:colcon.colcon_core.package_selection:Skipping not selected package 'yolov8_ros' in 'src/yolov8_ros/yolov8_ros'
[1.630s] INFO:colcon.colcon_core.package_selection:Skipping not selected package 'realsense2_camera' in 'src/realsense-ros/realsense2_camera'
[1.630s] INFO:colcon.colcon_core.package_selection:Skipping not selected package 'realsense2_description' in 'src/realsense-ros/realsense2_description'
[1.630s] INFO:colcon.colcon_core.package_selection:Skipping not selected package 'yolov8_bringup' in 'src/yolov8_ros/yolov8_bringup'
[1.663s] Level 1:colcon.colcon_core.package_discovery:discover_packages(prefix_path) check parameters
[1.663s] Level 1:colcon.colcon_core.package_discovery:discover_packages(prefix_path) discover
[1.729s] DEBUG:colcon.colcon_installed_package_information.package_discovery:Found 37 installed packages in /home/jitesh/bookros2_ws/install
[1.747s] DEBUG:colcon.colcon_installed_package_information.package_discovery:Found 60 installed packages in /home/jitesh/ws_moveit2/install
[1.765s] DEBUG:colcon.colcon_installed_package_information.package_discovery:Found 22 installed packages in /home/jitesh/ros2_ws/install
[1.782s] DEBUG:colcon.colcon_installed_package_information.package_discovery:Found 2 installed packages in /home/jitesh/roboarm_ws/install
[1.800s] DEBUG:colcon.colcon_installed_package_information.package_discovery:Found 478 installed packages in /opt/ros/humble
[1.803s] Level 1:colcon.colcon_core.package_discovery:discover_packages(prefix_path) using defaults
[1.961s] Level 5:colcon.colcon_core.verb:set package 'my_cam_scripts' build argument 'cmake_args' from command line to 'None'
[1.961s] Level 5:colcon.colcon_core.verb:set package 'my_cam_scripts' build argument 'cmake_target' from command line to 'None'
[1.962s] Level 5:colcon.colcon_core.verb:set package 'my_cam_scripts' build argument 'cmake_target_skip_unavailable' from command line to 'False'
[1.962s] Level 5:colcon.colcon_core.verb:set package 'my_cam_scripts' build argument 'cmake_clean_cache' from command line to 'False'
[1.962s] Level 5:colcon.colcon_core.verb:set package 'my_cam_scripts' build argument 'cmake_clean_first' from command line to 'False'
[1.962s] Level 5:colcon.colcon_core.verb:set package 'my_cam_scripts' build argument 'cmake_force_configure' from command line to 'False'
[1.962s] Level 5:colcon.colcon_core.verb:set package 'my_cam_scripts' build argument 'ament_cmake_args' from command line to 'None'
[1.962s] Level 5:colcon.colcon_core.verb:set package 'my_cam_scripts' build argument 'catkin_cmake_args' from command line to 'None'
[1.962s] Level 5:colcon.colcon_core.verb:set package 'my_cam_scripts' build argument 'catkin_skip_building_tests' from command line to 'False'
[1.962s] DEBUG:colcon.colcon_core.verb:Building package 'my_cam_scripts' with the following arguments: {'ament_cmake_args': None, 'build_base': '/home/jitesh/flipkart_ws/build/my_cam_scripts', 'catkin_cmake_args': None, 'catkin_skip_building_tests': False, 'cmake_args': None, 'cmake_clean_cache': False, 'cmake_clean_first': False, 'cmake_force_configure': False, 'cmake_target': None, 'cmake_target_skip_unavailable': False, 'install_base': '/home/jitesh/flipkart_ws/install/my_cam_scripts', 'merge_install': False, 'path': '/home/jitesh/flipkart_ws/src/my_cam_scripts', 'symlink_install': False, 'test_result_base': None}
[1.978s] INFO:colcon.colcon_core.executor:Executing jobs using 'parallel' executor
[1.996s] DEBUG:colcon.colcon_parallel_executor.executor.parallel:run_until_complete
[1.997s] INFO:colcon.colcon_ros.task.ament_python.build:Building ROS package in '/home/jitesh/flipkart_ws/src/my_cam_scripts' with build type 'ament_python'
[1.997s] Level 1:colcon.colcon_core.shell:create_environment_hook('my_cam_scripts', 'ament_prefix_path')
[2.024s] INFO:colcon.colcon_core.plugin_system:Skipping extension 'colcon_core.shell.bat': Not used on non-Windows systems
[2.024s] INFO:colcon.colcon_core.shell:Creating environment hook '/home/jitesh/flipkart_ws/install/my_cam_scripts/share/my_cam_scripts/hook/ament_prefix_path.ps1'
[2.025s] INFO:colcon.colcon_core.shell:Creating environment descriptor '/home/jitesh/flipkart_ws/install/my_cam_scripts/share/my_cam_scripts/hook/ament_prefix_path.dsv'
[2.026s] INFO:colcon.colcon_core.shell:Creating environment hook '/home/jitesh/flipkart_ws/install/my_cam_scripts/share/my_cam_scripts/hook/ament_prefix_path.sh'
[2.042s] INFO:colcon.colcon_core.shell:Skip shell extension 'powershell' for command environment: Not usable outside of PowerShell
[2.043s] DEBUG:colcon.colcon_core.shell:Skip shell extension 'dsv' for command environment
[2.400s] INFO:colcon.colcon_core.task.python.build:Building Python package in '/home/jitesh/flipkart_ws/src/my_cam_scripts'
[2.418s] INFO:colcon.colcon_core.shell:Skip shell extension 'powershell' for command environment: Not usable outside of PowerShell
[2.418s] DEBUG:colcon.colcon_core.shell:Skip shell extension 'dsv' for command environment
[3.179s] DEBUG:colcon.colcon_core.event_handler.log_command:Invoking command in '/home/jitesh/flipkart_ws/src/my_cam_scripts': AMENT_PREFIX_PATH=/home/jitesh/flipkart_ws/install/my_msg_package:${AMENT_PREFIX_PATH} CMAKE_PREFIX_PATH=/home/jitesh/flipkart_ws/install/my_msg_package:${CMAKE_PREFIX_PATH} LD_LIBRARY_PATH=/home/jitesh/flipkart_ws/install/my_msg_package/lib:/home/jitesh/ws_moveit2/install/pilz_industrial_motion_planner_testutils/lib:/home/jitesh/ws_moveit2/install/pilz_industrial_motion_planner/lib:/home/jitesh/ws_moveit2/install/moveit_visual_tools/lib:/home/jitesh/ws_moveit2/install/moveit_task_constructor_visualization/lib:/home/jitesh/ws_moveit2/install/moveit_task_constructor_demo/lib:/home/jitesh/ws_moveit2/install/moveit_task_constructor_capabilities/lib:/home/jitesh/ws_moveit2/install/moveit_task_constructor_core/lib:/home/jitesh/ws_moveit2/install/moveit_ros_control_interface/lib:/home/jitesh/ws_moveit2/install/moveit_simple_controller_manager/lib:/home/jitesh/ws_moveit2/install/moveit_setup_assistant/lib:/home/jitesh/ws_moveit2/install/moveit_setup_srdf_plugins/lib:/home/jitesh/ws_moveit2/install/moveit_setup_core_plugins/lib:/home/jitesh/ws_moveit2/install/moveit_setup_controllers/lib:/home/jitesh/ws_moveit2/install/moveit_setup_app_plugins/lib:/home/jitesh/ws_moveit2/install/moveit_setup_framework/lib:/home/jitesh/ws_moveit2/install/moveit_servo/lib:/home/jitesh/ws_moveit2/install/moveit_ros_visualization/lib:/home/jitesh/ws_moveit2/install/moveit_hybrid_planning/lib:/home/jitesh/ws_moveit2/install/moveit_ros_planning_interface/lib:/home/jitesh/ws_moveit2/install/moveit_ros_benchmarks/lib:/home/jitesh/ws_moveit2/install/moveit_ros_warehouse/lib:/home/jitesh/ws_moveit2/install/moveit_ros_robot_interaction/lib:/home/jitesh/ws_moveit2/install/moveit_ros_perception/lib:/home/jitesh/ws_moveit2/install/moveit_ros_move_group/lib:/home/jitesh/ws_moveit2/install/moveit_planners_ompl/lib:/home/jitesh/ws_moveit2/install/moveit_ros_planning/lib:/home/jitesh/ws_moveit2/install/moveit_ros_occupancy_map_monitor/lib:/home/jitesh/ws_moveit2/install/moveit_resources_prbt_ikfast_manipulator_plugin/lib:/home/jitesh/ws_moveit2/install/moveit_planners_chomp/lib:/home/jitesh/ws_moveit2/install/moveit_kinematics/lib:/home/jitesh/ws_moveit2/install/moveit_chomp_optimizer_adapter/lib:/home/jitesh/ws_moveit2/install/chomp_motion_planner/lib:/home/jitesh/ws_moveit2/install/moveit_core/lib:/home/jitesh/ws_moveit2/install/srdfdom/lib:/home/jitesh/ws_moveit2/install/rviz_marker_tools/lib:/home/jitesh/ws_moveit2/install/rosparam_shortcuts/lib:/home/jitesh/ws_moveit2/install/moveit_task_constructor_msgs/lib:/home/jitesh/bookros2_ws/install/groot/lib:/home/jitesh/bookros2_ws/install/br2_vff_avoidance/lib:/home/jitesh/bookros2_ws/install/br2_tracking/lib:/home/jitesh/bookros2_ws/install/br2_tracking_msgs/lib:/home/jitesh/bookros2_ws/install/br2_tf2_detector/lib:/home/jitesh/bookros2_ws/install/br2_bt_patrolling/lib:/home/jitesh/bookros2_ws/install/br2_bt_bumpgo/lib:/home/jitesh/ros2_ws/install/tutorial_interfaces/lib:/home/jitesh/ros2_ws/install/turtlesim/lib:/home/jitesh/ros2_ws/install/realsense_camera_msgs/lib:/home/jitesh/ros2_ws/install/polygon_plugins/lib:/home/jitesh/ros2_ws/install/more_interfaces/lib:/home/jitesh/ros2_ws/install/action_tutorials_cpp/lib:/home/jitesh/ros2_ws/install/action_tutorials_interfaces/lib:/usr/lib/x86_64-linux-gnu/gazebo-11/plugins:/opt/ros/humble/opt/rviz_ogre_vendor/lib:/opt/ros/humble/lib/x86_64-linux-gnu:/opt/ros/humble/lib:/usr/lib/x86_64-linux-gnu/gazebo-11/plugins PYTHONPATH=/home/jitesh/flipkart_ws/build/my_cam_scripts/prefix_override:/home/jitesh/flipkart_ws/install/my_cam_scripts/lib/python3.10/site-packages:/home/jitesh/flipkart_ws/install/my_msg_package/local/lib/python3.10/dist-packages:${PYTHONPATH} /usr/bin/python3 setup.py egg_info --egg-base ../../build/my_cam_scripts build --build-base /home/jitesh/flipkart_ws/build/my_cam_scripts/build install --record /home/jitesh/flipkart_ws/build/my_cam_scripts/install.log --single-version-externally-managed
[3.754s] DEBUG:colcon.colcon_core.event_handler.log_command:Invoked command in '/home/jitesh/flipkart_ws/src/my_cam_scripts' returned '0': AMENT_PREFIX_PATH=/home/jitesh/flipkart_ws/install/my_msg_package:${AMENT_PREFIX_PATH} CMAKE_PREFIX_PATH=/home/jitesh/flipkart_ws/install/my_msg_package:${CMAKE_PREFIX_PATH} LD_LIBRARY_PATH=/home/jitesh/flipkart_ws/install/my_msg_package/lib:/home/jitesh/ws_moveit2/install/pilz_industrial_motion_planner_testutils/lib:/home/jitesh/ws_moveit2/install/pilz_industrial_motion_planner/lib:/home/jitesh/ws_moveit2/install/moveit_visual_tools/lib:/home/jitesh/ws_moveit2/install/moveit_task_constructor_visualization/lib:/home/jitesh/ws_moveit2/install/moveit_task_constructor_demo/lib:/home/jitesh/ws_moveit2/install/moveit_task_constructor_capabilities/lib:/home/jitesh/ws_moveit2/install/moveit_task_constructor_core/lib:/home/jitesh/ws_moveit2/install/moveit_ros_control_interface/lib:/home/jitesh/ws_moveit2/install/moveit_simple_controller_manager/lib:/home/jitesh/ws_moveit2/install/moveit_setup_assistant/lib:/home/jitesh/ws_moveit2/install/moveit_setup_srdf_plugins/lib:/home/jitesh/ws_moveit2/install/moveit_setup_core_plugins/lib:/home/jitesh/ws_moveit2/install/moveit_setup_controllers/lib:/home/jitesh/ws_moveit2/install/moveit_setup_app_plugins/lib:/home/jitesh/ws_moveit2/install/moveit_setup_framework/lib:/home/jitesh/ws_moveit2/install/moveit_servo/lib:/home/jitesh/ws_moveit2/install/moveit_ros_visualization/lib:/home/jitesh/ws_moveit2/install/moveit_hybrid_planning/lib:/home/jitesh/ws_moveit2/install/moveit_ros_planning_interface/lib:/home/jitesh/ws_moveit2/install/moveit_ros_benchmarks/lib:/home/jitesh/ws_moveit2/install/moveit_ros_warehouse/lib:/home/jitesh/ws_moveit2/install/moveit_ros_robot_interaction/lib:/home/jitesh/ws_moveit2/install/moveit_ros_perception/lib:/home/jitesh/ws_moveit2/install/moveit_ros_move_group/lib:/home/jitesh/ws_moveit2/install/moveit_planners_ompl/lib:/home/jitesh/ws_moveit2/install/moveit_ros_planning/lib:/home/jitesh/ws_moveit2/install/moveit_ros_occupancy_map_monitor/lib:/home/jitesh/ws_moveit2/install/moveit_resources_prbt_ikfast_manipulator_plugin/lib:/home/jitesh/ws_moveit2/install/moveit_planners_chomp/lib:/home/jitesh/ws_moveit2/install/moveit_kinematics/lib:/home/jitesh/ws_moveit2/install/moveit_chomp_optimizer_adapter/lib:/home/jitesh/ws_moveit2/install/chomp_motion_planner/lib:/home/jitesh/ws_moveit2/install/moveit_core/lib:/home/jitesh/ws_moveit2/install/srdfdom/lib:/home/jitesh/ws_moveit2/install/rviz_marker_tools/lib:/home/jitesh/ws_moveit2/install/rosparam_shortcuts/lib:/home/jitesh/ws_moveit2/install/moveit_task_constructor_msgs/lib:/home/jitesh/bookros2_ws/install/groot/lib:/home/jitesh/bookros2_ws/install/br2_vff_avoidance/lib:/home/jitesh/bookros2_ws/install/br2_tracking/lib:/home/jitesh/bookros2_ws/install/br2_tracking_msgs/lib:/home/jitesh/bookros2_ws/install/br2_tf2_detector/lib:/home/jitesh/bookros2_ws/install/br2_bt_patrolling/lib:/home/jitesh/bookros2_ws/install/br2_bt_bumpgo/lib:/home/jitesh/ros2_ws/install/tutorial_interfaces/lib:/home/jitesh/ros2_ws/install/turtlesim/lib:/home/jitesh/ros2_ws/install/realsense_camera_msgs/lib:/home/jitesh/ros2_ws/install/polygon_plugins/lib:/home/jitesh/ros2_ws/install/more_interfaces/lib:/home/jitesh/ros2_ws/install/action_tutorials_cpp/lib:/home/jitesh/ros2_ws/install/action_tutorials_interfaces/lib:/usr/lib/x86_64-linux-gnu/gazebo-11/plugins:/opt/ros/humble/opt/rviz_ogre_vendor/lib:/opt/ros/humble/lib/x86_64-linux-gnu:/opt/ros/humble/lib:/usr/lib/x86_64-linux-gnu/gazebo-11/plugins PYTHONPATH=/home/jitesh/flipkart_ws/build/my_cam_scripts/prefix_override:/home/jitesh/flipkart_ws/install/my_cam_scripts/lib/python3.10/site-packages:/home/jitesh/flipkart_ws/install/my_msg_package/local/lib/python3.10/dist-packages:${PYTHONPATH} /usr/bin/python3 setup.py egg_info --egg-base ../../build/my_cam_scripts build --build-base /home/jitesh/flipkart_ws/build/my_cam_scripts/build install --record /home/jitesh/flipkart_ws/build/my_cam_scripts/install.log --single-version-externally-managed
[3.821s] Level 1:colcon.colcon_core.environment:checking '/home/jitesh/flipkart_ws/install/my_cam_scripts' for CMake module files
[3.822s] Level 1:colcon.colcon_core.environment:checking '/home/jitesh/flipkart_ws/install/my_cam_scripts' for CMake config files
[3.822s] Level 1:colcon.colcon_core.environment:checking '/home/jitesh/flipkart_ws/install/my_cam_scripts/lib'
[3.823s] Level 1:colcon.colcon_core.environment:checking '/home/jitesh/flipkart_ws/install/my_cam_scripts/bin'
[3.823s] Level 1:colcon.colcon_core.environment:checking '/home/jitesh/flipkart_ws/install/my_cam_scripts/lib/pkgconfig/my_cam_scripts.pc'
[3.823s] Level 1:colcon.colcon_core.environment:checking '/home/jitesh/flipkart_ws/install/my_cam_scripts/lib/python3.10/site-packages'
[3.823s] Level 1:colcon.colcon_core.shell:create_environment_hook('my_cam_scripts', 'pythonpath')
[3.839s] INFO:colcon.colcon_core.shell:Creating environment hook '/home/jitesh/flipkart_ws/install/my_cam_scripts/share/my_cam_scripts/hook/pythonpath.ps1'
[3.840s] INFO:colcon.colcon_core.shell:Creating environment descriptor '/home/jitesh/flipkart_ws/install/my_cam_scripts/share/my_cam_scripts/hook/pythonpath.dsv'
[3.840s] INFO:colcon.colcon_core.shell:Creating environment hook '/home/jitesh/flipkart_ws/install/my_cam_scripts/share/my_cam_scripts/hook/pythonpath.sh'
[3.841s] Level 1:colcon.colcon_core.environment:checking '/home/jitesh/flipkart_ws/install/my_cam_scripts/bin'
[3.841s] Level 1:colcon.colcon_core.environment:create_environment_scripts_only(my_cam_scripts)
[3.857s] INFO:colcon.colcon_core.shell:Creating package script '/home/jitesh/flipkart_ws/install/my_cam_scripts/share/my_cam_scripts/package.ps1'
[3.858s] INFO:colcon.colcon_core.shell:Creating package descriptor '/home/jitesh/flipkart_ws/install/my_cam_scripts/share/my_cam_scripts/package.dsv'
[3.858s] INFO:colcon.colcon_core.shell:Creating package script '/home/jitesh/flipkart_ws/install/my_cam_scripts/share/my_cam_scripts/package.sh'
[3.859s] INFO:colcon.colcon_core.shell:Creating package script '/home/jitesh/flipkart_ws/install/my_cam_scripts/share/my_cam_scripts/package.bash'
[3.860s] INFO:colcon.colcon_core.shell:Creating package script '/home/jitesh/flipkart_ws/install/my_cam_scripts/share/my_cam_scripts/package.zsh'
[3.860s] Level 1:colcon.colcon_core.environment:create_file_with_runtime_dependencies(/home/jitesh/flipkart_ws/install/my_cam_scripts/share/colcon-core/packages/my_cam_scripts)
[3.861s] DEBUG:colcon.colcon_parallel_executor.executor.parallel:closing loop
[3.861s] DEBUG:colcon.colcon_parallel_executor.executor.parallel:loop closed
[3.861s] DEBUG:colcon.colcon_parallel_executor.executor.parallel:run_until_complete finished with '0'
[3.861s] DEBUG:colcon.colcon_core.event_reactor:joining thread
[3.911s] INFO:colcon.colcon_core.plugin_system:Skipping extension 'colcon_notification.desktop_notification.terminal_notifier': Not used on non-Darwin systems
[3.911s] INFO:colcon.colcon_core.plugin_system:Skipping extension 'colcon_notification.desktop_notification.win32': Not used on non-Windows systems
[3.911s] INFO:colcon.colcon_notification.desktop_notification:Sending desktop notification using 'notify2'
[3.929s] DEBUG:colcon.colcon_core.event_reactor:joined thread
[3.948s] INFO:colcon.colcon_core.shell:Creating prefix script '/home/jitesh/flipkart_ws/install/local_setup.ps1'
[3.949s] INFO:colcon.colcon_core.shell:Creating prefix util module '/home/jitesh/flipkart_ws/install/_local_setup_util_ps1.py'
[3.950s] INFO:colcon.colcon_core.shell:Creating prefix chain script '/home/jitesh/flipkart_ws/install/setup.ps1'
[3.973s] INFO:colcon.colcon_core.shell:Creating prefix script '/home/jitesh/flipkart_ws/install/local_setup.sh'
[3.973s] INFO:colcon.colcon_core.shell:Creating prefix util module '/home/jitesh/flipkart_ws/install/_local_setup_util_sh.py'
[3.973s] INFO:colcon.colcon_core.shell:Creating prefix chain script '/home/jitesh/flipkart_ws/install/setup.sh'
[3.995s] INFO:colcon.colcon_core.shell:Creating prefix script '/home/jitesh/flipkart_ws/install/local_setup.bash'
[3.996s] INFO:colcon.colcon_core.shell:Creating prefix chain script '/home/jitesh/flipkart_ws/install/setup.bash'
[4.018s] INFO:colcon.colcon_core.shell:Creating prefix script '/home/jitesh/flipkart_ws/install/local_setup.zsh'
[4.018s] INFO:colcon.colcon_core.shell:Creating prefix chain script '/home/jitesh/flipkart_ws/install/setup.zsh'
