-- The C compiler identification is GNU 11.4.0
-- The CXX compiler identification is GNU 11.4.0
-- Detecting C compiler ABI info
-- Detecting C compiler ABI info - done
-- Check for working C compiler: /usr/bin/cc - skipped
-- Detecting C compile features
-- Detecting C compile features - done
-- Detecting CXX compiler ABI info
-- Detecting CXX compiler ABI info - done
-- Check for working CXX compiler: /usr/bin/c++ - skipped
-- Detecting CXX compile features
-- Detecting CXX compile features - done
-- Found ament_cmake: 1.3.6 (/opt/ros/humble/share/ament_cmake/cmake)
-- Found Python3: /usr/bin/python3.10 (found version "3.10.12") found components: Interpreter 
-- Found rclpy: 3.3.11 (/opt/ros/humble/share/rclpy/cmake)
-- Found std_msgs: 4.2.3 (/opt/ros/humble/share/std_msgs/cmake)
-- Found rosidl_generator_c: 3.1.5 (/opt/ros/humble/share/rosidl_generator_c/cmake)
-- Found rosidl_adapter: 3.1.5 (/opt/ros/humble/share/rosidl_adapter/cmake)
-- Found rosidl_generator_cpp: 3.1.5 (/opt/ros/humble/share/rosidl_generator_cpp/cmake)
-- Using all available rosidl_typesupport_c: rosidl_typesupport_fastrtps_c;rosidl_typesupport_introspection_c
-- Using all available rosidl_typesupport_cpp: rosidl_typesupport_fastrtps_cpp;rosidl_typesupport_introspection_cpp
-- Found rosidl_default_generators: 1.2.0 (/opt/ros/humble/share/rosidl_default_generators/cmake)
-- Found ament_cmake_ros: 0.10.0 (/opt/ros/humble/share/ament_cmake_ros/cmake)
-- Using all available rosidl_typesupport_c: rosidl_typesupport_fastrtps_c;rosidl_typesupport_introspection_c
-- Using all available rosidl_typesupport_cpp: rosidl_typesupport_fastrtps_cpp;rosidl_typesupport_introspection_cpp
-- Found PythonInterp: /usr/bin/python3 (found suitable version "3.10.12", minimum required is "3.6") 
-- Found python_cmake_module: 0.10.0 (/opt/ros/humble/share/python_cmake_module/cmake)
-- Found PythonLibs: /usr/lib/x86_64-linux-gnu/libpython3.10.so (found suitable version "3.10.12", minimum required is "3.5") 
-- Using PYTHON_EXECUTABLE: /usr/bin/python3
-- Using PYTHON_INCLUDE_DIRS: /usr/include/python3.10
-- Using PYTHON_LIBRARIES: /usr/lib/x86_64-linux-gnu/libpython3.10.so
-- Found PythonExtra: .so  
-- Found ament_lint_auto: 0.12.9 (/opt/ros/humble/share/ament_lint_auto/cmake)
-- Added test 'lint_cmake' to check CMake code style
-- Added test 'xmllint' to check XML markup files
-- Configuring done
-- Generating done
-- Build files have been written to: /home/jitesh/flipkart_ws/build/my_msg_package
[  3%] [34m[1mGenerating C code for ROS interfaces[0m
[  6%] [34m[1mGenerating C++ code for ROS interfaces[0m
[  6%] Built target ament_cmake_python_copy_my_msg_package
running egg_info
creating my_msg_package.egg-info
writing my_msg_package.egg-info/PKG-INFO
writing dependency_links to my_msg_package.egg-info/dependency_links.txt
writing top-level names to my_msg_package.egg-info/top_level.txt
[  6%] Built target my_msg_package__cpp
[  9%] [32mBuilding C object CMakeFiles/my_msg_package__rosidl_generator_c.dir/rosidl_generator_c/my_msg_package/msg/detail/my_message__functions.c.o[0m
[ 12%] [34m[1mGenerating C++ type support dispatch for ROS interfaces[0m
[ 16%] [34m[1mGenerating C++ introspection for ROS interfaces[0m
[ 19%] [34m[1mGenerating C++ type support for eProsima Fast-RTPS[0m
writing manifest file 'my_msg_package.egg-info/SOURCES.txt'
[ 22%] [32m[1mLinking C shared library libmy_msg_package__rosidl_generator_c.so[0m
reading manifest file 'my_msg_package.egg-info/SOURCES.txt'
writing manifest file 'my_msg_package.egg-info/SOURCES.txt'
[ 22%] Built target my_msg_package__rosidl_generator_c
[ 22%] Built target ament_cmake_python_build_my_msg_package_egg
[ 25%] [34m[1mGenerating C introspection for ROS interfaces[0m
[ 29%] [34m[1mGenerating C type support dispatch for ROS interfaces[0m
[ 32%] [34m[1mGenerating C type support for eProsima Fast-RTPS[0m
[ 35%] [32mBuilding CXX object CMakeFiles/my_msg_package__rosidl_typesupport_cpp.dir/rosidl_typesupport_cpp/my_msg_package/msg/my_message__type_support.cpp.o[0m
[ 38%] [32mBuilding CXX object CMakeFiles/my_msg_package__rosidl_typesupport_introspection_cpp.dir/rosidl_typesupport_introspection_cpp/my_msg_package/msg/detail/my_message__type_support.cpp.o[0m
[ 41%] [32mBuilding CXX object CMakeFiles/my_msg_package__rosidl_typesupport_fastrtps_cpp.dir/rosidl_typesupport_fastrtps_cpp/my_msg_package/msg/detail/dds_fastrtps/my_message__type_support.cpp.o[0m
[ 45%] [32mBuilding CXX object CMakeFiles/my_msg_package__rosidl_typesupport_c.dir/rosidl_typesupport_c/my_msg_package/msg/my_message__type_support.cpp.o[0m
[ 48%] [32mBuilding C object CMakeFiles/my_msg_package__rosidl_typesupport_introspection_c.dir/rosidl_typesupport_introspection_c/my_msg_package/msg/detail/my_message__type_support.c.o[0m
[ 51%] [32m[1mLinking CXX shared library libmy_msg_package__rosidl_typesupport_c.so[0m
[ 54%] [32mBuilding CXX object CMakeFiles/my_msg_package__rosidl_typesupport_fastrtps_c.dir/rosidl_typesupport_fastrtps_c/my_msg_package/msg/detail/my_message__type_support_c.cpp.o[0m
[ 58%] [32m[1mLinking CXX shared library libmy_msg_package__rosidl_typesupport_cpp.so[0m
[ 61%] [32m[1mLinking C shared library libmy_msg_package__rosidl_typesupport_introspection_c.so[0m
[ 61%] Built target my_msg_package__rosidl_typesupport_c
[ 64%] [32m[1mLinking CXX shared library libmy_msg_package__rosidl_typesupport_introspection_cpp.so[0m
[ 64%] Built target my_msg_package__rosidl_typesupport_cpp
[ 64%] Built target my_msg_package__rosidl_typesupport_introspection_c
[ 67%] [32m[1mLinking CXX shared library libmy_msg_package__rosidl_typesupport_fastrtps_cpp.so[0m
[ 67%] Built target my_msg_package__rosidl_typesupport_introspection_cpp
[ 67%] Built target my_msg_package__rosidl_typesupport_fastrtps_cpp
[ 70%] [32m[1mLinking CXX shared library libmy_msg_package__rosidl_typesupport_fastrtps_c.so[0m
[ 70%] Built target my_msg_package__rosidl_typesupport_fastrtps_c
[ 70%] Built target my_msg_package
[ 74%] [34m[1mGenerating Python code for ROS interfaces[0m
[ 74%] Built target my_msg_package__py
[ 77%] [32mBuilding C object CMakeFiles/my_msg_package__rosidl_generator_py.dir/rosidl_generator_py/my_msg_package/msg/_my_message_s.c.o[0m
[ 80%] [32m[1mLinking C shared library rosidl_generator_py/my_msg_package/libmy_msg_package__rosidl_generator_py.so[0m
[ 80%] Built target my_msg_package__rosidl_generator_py
[ 87%] [32mBuilding C object CMakeFiles/my_msg_package__rosidl_typesupport_introspection_c__pyext.dir/rosidl_generator_py/my_msg_package/_my_msg_package_s.ep.rosidl_typesupport_introspection_c.c.o[0m
[ 87%] [32mBuilding C object CMakeFiles/my_msg_package__rosidl_typesupport_fastrtps_c__pyext.dir/rosidl_generator_py/my_msg_package/_my_msg_package_s.ep.rosidl_typesupport_fastrtps_c.c.o[0m
[ 90%] [32mBuilding C object CMakeFiles/my_msg_package__rosidl_typesupport_c__pyext.dir/rosidl_generator_py/my_msg_package/_my_msg_package_s.ep.rosidl_typesupport_c.c.o[0m
[ 93%] [32m[1mLinking C shared library rosidl_generator_py/my_msg_package/my_msg_package_s__rosidl_typesupport_introspection_c.cpython-310-x86_64-linux-gnu.so[0m
[ 96%] [32m[1mLinking C shared library rosidl_generator_py/my_msg_package/my_msg_package_s__rosidl_typesupport_c.cpython-310-x86_64-linux-gnu.so[0m
[100%] [32m[1mLinking C shared library rosidl_generator_py/my_msg_package/my_msg_package_s__rosidl_typesupport_fastrtps_c.cpython-310-x86_64-linux-gnu.so[0m
[100%] Built target my_msg_package__rosidl_typesupport_introspection_c__pyext
[100%] Built target my_msg_package__rosidl_typesupport_c__pyext
[100%] Built target my_msg_package__rosidl_typesupport_fastrtps_c__pyext
-- Install configuration: ""
-- Installing: /home/jitesh/flipkart_ws/install/my_msg_package/share/ament_index/resource_index/rosidl_interfaces/my_msg_package
-- Installing: /home/jitesh/flipkart_ws/install/my_msg_package/include/my_msg_package/my_msg_package
-- Installing: /home/jitesh/flipkart_ws/install/my_msg_package/include/my_msg_package/my_msg_package/msg
-- Installing: /home/jitesh/flipkart_ws/install/my_msg_package/include/my_msg_package/my_msg_package/msg/my_message.h
-- Installing: /home/jitesh/flipkart_ws/install/my_msg_package/include/my_msg_package/my_msg_package/msg/detail
-- Installing: /home/jitesh/flipkart_ws/install/my_msg_package/include/my_msg_package/my_msg_package/msg/detail/my_message__functions.h
-- Installing: /home/jitesh/flipkart_ws/install/my_msg_package/include/my_msg_package/my_msg_package/msg/detail/my_message__struct.h
-- Installing: /home/jitesh/flipkart_ws/install/my_msg_package/include/my_msg_package/my_msg_package/msg/detail/my_message__type_support.h
-- Installing: /home/jitesh/flipkart_ws/install/my_msg_package/include/my_msg_package/my_msg_package/msg/detail/my_message__functions.c
-- Installing: /home/jitesh/flipkart_ws/install/my_msg_package/include/my_msg_package/my_msg_package/msg/rosidl_generator_c__visibility_control.h
-- Installing: /home/jitesh/flipkart_ws/install/my_msg_package/share/my_msg_package/environment/library_path.sh
-- Installing: /home/jitesh/flipkart_ws/install/my_msg_package/share/my_msg_package/environment/library_path.dsv
-- Installing: /home/jitesh/flipkart_ws/install/my_msg_package/lib/libmy_msg_package__rosidl_generator_c.so
-- Set runtime path of "/home/jitesh/flipkart_ws/install/my_msg_package/lib/libmy_msg_package__rosidl_generator_c.so" to ""
-- Up-to-date: /home/jitesh/flipkart_ws/install/my_msg_package/include/my_msg_package/my_msg_package
-- Up-to-date: /home/jitesh/flipkart_ws/install/my_msg_package/include/my_msg_package/my_msg_package/msg
-- Up-to-date: /home/jitesh/flipkart_ws/install/my_msg_package/include/my_msg_package/my_msg_package/msg/detail
-- Installing: /home/jitesh/flipkart_ws/install/my_msg_package/include/my_msg_package/my_msg_package/msg/detail/my_message__rosidl_typesupport_fastrtps_c.h
-- Installing: /home/jitesh/flipkart_ws/install/my_msg_package/include/my_msg_package/my_msg_package/msg/rosidl_typesupport_fastrtps_c__visibility_control.h
-- Installing: /home/jitesh/flipkart_ws/install/my_msg_package/lib/libmy_msg_package__rosidl_typesupport_fastrtps_c.so
-- Set runtime path of "/home/jitesh/flipkart_ws/install/my_msg_package/lib/libmy_msg_package__rosidl_typesupport_fastrtps_c.so" to ""
-- Up-to-date: /home/jitesh/flipkart_ws/install/my_msg_package/include/my_msg_package/my_msg_package
-- Up-to-date: /home/jitesh/flipkart_ws/install/my_msg_package/include/my_msg_package/my_msg_package/msg
-- Installing: /home/jitesh/flipkart_ws/install/my_msg_package/include/my_msg_package/my_msg_package/msg/my_message.hpp
-- Up-to-date: /home/jitesh/flipkart_ws/install/my_msg_package/include/my_msg_package/my_msg_package/msg/detail
-- Installing: /home/jitesh/flipkart_ws/install/my_msg_package/include/my_msg_package/my_msg_package/msg/detail/my_message__struct.hpp
-- Installing: /home/jitesh/flipkart_ws/install/my_msg_package/include/my_msg_package/my_msg_package/msg/detail/my_message__traits.hpp
-- Installing: /home/jitesh/flipkart_ws/install/my_msg_package/include/my_msg_package/my_msg_package/msg/detail/my_message__builder.hpp
-- Up-to-date: /home/jitesh/flipkart_ws/install/my_msg_package/include/my_msg_package/my_msg_package
-- Up-to-date: /home/jitesh/flipkart_ws/install/my_msg_package/include/my_msg_package/my_msg_package/msg
-- Installing: /home/jitesh/flipkart_ws/install/my_msg_package/include/my_msg_package/my_msg_package/msg/rosidl_typesupport_fastrtps_cpp__visibility_control.h
-- Up-to-date: /home/jitesh/flipkart_ws/install/my_msg_package/include/my_msg_package/my_msg_package/msg/detail
-- Installing: /home/jitesh/flipkart_ws/install/my_msg_package/include/my_msg_package/my_msg_package/msg/detail/dds_fastrtps
-- Installing: /home/jitesh/flipkart_ws/install/my_msg_package/include/my_msg_package/my_msg_package/msg/detail/my_message__rosidl_typesupport_fastrtps_cpp.hpp
-- Installing: /home/jitesh/flipkart_ws/install/my_msg_package/lib/libmy_msg_package__rosidl_typesupport_fastrtps_cpp.so
-- Set runtime path of "/home/jitesh/flipkart_ws/install/my_msg_package/lib/libmy_msg_package__rosidl_typesupport_fastrtps_cpp.so" to ""
-- Up-to-date: /home/jitesh/flipkart_ws/install/my_msg_package/include/my_msg_package/my_msg_package
-- Up-to-date: /home/jitesh/flipkart_ws/install/my_msg_package/include/my_msg_package/my_msg_package/msg
-- Up-to-date: /home/jitesh/flipkart_ws/install/my_msg_package/include/my_msg_package/my_msg_package/msg/detail
-- Installing: /home/jitesh/flipkart_ws/install/my_msg_package/include/my_msg_package/my_msg_package/msg/detail/my_message__rosidl_typesupport_introspection_c.h
-- Installing: /home/jitesh/flipkart_ws/install/my_msg_package/include/my_msg_package/my_msg_package/msg/detail/my_message__type_support.c
-- Installing: /home/jitesh/flipkart_ws/install/my_msg_package/include/my_msg_package/my_msg_package/msg/rosidl_typesupport_introspection_c__visibility_control.h
-- Installing: /home/jitesh/flipkart_ws/install/my_msg_package/lib/libmy_msg_package__rosidl_typesupport_introspection_c.so
-- Set runtime path of "/home/jitesh/flipkart_ws/install/my_msg_package/lib/libmy_msg_package__rosidl_typesupport_introspection_c.so" to ""
-- Installing: /home/jitesh/flipkart_ws/install/my_msg_package/lib/libmy_msg_package__rosidl_typesupport_c.so
-- Set runtime path of "/home/jitesh/flipkart_ws/install/my_msg_package/lib/libmy_msg_package__rosidl_typesupport_c.so" to ""
-- Up-to-date: /home/jitesh/flipkart_ws/install/my_msg_package/include/my_msg_package/my_msg_package
-- Up-to-date: /home/jitesh/flipkart_ws/install/my_msg_package/include/my_msg_package/my_msg_package/msg
-- Up-to-date: /home/jitesh/flipkart_ws/install/my_msg_package/include/my_msg_package/my_msg_package/msg/detail
-- Installing: /home/jitesh/flipkart_ws/install/my_msg_package/include/my_msg_package/my_msg_package/msg/detail/my_message__rosidl_typesupport_introspection_cpp.hpp
-- Installing: /home/jitesh/flipkart_ws/install/my_msg_package/include/my_msg_package/my_msg_package/msg/detail/my_message__type_support.cpp
-- Installing: /home/jitesh/flipkart_ws/install/my_msg_package/lib/libmy_msg_package__rosidl_typesupport_introspection_cpp.so
-- Set runtime path of "/home/jitesh/flipkart_ws/install/my_msg_package/lib/libmy_msg_package__rosidl_typesupport_introspection_cpp.so" to ""
-- Installing: /home/jitesh/flipkart_ws/install/my_msg_package/lib/libmy_msg_package__rosidl_typesupport_cpp.so
-- Set runtime path of "/home/jitesh/flipkart_ws/install/my_msg_package/lib/libmy_msg_package__rosidl_typesupport_cpp.so" to ""
-- Installing: /home/jitesh/flipkart_ws/install/my_msg_package/share/my_msg_package/environment/pythonpath.sh
-- Installing: /home/jitesh/flipkart_ws/install/my_msg_package/share/my_msg_package/environment/pythonpath.dsv
-- Installing: /home/jitesh/flipkart_ws/install/my_msg_package/local/lib/python3.10/dist-packages/my_msg_package-0.0.0-py3.10.egg-info
-- Installing: /home/jitesh/flipkart_ws/install/my_msg_package/local/lib/python3.10/dist-packages/my_msg_package-0.0.0-py3.10.egg-info/top_level.txt
-- Installing: /home/jitesh/flipkart_ws/install/my_msg_package/local/lib/python3.10/dist-packages/my_msg_package-0.0.0-py3.10.egg-info/PKG-INFO
-- Installing: /home/jitesh/flipkart_ws/install/my_msg_package/local/lib/python3.10/dist-packages/my_msg_package-0.0.0-py3.10.egg-info/dependency_links.txt
-- Installing: /home/jitesh/flipkart_ws/install/my_msg_package/local/lib/python3.10/dist-packages/my_msg_package-0.0.0-py3.10.egg-info/SOURCES.txt
-- Installing: /home/jitesh/flipkart_ws/install/my_msg_package/local/lib/python3.10/dist-packages/my_msg_package
-- Installing: /home/jitesh/flipkart_ws/install/my_msg_package/local/lib/python3.10/dist-packages/my_msg_package/my_msg_package_s__rosidl_typesupport_c.cpython-310-x86_64-linux-gnu.so
-- Installing: /home/jitesh/flipkart_ws/install/my_msg_package/local/lib/python3.10/dist-packages/my_msg_package/_my_msg_package_s.ep.rosidl_typesupport_fastrtps_c.c
-- Installing: /home/jitesh/flipkart_ws/install/my_msg_package/local/lib/python3.10/dist-packages/my_msg_package/_my_msg_package_s.ep.rosidl_typesupport_introspection_c.c
-- Installing: /home/jitesh/flipkart_ws/install/my_msg_package/local/lib/python3.10/dist-packages/my_msg_package/my_msg_package_s__rosidl_typesupport_introspection_c.cpython-310-x86_64-linux-gnu.so
-- Installing: /home/jitesh/flipkart_ws/install/my_msg_package/local/lib/python3.10/dist-packages/my_msg_package/_my_msg_package_s.ep.rosidl_typesupport_c.c
-- Installing: /home/jitesh/flipkart_ws/install/my_msg_package/local/lib/python3.10/dist-packages/my_msg_package/msg
-- Installing: /home/jitesh/flipkart_ws/install/my_msg_package/local/lib/python3.10/dist-packages/my_msg_package/msg/_my_message_s.c
-- Installing: /home/jitesh/flipkart_ws/install/my_msg_package/local/lib/python3.10/dist-packages/my_msg_package/msg/_my_message.py
-- Installing: /home/jitesh/flipkart_ws/install/my_msg_package/local/lib/python3.10/dist-packages/my_msg_package/msg/__init__.py
-- Installing: /home/jitesh/flipkart_ws/install/my_msg_package/local/lib/python3.10/dist-packages/my_msg_package/libmy_msg_package__rosidl_generator_py.so
-- Installing: /home/jitesh/flipkart_ws/install/my_msg_package/local/lib/python3.10/dist-packages/my_msg_package/__init__.py
-- Installing: /home/jitesh/flipkart_ws/install/my_msg_package/local/lib/python3.10/dist-packages/my_msg_package/my_msg_package_s__rosidl_typesupport_fastrtps_c.cpython-310-x86_64-linux-gnu.so
Listing '/home/jitesh/flipkart_ws/install/my_msg_package/local/lib/python3.10/dist-packages/my_msg_package'...
Compiling '/home/jitesh/flipkart_ws/install/my_msg_package/local/lib/python3.10/dist-packages/my_msg_package/__init__.py'...
Listing '/home/jitesh/flipkart_ws/install/my_msg_package/local/lib/python3.10/dist-packages/my_msg_package/msg'...
Compiling '/home/jitesh/flipkart_ws/install/my_msg_package/local/lib/python3.10/dist-packages/my_msg_package/msg/__init__.py'...
Compiling '/home/jitesh/flipkart_ws/install/my_msg_package/local/lib/python3.10/dist-packages/my_msg_package/msg/_my_message.py'...
-- Installing: /home/jitesh/flipkart_ws/install/my_msg_package/local/lib/python3.10/dist-packages/my_msg_package/my_msg_package_s__rosidl_typesupport_fastrtps_c.cpython-310-x86_64-linux-gnu.so
-- Set runtime path of "/home/jitesh/flipkart_ws/install/my_msg_package/local/lib/python3.10/dist-packages/my_msg_package/my_msg_package_s__rosidl_typesupport_fastrtps_c.cpython-310-x86_64-linux-gnu.so" to ""
-- Installing: /home/jitesh/flipkart_ws/install/my_msg_package/local/lib/python3.10/dist-packages/my_msg_package/my_msg_package_s__rosidl_typesupport_introspection_c.cpython-310-x86_64-linux-gnu.so
-- Set runtime path of "/home/jitesh/flipkart_ws/install/my_msg_package/local/lib/python3.10/dist-packages/my_msg_package/my_msg_package_s__rosidl_typesupport_introspection_c.cpython-310-x86_64-linux-gnu.so" to ""
-- Installing: /home/jitesh/flipkart_ws/install/my_msg_package/local/lib/python3.10/dist-packages/my_msg_package/my_msg_package_s__rosidl_typesupport_c.cpython-310-x86_64-linux-gnu.so
-- Set runtime path of "/home/jitesh/flipkart_ws/install/my_msg_package/local/lib/python3.10/dist-packages/my_msg_package/my_msg_package_s__rosidl_typesupport_c.cpython-310-x86_64-linux-gnu.so" to ""
-- Installing: /home/jitesh/flipkart_ws/install/my_msg_package/lib/libmy_msg_package__rosidl_generator_py.so
-- Set runtime path of "/home/jitesh/flipkart_ws/install/my_msg_package/lib/libmy_msg_package__rosidl_generator_py.so" to ""
-- Installing: /home/jitesh/flipkart_ws/install/my_msg_package/share/my_msg_package/msg/MyMessage.idl
-- Installing: /home/jitesh/flipkart_ws/install/my_msg_package/share/my_msg_package/msg/MyMessage.msg
-- Installing: /home/jitesh/flipkart_ws/install/my_msg_package/share/ament_index/resource_index/package_run_dependencies/my_msg_package
-- Installing: /home/jitesh/flipkart_ws/install/my_msg_package/share/ament_index/resource_index/parent_prefix_path/my_msg_package
-- Installing: /home/jitesh/flipkart_ws/install/my_msg_package/share/my_msg_package/environment/ament_prefix_path.sh
-- Installing: /home/jitesh/flipkart_ws/install/my_msg_package/share/my_msg_package/environment/ament_prefix_path.dsv
-- Installing: /home/jitesh/flipkart_ws/install/my_msg_package/share/my_msg_package/environment/path.sh
-- Installing: /home/jitesh/flipkart_ws/install/my_msg_package/share/my_msg_package/environment/path.dsv
-- Installing: /home/jitesh/flipkart_ws/install/my_msg_package/share/my_msg_package/local_setup.bash
-- Installing: /home/jitesh/flipkart_ws/install/my_msg_package/share/my_msg_package/local_setup.sh
-- Installing: /home/jitesh/flipkart_ws/install/my_msg_package/share/my_msg_package/local_setup.zsh
-- Installing: /home/jitesh/flipkart_ws/install/my_msg_package/share/my_msg_package/local_setup.dsv
-- Installing: /home/jitesh/flipkart_ws/install/my_msg_package/share/my_msg_package/package.dsv
-- Installing: /home/jitesh/flipkart_ws/install/my_msg_package/share/ament_index/resource_index/packages/my_msg_package
-- Installing: /home/jitesh/flipkart_ws/install/my_msg_package/share/my_msg_package/cmake/export_my_msg_package__rosidl_generator_cExport.cmake
-- Installing: /home/jitesh/flipkart_ws/install/my_msg_package/share/my_msg_package/cmake/export_my_msg_package__rosidl_generator_cExport-noconfig.cmake
-- Installing: /home/jitesh/flipkart_ws/install/my_msg_package/share/my_msg_package/cmake/export_my_msg_package__rosidl_typesupport_fastrtps_cExport.cmake
-- Installing: /home/jitesh/flipkart_ws/install/my_msg_package/share/my_msg_package/cmake/export_my_msg_package__rosidl_typesupport_fastrtps_cExport-noconfig.cmake
-- Installing: /home/jitesh/flipkart_ws/install/my_msg_package/share/my_msg_package/cmake/export_my_msg_package__rosidl_generator_cppExport.cmake
-- Installing: /home/jitesh/flipkart_ws/install/my_msg_package/share/my_msg_package/cmake/export_my_msg_package__rosidl_typesupport_fastrtps_cppExport.cmake
-- Installing: /home/jitesh/flipkart_ws/install/my_msg_package/share/my_msg_package/cmake/export_my_msg_package__rosidl_typesupport_fastrtps_cppExport-noconfig.cmake
-- Installing: /home/jitesh/flipkart_ws/install/my_msg_package/share/my_msg_package/cmake/my_msg_package__rosidl_typesupport_introspection_cExport.cmake
-- Installing: /home/jitesh/flipkart_ws/install/my_msg_package/share/my_msg_package/cmake/my_msg_package__rosidl_typesupport_introspection_cExport-noconfig.cmake
-- Installing: /home/jitesh/flipkart_ws/install/my_msg_package/share/my_msg_package/cmake/my_msg_package__rosidl_typesupport_cExport.cmake
-- Installing: /home/jitesh/flipkart_ws/install/my_msg_package/share/my_msg_package/cmake/my_msg_package__rosidl_typesupport_cExport-noconfig.cmake
-- Installing: /home/jitesh/flipkart_ws/install/my_msg_package/share/my_msg_package/cmake/my_msg_package__rosidl_typesupport_introspection_cppExport.cmake
-- Installing: /home/jitesh/flipkart_ws/install/my_msg_package/share/my_msg_package/cmake/my_msg_package__rosidl_typesupport_introspection_cppExport-noconfig.cmake
-- Installing: /home/jitesh/flipkart_ws/install/my_msg_package/share/my_msg_package/cmake/my_msg_package__rosidl_typesupport_cppExport.cmake
-- Installing: /home/jitesh/flipkart_ws/install/my_msg_package/share/my_msg_package/cmake/my_msg_package__rosidl_typesupport_cppExport-noconfig.cmake
-- Installing: /home/jitesh/flipkart_ws/install/my_msg_package/share/my_msg_package/cmake/export_my_msg_package__rosidl_generator_pyExport.cmake
-- Installing: /home/jitesh/flipkart_ws/install/my_msg_package/share/my_msg_package/cmake/export_my_msg_package__rosidl_generator_pyExport-noconfig.cmake
-- Installing: /home/jitesh/flipkart_ws/install/my_msg_package/share/my_msg_package/cmake/rosidl_cmake-extras.cmake
-- Installing: /home/jitesh/flipkart_ws/install/my_msg_package/share/my_msg_package/cmake/ament_cmake_export_include_directories-extras.cmake
-- Installing: /home/jitesh/flipkart_ws/install/my_msg_package/share/my_msg_package/cmake/ament_cmake_export_libraries-extras.cmake
-- Installing: /home/jitesh/flipkart_ws/install/my_msg_package/share/my_msg_package/cmake/ament_cmake_export_targets-extras.cmake
-- Installing: /home/jitesh/flipkart_ws/install/my_msg_package/share/my_msg_package/cmake/rosidl_cmake_export_typesupport_targets-extras.cmake
-- Installing: /home/jitesh/flipkart_ws/install/my_msg_package/share/my_msg_package/cmake/ament_cmake_export_dependencies-extras.cmake
-- Installing: /home/jitesh/flipkart_ws/install/my_msg_package/share/my_msg_package/cmake/rosidl_cmake_export_typesupport_libraries-extras.cmake
-- Installing: /home/jitesh/flipkart_ws/install/my_msg_package/share/my_msg_package/cmake/my_msg_packageConfig.cmake
-- Installing: /home/jitesh/flipkart_ws/install/my_msg_package/share/my_msg_package/cmake/my_msg_packageConfig-version.cmake
-- Installing: /home/jitesh/flipkart_ws/install/my_msg_package/share/my_msg_package/package.xml
