[0.847s] Invoking command in '/home/jitesh/flipkart_ws/build/my_msg_package': CMAKE_PREFIX_PATH=${CMAKE_PREFIX_PATH}:/home/jitesh/ws_moveit2/install/moveit_configs_utils:/home/jitesh/ws_moveit2/install/launch_param_builder:/home/jitesh/bookros2_ws/install/launch_pal:/home/jitesh/bookros2_ws/install/br2_fsm_bumpgo_py:/home/jitesh/roboarm_ws/install/my_robot_arm:/home/jitesh/ros2_ws/install/urdf_tutorial:/home/jitesh/ros2_ws/install/py_srvcli:/home/jitesh/ros2_ws/install/py_pubsub:/home/jitesh/ros2_ws/install/my_robot_controller:/home/jitesh/ros2_ws/install/cpp_pubsub:/opt/ros/humble /usr/bin/cmake /home/jitesh/flipkart_ws/src/my_msg_package -DCMAKE_INSTALL_PREFIX=/home/jitesh/flipkart_ws/install/my_msg_package
[1.646s] -- The C compiler identification is GNU 11.4.0
[1.646s] -- The CXX compiler identification is GNU 11.4.0
[1.646s] -- Detecting C compiler ABI info
[1.646s] -- Detecting C compiler ABI info - done
[1.647s] -- Check for working C compiler: /usr/bin/cc - skipped
[1.647s] -- Detecting C compile features
[1.647s] -- Detecting C compile features - done
[1.647s] -- Detecting CXX compiler ABI info
[1.648s] -- Detecting CXX compiler ABI info - done
[1.649s] -- Check for working CXX compiler: /usr/bin/c++ - skipped
[1.650s] -- Detecting CXX compile features
[1.650s] -- Detecting CXX compile features - done
[1.650s] -- Found ament_cmake: 1.3.6 (/opt/ros/humble/share/ament_cmake/cmake)
[2.354s] -- Found Python3: /usr/bin/python3.10 (found version "3.10.12") found components: Interpreter 
[2.755s] -- Found rclpy: 3.3.11 (/opt/ros/humble/share/rclpy/cmake)
[2.773s] -- Found std_msgs: 4.2.3 (/opt/ros/humble/share/std_msgs/cmake)
[3.028s] -- Found rosidl_generator_c: 3.1.5 (/opt/ros/humble/share/rosidl_generator_c/cmake)
[3.071s] -- Found rosidl_adapter: 3.1.5 (/opt/ros/humble/share/rosidl_adapter/cmake)
[3.126s] -- Found rosidl_generator_cpp: 3.1.5 (/opt/ros/humble/share/rosidl_generator_cpp/cmake)
[3.195s] -- Using all available rosidl_typesupport_c: rosidl_typesupport_fastrtps_c;rosidl_typesupport_introspection_c
[3.280s] -- Using all available rosidl_typesupport_cpp: rosidl_typesupport_fastrtps_cpp;rosidl_typesupport_introspection_cpp
[3.413s] -- Found rosidl_default_generators: 1.2.0 (/opt/ros/humble/share/rosidl_default_generators/cmake)
[3.956s] -- Found ament_cmake_ros: 0.10.0 (/opt/ros/humble/share/ament_cmake_ros/cmake)
[4.444s] -- Using all available rosidl_typesupport_c: rosidl_typesupport_fastrtps_c;rosidl_typesupport_introspection_c
[4.641s] -- Using all available rosidl_typesupport_cpp: rosidl_typesupport_fastrtps_cpp;rosidl_typesupport_introspection_cpp
[4.689s] -- Found PythonInterp: /usr/bin/python3 (found suitable version "3.10.12", minimum required is "3.6") 
[4.708s] -- Found python_cmake_module: 0.10.0 (/opt/ros/humble/share/python_cmake_module/cmake)
[4.762s] -- Found PythonLibs: /usr/lib/x86_64-linux-gnu/libpython3.10.so (found suitable version "3.10.12", minimum required is "3.5") 
[4.762s] -- Using PYTHON_EXECUTABLE: /usr/bin/python3
[4.762s] -- Using PYTHON_INCLUDE_DIRS: /usr/include/python3.10
[4.762s] -- Using PYTHON_LIBRARIES: /usr/lib/x86_64-linux-gnu/libpython3.10.so
[4.802s] -- Found PythonExtra: .so  
[4.934s] -- Found ament_lint_auto: 0.12.9 (/opt/ros/humble/share/ament_lint_auto/cmake)
[5.071s] -- Added test 'lint_cmake' to check CMake code style
[5.075s] -- Added test 'xmllint' to check XML markup files
[5.085s] -- Configuring done
[5.123s] -- Generating done
[5.126s] -- Build files have been written to: /home/jitesh/flipkart_ws/build/my_msg_package
[5.140s] Invoked command in '/home/jitesh/flipkart_ws/build/my_msg_package' returned '0': CMAKE_PREFIX_PATH=${CMAKE_PREFIX_PATH}:/home/jitesh/ws_moveit2/install/moveit_configs_utils:/home/jitesh/ws_moveit2/install/launch_param_builder:/home/jitesh/bookros2_ws/install/launch_pal:/home/jitesh/bookros2_ws/install/br2_fsm_bumpgo_py:/home/jitesh/roboarm_ws/install/my_robot_arm:/home/jitesh/ros2_ws/install/urdf_tutorial:/home/jitesh/ros2_ws/install/py_srvcli:/home/jitesh/ros2_ws/install/py_pubsub:/home/jitesh/ros2_ws/install/my_robot_controller:/home/jitesh/ros2_ws/install/cpp_pubsub:/opt/ros/humble /usr/bin/cmake /home/jitesh/flipkart_ws/src/my_msg_package -DCMAKE_INSTALL_PREFIX=/home/jitesh/flipkart_ws/install/my_msg_package
[5.143s] Invoking command in '/home/jitesh/flipkart_ws/build/my_msg_package': CMAKE_PREFIX_PATH=${CMAKE_PREFIX_PATH}:/home/jitesh/ws_moveit2/install/moveit_configs_utils:/home/jitesh/ws_moveit2/install/launch_param_builder:/home/jitesh/bookros2_ws/install/launch_pal:/home/jitesh/bookros2_ws/install/br2_fsm_bumpgo_py:/home/jitesh/roboarm_ws/install/my_robot_arm:/home/jitesh/ros2_ws/install/urdf_tutorial:/home/jitesh/ros2_ws/install/py_srvcli:/home/jitesh/ros2_ws/install/py_pubsub:/home/jitesh/ros2_ws/install/my_robot_controller:/home/jitesh/ros2_ws/install/cpp_pubsub:/opt/ros/humble /usr/bin/cmake --build /home/jitesh/flipkart_ws/build/my_msg_package -- -j12 -l12
[5.245s] [  3%] [34m[1mGenerating C code for ROS interfaces[0m
[5.272s] [  6%] [34m[1mGenerating C++ code for ROS interfaces[0m
[5.294s] [  6%] Built target ament_cmake_python_copy_my_msg_package
[5.612s] running egg_info
[5.620s] creating my_msg_package.egg-info
[5.644s] writing my_msg_package.egg-info/PKG-INFO
[5.644s] writing dependency_links to my_msg_package.egg-info/dependency_links.txt
[5.644s] writing top-level names to my_msg_package.egg-info/top_level.txt
[5.730s] [  6%] Built target my_msg_package__cpp
[5.743s] [  9%] [32mBuilding C object CMakeFiles/my_msg_package__rosidl_generator_c.dir/rosidl_generator_c/my_msg_package/msg/detail/my_message__functions.c.o[0m
[5.758s] [ 12%] [34m[1mGenerating C++ type support dispatch for ROS interfaces[0m
[5.763s] [ 16%] [34m[1mGenerating C++ introspection for ROS interfaces[0m
[5.768s] [ 19%] [34m[1mGenerating C++ type support for eProsima Fast-RTPS[0m
[5.802s] writing manifest file 'my_msg_package.egg-info/SOURCES.txt'
[5.874s] [ 22%] [32m[1mLinking C shared library libmy_msg_package__rosidl_generator_c.so[0m
[5.885s] reading manifest file 'my_msg_package.egg-info/SOURCES.txt'
[5.886s] writing manifest file 'my_msg_package.egg-info/SOURCES.txt'
[6.012s] [ 22%] Built target my_msg_package__rosidl_generator_c
[6.019s] [ 22%] Built target ament_cmake_python_build_my_msg_package_egg
[6.060s] [ 25%] [34m[1mGenerating C introspection for ROS interfaces[0m
[6.060s] [ 29%] [34m[1mGenerating C type support dispatch for ROS interfaces[0m
[6.094s] [ 32%] [34m[1mGenerating C type support for eProsima Fast-RTPS[0m
[6.340s] [ 35%] [32mBuilding CXX object CMakeFiles/my_msg_package__rosidl_typesupport_cpp.dir/rosidl_typesupport_cpp/my_msg_package/msg/my_message__type_support.cpp.o[0m
[6.360s] [ 38%] [32mBuilding CXX object CMakeFiles/my_msg_package__rosidl_typesupport_introspection_cpp.dir/rosidl_typesupport_introspection_cpp/my_msg_package/msg/detail/my_message__type_support.cpp.o[0m
[6.389s] [ 41%] [32mBuilding CXX object CMakeFiles/my_msg_package__rosidl_typesupport_fastrtps_cpp.dir/rosidl_typesupport_fastrtps_cpp/my_msg_package/msg/detail/dds_fastrtps/my_message__type_support.cpp.o[0m
[6.738s] [ 45%] [32mBuilding CXX object CMakeFiles/my_msg_package__rosidl_typesupport_c.dir/rosidl_typesupport_c/my_msg_package/msg/my_message__type_support.cpp.o[0m
[6.831s] [ 48%] [32mBuilding C object CMakeFiles/my_msg_package__rosidl_typesupport_introspection_c.dir/rosidl_typesupport_introspection_c/my_msg_package/msg/detail/my_message__type_support.c.o[0m
[6.883s] [ 51%] [32m[1mLinking CXX shared library libmy_msg_package__rosidl_typesupport_c.so[0m
[6.953s] [ 54%] [32mBuilding CXX object CMakeFiles/my_msg_package__rosidl_typesupport_fastrtps_c.dir/rosidl_typesupport_fastrtps_c/my_msg_package/msg/detail/my_message__type_support_c.cpp.o[0m
[6.982s] [ 58%] [32m[1mLinking CXX shared library libmy_msg_package__rosidl_typesupport_cpp.so[0m
[7.011s] [ 61%] [32m[1mLinking C shared library libmy_msg_package__rosidl_typesupport_introspection_c.so[0m
[7.107s] [ 61%] Built target my_msg_package__rosidl_typesupport_c
[7.276s] [ 64%] [32m[1mLinking CXX shared library libmy_msg_package__rosidl_typesupport_introspection_cpp.so[0m
[7.291s] [ 64%] Built target my_msg_package__rosidl_typesupport_cpp
[7.292s] [ 64%] Built target my_msg_package__rosidl_typesupport_introspection_c
[7.337s] [ 67%] [32m[1mLinking CXX shared library libmy_msg_package__rosidl_typesupport_fastrtps_cpp.so[0m
[7.493s] [ 67%] Built target my_msg_package__rosidl_typesupport_introspection_cpp
[7.685s] [ 67%] Built target my_msg_package__rosidl_typesupport_fastrtps_cpp
[7.709s] [ 70%] [32m[1mLinking CXX shared library libmy_msg_package__rosidl_typesupport_fastrtps_c.so[0m
[8.005s] [ 70%] Built target my_msg_package__rosidl_typesupport_fastrtps_c
[8.104s] [ 70%] Built target my_msg_package
[8.217s] [ 74%] [34m[1mGenerating Python code for ROS interfaces[0m
[9.594s] [ 74%] Built target my_msg_package__py
[9.797s] [ 77%] [32mBuilding C object CMakeFiles/my_msg_package__rosidl_generator_py.dir/rosidl_generator_py/my_msg_package/msg/_my_message_s.c.o[0m
[10.461s] [ 80%] [32m[1mLinking C shared library rosidl_generator_py/my_msg_package/libmy_msg_package__rosidl_generator_py.so[0m
[10.860s] [ 80%] Built target my_msg_package__rosidl_generator_py
[11.117s] [ 87%] [32mBuilding C object CMakeFiles/my_msg_package__rosidl_typesupport_introspection_c__pyext.dir/rosidl_generator_py/my_msg_package/_my_msg_package_s.ep.rosidl_typesupport_introspection_c.c.o[0m
[11.124s] [ 87%] [32mBuilding C object CMakeFiles/my_msg_package__rosidl_typesupport_fastrtps_c__pyext.dir/rosidl_generator_py/my_msg_package/_my_msg_package_s.ep.rosidl_typesupport_fastrtps_c.c.o[0m
[11.210s] [ 90%] [32mBuilding C object CMakeFiles/my_msg_package__rosidl_typesupport_c__pyext.dir/rosidl_generator_py/my_msg_package/_my_msg_package_s.ep.rosidl_typesupport_c.c.o[0m
[11.397s] [ 93%] [32m[1mLinking C shared library rosidl_generator_py/my_msg_package/my_msg_package_s__rosidl_typesupport_introspection_c.cpython-310-x86_64-linux-gnu.so[0m
[11.476s] [ 96%] [32m[1mLinking C shared library rosidl_generator_py/my_msg_package/my_msg_package_s__rosidl_typesupport_c.cpython-310-x86_64-linux-gnu.so[0m
[11.511s] [100%] [32m[1mLinking C shared library rosidl_generator_py/my_msg_package/my_msg_package_s__rosidl_typesupport_fastrtps_c.cpython-310-x86_64-linux-gnu.so[0m
[11.571s] [100%] Built target my_msg_package__rosidl_typesupport_introspection_c__pyext
[11.624s] [100%] Built target my_msg_package__rosidl_typesupport_c__pyext
[11.663s] [100%] Built target my_msg_package__rosidl_typesupport_fastrtps_c__pyext
[11.718s] Invoked command in '/home/jitesh/flipkart_ws/build/my_msg_package' returned '0': CMAKE_PREFIX_PATH=${CMAKE_PREFIX_PATH}:/home/jitesh/ws_moveit2/install/moveit_configs_utils:/home/jitesh/ws_moveit2/install/launch_param_builder:/home/jitesh/bookros2_ws/install/launch_pal:/home/jitesh/bookros2_ws/install/br2_fsm_bumpgo_py:/home/jitesh/roboarm_ws/install/my_robot_arm:/home/jitesh/ros2_ws/install/urdf_tutorial:/home/jitesh/ros2_ws/install/py_srvcli:/home/jitesh/ros2_ws/install/py_pubsub:/home/jitesh/ros2_ws/install/my_robot_controller:/home/jitesh/ros2_ws/install/cpp_pubsub:/opt/ros/humble /usr/bin/cmake --build /home/jitesh/flipkart_ws/build/my_msg_package -- -j12 -l12
[12.386s] Invoking command in '/home/jitesh/flipkart_ws/build/my_msg_package': CMAKE_PREFIX_PATH=${CMAKE_PREFIX_PATH}:/home/jitesh/ws_moveit2/install/moveit_configs_utils:/home/jitesh/ws_moveit2/install/launch_param_builder:/home/jitesh/bookros2_ws/install/launch_pal:/home/jitesh/bookros2_ws/install/br2_fsm_bumpgo_py:/home/jitesh/roboarm_ws/install/my_robot_arm:/home/jitesh/ros2_ws/install/urdf_tutorial:/home/jitesh/ros2_ws/install/py_srvcli:/home/jitesh/ros2_ws/install/py_pubsub:/home/jitesh/ros2_ws/install/my_robot_controller:/home/jitesh/ros2_ws/install/cpp_pubsub:/opt/ros/humble /usr/bin/cmake --install /home/jitesh/flipkart_ws/build/my_msg_package
[12.459s] -- Install configuration: ""
[12.460s] -- Installing: /home/jitesh/flipkart_ws/install/my_msg_package/share/ament_index/resource_index/rosidl_interfaces/my_msg_package
[12.461s] -- Installing: /home/jitesh/flipkart_ws/install/my_msg_package/include/my_msg_package/my_msg_package
[12.462s] -- Installing: /home/jitesh/flipkart_ws/install/my_msg_package/include/my_msg_package/my_msg_package/msg
[12.463s] -- Installing: /home/jitesh/flipkart_ws/install/my_msg_package/include/my_msg_package/my_msg_package/msg/my_message.h
[12.463s] -- Installing: /home/jitesh/flipkart_ws/install/my_msg_package/include/my_msg_package/my_msg_package/msg/detail
[12.464s] -- Installing: /home/jitesh/flipkart_ws/install/my_msg_package/include/my_msg_package/my_msg_package/msg/detail/my_message__functions.h
[12.465s] -- Installing: /home/jitesh/flipkart_ws/install/my_msg_package/include/my_msg_package/my_msg_package/msg/detail/my_message__struct.h
[12.466s] -- Installing: /home/jitesh/flipkart_ws/install/my_msg_package/include/my_msg_package/my_msg_package/msg/detail/my_message__type_support.h
[12.467s] -- Installing: /home/jitesh/flipkart_ws/install/my_msg_package/include/my_msg_package/my_msg_package/msg/detail/my_message__functions.c
[12.468s] -- Installing: /home/jitesh/flipkart_ws/install/my_msg_package/include/my_msg_package/my_msg_package/msg/rosidl_generator_c__visibility_control.h
[12.469s] -- Installing: /home/jitesh/flipkart_ws/install/my_msg_package/share/my_msg_package/environment/library_path.sh
[12.471s] -- Installing: /home/jitesh/flipkart_ws/install/my_msg_package/share/my_msg_package/environment/library_path.dsv
[12.473s] -- Installing: /home/jitesh/flipkart_ws/install/my_msg_package/lib/libmy_msg_package__rosidl_generator_c.so
[12.474s] -- Set runtime path of "/home/jitesh/flipkart_ws/install/my_msg_package/lib/libmy_msg_package__rosidl_generator_c.so" to ""
[12.475s] -- Up-to-date: /home/jitesh/flipkart_ws/install/my_msg_package/include/my_msg_package/my_msg_package
[12.476s] -- Up-to-date: /home/jitesh/flipkart_ws/install/my_msg_package/include/my_msg_package/my_msg_package/msg
[12.477s] -- Up-to-date: /home/jitesh/flipkart_ws/install/my_msg_package/include/my_msg_package/my_msg_package/msg/detail
[12.478s] -- Installing: /home/jitesh/flipkart_ws/install/my_msg_package/include/my_msg_package/my_msg_package/msg/detail/my_message__rosidl_typesupport_fastrtps_c.h
[12.478s] -- Installing: /home/jitesh/flipkart_ws/install/my_msg_package/include/my_msg_package/my_msg_package/msg/rosidl_typesupport_fastrtps_c__visibility_control.h
[12.479s] -- Installing: /home/jitesh/flipkart_ws/install/my_msg_package/lib/libmy_msg_package__rosidl_typesupport_fastrtps_c.so
[12.480s] -- Set runtime path of "/home/jitesh/flipkart_ws/install/my_msg_package/lib/libmy_msg_package__rosidl_typesupport_fastrtps_c.so" to ""
[12.481s] -- Up-to-date: /home/jitesh/flipkart_ws/install/my_msg_package/include/my_msg_package/my_msg_package
[12.481s] -- Up-to-date: /home/jitesh/flipkart_ws/install/my_msg_package/include/my_msg_package/my_msg_package/msg
[12.482s] -- Installing: /home/jitesh/flipkart_ws/install/my_msg_package/include/my_msg_package/my_msg_package/msg/my_message.hpp
[12.483s] -- Up-to-date: /home/jitesh/flipkart_ws/install/my_msg_package/include/my_msg_package/my_msg_package/msg/detail
[12.487s] -- Installing: /home/jitesh/flipkart_ws/install/my_msg_package/include/my_msg_package/my_msg_package/msg/detail/my_message__struct.hpp
[12.490s] -- Installing: /home/jitesh/flipkart_ws/install/my_msg_package/include/my_msg_package/my_msg_package/msg/detail/my_message__traits.hpp
[12.495s] -- Installing: /home/jitesh/flipkart_ws/install/my_msg_package/include/my_msg_package/my_msg_package/msg/detail/my_message__builder.hpp
[12.495s] -- Up-to-date: /home/jitesh/flipkart_ws/install/my_msg_package/include/my_msg_package/my_msg_package
[12.496s] -- Up-to-date: /home/jitesh/flipkart_ws/install/my_msg_package/include/my_msg_package/my_msg_package/msg
[12.497s] -- Installing: /home/jitesh/flipkart_ws/install/my_msg_package/include/my_msg_package/my_msg_package/msg/rosidl_typesupport_fastrtps_cpp__visibility_control.h
[12.498s] -- Up-to-date: /home/jitesh/flipkart_ws/install/my_msg_package/include/my_msg_package/my_msg_package/msg/detail
[12.498s] -- Installing: /home/jitesh/flipkart_ws/install/my_msg_package/include/my_msg_package/my_msg_package/msg/detail/dds_fastrtps
[12.499s] -- Installing: /home/jitesh/flipkart_ws/install/my_msg_package/include/my_msg_package/my_msg_package/msg/detail/my_message__rosidl_typesupport_fastrtps_cpp.hpp
[12.517s] -- Installing: /home/jitesh/flipkart_ws/install/my_msg_package/lib/libmy_msg_package__rosidl_typesupport_fastrtps_cpp.so
[12.518s] -- Set runtime path of "/home/jitesh/flipkart_ws/install/my_msg_package/lib/libmy_msg_package__rosidl_typesupport_fastrtps_cpp.so" to ""
[12.518s] -- Up-to-date: /home/jitesh/flipkart_ws/install/my_msg_package/include/my_msg_package/my_msg_package
[12.519s] -- Up-to-date: /home/jitesh/flipkart_ws/install/my_msg_package/include/my_msg_package/my_msg_package/msg
[12.520s] -- Up-to-date: /home/jitesh/flipkart_ws/install/my_msg_package/include/my_msg_package/my_msg_package/msg/detail
[12.521s] -- Installing: /home/jitesh/flipkart_ws/install/my_msg_package/include/my_msg_package/my_msg_package/msg/detail/my_message__rosidl_typesupport_introspection_c.h
[12.521s] -- Installing: /home/jitesh/flipkart_ws/install/my_msg_package/include/my_msg_package/my_msg_package/msg/detail/my_message__type_support.c
[12.522s] -- Installing: /home/jitesh/flipkart_ws/install/my_msg_package/include/my_msg_package/my_msg_package/msg/rosidl_typesupport_introspection_c__visibility_control.h
[12.522s] -- Installing: /home/jitesh/flipkart_ws/install/my_msg_package/lib/libmy_msg_package__rosidl_typesupport_introspection_c.so
[12.522s] -- Set runtime path of "/home/jitesh/flipkart_ws/install/my_msg_package/lib/libmy_msg_package__rosidl_typesupport_introspection_c.so" to ""
[12.522s] -- Installing: /home/jitesh/flipkart_ws/install/my_msg_package/lib/libmy_msg_package__rosidl_typesupport_c.so
[12.522s] -- Set runtime path of "/home/jitesh/flipkart_ws/install/my_msg_package/lib/libmy_msg_package__rosidl_typesupport_c.so" to ""
[12.522s] -- Up-to-date: /home/jitesh/flipkart_ws/install/my_msg_package/include/my_msg_package/my_msg_package
[12.522s] -- Up-to-date: /home/jitesh/flipkart_ws/install/my_msg_package/include/my_msg_package/my_msg_package/msg
[12.522s] -- Up-to-date: /home/jitesh/flipkart_ws/install/my_msg_package/include/my_msg_package/my_msg_package/msg/detail
[12.522s] -- Installing: /home/jitesh/flipkart_ws/install/my_msg_package/include/my_msg_package/my_msg_package/msg/detail/my_message__rosidl_typesupport_introspection_cpp.hpp
[12.523s] -- Installing: /home/jitesh/flipkart_ws/install/my_msg_package/include/my_msg_package/my_msg_package/msg/detail/my_message__type_support.cpp
[12.523s] -- Installing: /home/jitesh/flipkart_ws/install/my_msg_package/lib/libmy_msg_package__rosidl_typesupport_introspection_cpp.so
[12.523s] -- Set runtime path of "/home/jitesh/flipkart_ws/install/my_msg_package/lib/libmy_msg_package__rosidl_typesupport_introspection_cpp.so" to ""
[12.523s] -- Installing: /home/jitesh/flipkart_ws/install/my_msg_package/lib/libmy_msg_package__rosidl_typesupport_cpp.so
[12.523s] -- Set runtime path of "/home/jitesh/flipkart_ws/install/my_msg_package/lib/libmy_msg_package__rosidl_typesupport_cpp.so" to ""
[12.523s] -- Installing: /home/jitesh/flipkart_ws/install/my_msg_package/share/my_msg_package/environment/pythonpath.sh
[12.523s] -- Installing: /home/jitesh/flipkart_ws/install/my_msg_package/share/my_msg_package/environment/pythonpath.dsv
[12.523s] -- Installing: /home/jitesh/flipkart_ws/install/my_msg_package/local/lib/python3.10/dist-packages/my_msg_package-0.0.0-py3.10.egg-info
[12.523s] -- Installing: /home/jitesh/flipkart_ws/install/my_msg_package/local/lib/python3.10/dist-packages/my_msg_package-0.0.0-py3.10.egg-info/top_level.txt
[12.523s] -- Installing: /home/jitesh/flipkart_ws/install/my_msg_package/local/lib/python3.10/dist-packages/my_msg_package-0.0.0-py3.10.egg-info/PKG-INFO
[12.524s] -- Installing: /home/jitesh/flipkart_ws/install/my_msg_package/local/lib/python3.10/dist-packages/my_msg_package-0.0.0-py3.10.egg-info/dependency_links.txt
[12.524s] -- Installing: /home/jitesh/flipkart_ws/install/my_msg_package/local/lib/python3.10/dist-packages/my_msg_package-0.0.0-py3.10.egg-info/SOURCES.txt
[12.524s] -- Installing: /home/jitesh/flipkart_ws/install/my_msg_package/local/lib/python3.10/dist-packages/my_msg_package
[12.524s] -- Installing: /home/jitesh/flipkart_ws/install/my_msg_package/local/lib/python3.10/dist-packages/my_msg_package/my_msg_package_s__rosidl_typesupport_c.cpython-310-x86_64-linux-gnu.so
[12.524s] -- Installing: /home/jitesh/flipkart_ws/install/my_msg_package/local/lib/python3.10/dist-packages/my_msg_package/_my_msg_package_s.ep.rosidl_typesupport_fastrtps_c.c
[12.524s] -- Installing: /home/jitesh/flipkart_ws/install/my_msg_package/local/lib/python3.10/dist-packages/my_msg_package/_my_msg_package_s.ep.rosidl_typesupport_introspection_c.c
[12.524s] -- Installing: /home/jitesh/flipkart_ws/install/my_msg_package/local/lib/python3.10/dist-packages/my_msg_package/my_msg_package_s__rosidl_typesupport_introspection_c.cpython-310-x86_64-linux-gnu.so
[12.524s] -- Installing: /home/jitesh/flipkart_ws/install/my_msg_package/local/lib/python3.10/dist-packages/my_msg_package/_my_msg_package_s.ep.rosidl_typesupport_c.c
[12.524s] -- Installing: /home/jitesh/flipkart_ws/install/my_msg_package/local/lib/python3.10/dist-packages/my_msg_package/msg
[12.524s] -- Installing: /home/jitesh/flipkart_ws/install/my_msg_package/local/lib/python3.10/dist-packages/my_msg_package/msg/_my_message_s.c
[12.525s] -- Installing: /home/jitesh/flipkart_ws/install/my_msg_package/local/lib/python3.10/dist-packages/my_msg_package/msg/_my_message.py
[12.525s] -- Installing: /home/jitesh/flipkart_ws/install/my_msg_package/local/lib/python3.10/dist-packages/my_msg_package/msg/__init__.py
[12.525s] -- Installing: /home/jitesh/flipkart_ws/install/my_msg_package/local/lib/python3.10/dist-packages/my_msg_package/libmy_msg_package__rosidl_generator_py.so
[12.525s] -- Installing: /home/jitesh/flipkart_ws/install/my_msg_package/local/lib/python3.10/dist-packages/my_msg_package/__init__.py
[12.525s] -- Installing: /home/jitesh/flipkart_ws/install/my_msg_package/local/lib/python3.10/dist-packages/my_msg_package/my_msg_package_s__rosidl_typesupport_fastrtps_c.cpython-310-x86_64-linux-gnu.so
[12.714s] Listing '/home/jitesh/flipkart_ws/install/my_msg_package/local/lib/python3.10/dist-packages/my_msg_package'...
[12.714s] Compiling '/home/jitesh/flipkart_ws/install/my_msg_package/local/lib/python3.10/dist-packages/my_msg_package/__init__.py'...
[12.714s] Listing '/home/jitesh/flipkart_ws/install/my_msg_package/local/lib/python3.10/dist-packages/my_msg_package/msg'...
[12.714s] Compiling '/home/jitesh/flipkart_ws/install/my_msg_package/local/lib/python3.10/dist-packages/my_msg_package/msg/__init__.py'...
[12.715s] Compiling '/home/jitesh/flipkart_ws/install/my_msg_package/local/lib/python3.10/dist-packages/my_msg_package/msg/_my_message.py'...
[12.748s] -- Installing: /home/jitesh/flipkart_ws/install/my_msg_package/local/lib/python3.10/dist-packages/my_msg_package/my_msg_package_s__rosidl_typesupport_fastrtps_c.cpython-310-x86_64-linux-gnu.so
[12.748s] -- Set runtime path of "/home/jitesh/flipkart_ws/install/my_msg_package/local/lib/python3.10/dist-packages/my_msg_package/my_msg_package_s__rosidl_typesupport_fastrtps_c.cpython-310-x86_64-linux-gnu.so" to ""
[12.748s] -- Installing: /home/jitesh/flipkart_ws/install/my_msg_package/local/lib/python3.10/dist-packages/my_msg_package/my_msg_package_s__rosidl_typesupport_introspection_c.cpython-310-x86_64-linux-gnu.so
[12.748s] -- Set runtime path of "/home/jitesh/flipkart_ws/install/my_msg_package/local/lib/python3.10/dist-packages/my_msg_package/my_msg_package_s__rosidl_typesupport_introspection_c.cpython-310-x86_64-linux-gnu.so" to ""
[12.748s] -- Installing: /home/jitesh/flipkart_ws/install/my_msg_package/local/lib/python3.10/dist-packages/my_msg_package/my_msg_package_s__rosidl_typesupport_c.cpython-310-x86_64-linux-gnu.so
[12.749s] -- Set runtime path of "/home/jitesh/flipkart_ws/install/my_msg_package/local/lib/python3.10/dist-packages/my_msg_package/my_msg_package_s__rosidl_typesupport_c.cpython-310-x86_64-linux-gnu.so" to ""
[12.749s] -- Installing: /home/jitesh/flipkart_ws/install/my_msg_package/lib/libmy_msg_package__rosidl_generator_py.so
[12.749s] -- Set runtime path of "/home/jitesh/flipkart_ws/install/my_msg_package/lib/libmy_msg_package__rosidl_generator_py.so" to ""
[12.749s] -- Installing: /home/jitesh/flipkart_ws/install/my_msg_package/share/my_msg_package/msg/MyMessage.idl
[12.749s] -- Installing: /home/jitesh/flipkart_ws/install/my_msg_package/share/my_msg_package/msg/MyMessage.msg
[12.749s] -- Installing: /home/jitesh/flipkart_ws/install/my_msg_package/share/ament_index/resource_index/package_run_dependencies/my_msg_package
[12.749s] -- Installing: /home/jitesh/flipkart_ws/install/my_msg_package/share/ament_index/resource_index/parent_prefix_path/my_msg_package
[12.749s] -- Installing: /home/jitesh/flipkart_ws/install/my_msg_package/share/my_msg_package/environment/ament_prefix_path.sh
[12.749s] -- Installing: /home/jitesh/flipkart_ws/install/my_msg_package/share/my_msg_package/environment/ament_prefix_path.dsv
[12.750s] -- Installing: /home/jitesh/flipkart_ws/install/my_msg_package/share/my_msg_package/environment/path.sh
[12.750s] -- Installing: /home/jitesh/flipkart_ws/install/my_msg_package/share/my_msg_package/environment/path.dsv
[12.750s] -- Installing: /home/jitesh/flipkart_ws/install/my_msg_package/share/my_msg_package/local_setup.bash
[12.751s] -- Installing: /home/jitesh/flipkart_ws/install/my_msg_package/share/my_msg_package/local_setup.sh
[12.751s] -- Installing: /home/jitesh/flipkart_ws/install/my_msg_package/share/my_msg_package/local_setup.zsh
[12.756s] -- Installing: /home/jitesh/flipkart_ws/install/my_msg_package/share/my_msg_package/local_setup.dsv
[12.756s] -- Installing: /home/jitesh/flipkart_ws/install/my_msg_package/share/my_msg_package/package.dsv
[12.757s] -- Installing: /home/jitesh/flipkart_ws/install/my_msg_package/share/ament_index/resource_index/packages/my_msg_package
[12.758s] -- Installing: /home/jitesh/flipkart_ws/install/my_msg_package/share/my_msg_package/cmake/export_my_msg_package__rosidl_generator_cExport.cmake
[12.758s] -- Installing: /home/jitesh/flipkart_ws/install/my_msg_package/share/my_msg_package/cmake/export_my_msg_package__rosidl_generator_cExport-noconfig.cmake
[12.758s] -- Installing: /home/jitesh/flipkart_ws/install/my_msg_package/share/my_msg_package/cmake/export_my_msg_package__rosidl_typesupport_fastrtps_cExport.cmake
[12.759s] -- Installing: /home/jitesh/flipkart_ws/install/my_msg_package/share/my_msg_package/cmake/export_my_msg_package__rosidl_typesupport_fastrtps_cExport-noconfig.cmake
[12.759s] -- Installing: /home/jitesh/flipkart_ws/install/my_msg_package/share/my_msg_package/cmake/export_my_msg_package__rosidl_generator_cppExport.cmake
[12.760s] -- Installing: /home/jitesh/flipkart_ws/install/my_msg_package/share/my_msg_package/cmake/export_my_msg_package__rosidl_typesupport_fastrtps_cppExport.cmake
[12.760s] -- Installing: /home/jitesh/flipkart_ws/install/my_msg_package/share/my_msg_package/cmake/export_my_msg_package__rosidl_typesupport_fastrtps_cppExport-noconfig.cmake
[12.761s] -- Installing: /home/jitesh/flipkart_ws/install/my_msg_package/share/my_msg_package/cmake/my_msg_package__rosidl_typesupport_introspection_cExport.cmake
[12.761s] -- Installing: /home/jitesh/flipkart_ws/install/my_msg_package/share/my_msg_package/cmake/my_msg_package__rosidl_typesupport_introspection_cExport-noconfig.cmake
[12.761s] -- Installing: /home/jitesh/flipkart_ws/install/my_msg_package/share/my_msg_package/cmake/my_msg_package__rosidl_typesupport_cExport.cmake
[12.772s] -- Installing: /home/jitesh/flipkart_ws/install/my_msg_package/share/my_msg_package/cmake/my_msg_package__rosidl_typesupport_cExport-noconfig.cmake
[12.772s] -- Installing: /home/jitesh/flipkart_ws/install/my_msg_package/share/my_msg_package/cmake/my_msg_package__rosidl_typesupport_introspection_cppExport.cmake
[12.772s] -- Installing: /home/jitesh/flipkart_ws/install/my_msg_package/share/my_msg_package/cmake/my_msg_package__rosidl_typesupport_introspection_cppExport-noconfig.cmake
[12.773s] -- Installing: /home/jitesh/flipkart_ws/install/my_msg_package/share/my_msg_package/cmake/my_msg_package__rosidl_typesupport_cppExport.cmake
[12.773s] -- Installing: /home/jitesh/flipkart_ws/install/my_msg_package/share/my_msg_package/cmake/my_msg_package__rosidl_typesupport_cppExport-noconfig.cmake
[12.773s] -- Installing: /home/jitesh/flipkart_ws/install/my_msg_package/share/my_msg_package/cmake/export_my_msg_package__rosidl_generator_pyExport.cmake
[12.774s] -- Installing: /home/jitesh/flipkart_ws/install/my_msg_package/share/my_msg_package/cmake/export_my_msg_package__rosidl_generator_pyExport-noconfig.cmake
[12.774s] -- Installing: /home/jitesh/flipkart_ws/install/my_msg_package/share/my_msg_package/cmake/rosidl_cmake-extras.cmake
[12.774s] -- Installing: /home/jitesh/flipkart_ws/install/my_msg_package/share/my_msg_package/cmake/ament_cmake_export_include_directories-extras.cmake
[12.774s] -- Installing: /home/jitesh/flipkart_ws/install/my_msg_package/share/my_msg_package/cmake/ament_cmake_export_libraries-extras.cmake
[12.775s] -- Installing: /home/jitesh/flipkart_ws/install/my_msg_package/share/my_msg_package/cmake/ament_cmake_export_targets-extras.cmake
[12.775s] -- Installing: /home/jitesh/flipkart_ws/install/my_msg_package/share/my_msg_package/cmake/rosidl_cmake_export_typesupport_targets-extras.cmake
[12.775s] -- Installing: /home/jitesh/flipkart_ws/install/my_msg_package/share/my_msg_package/cmake/ament_cmake_export_dependencies-extras.cmake
[12.776s] -- Installing: /home/jitesh/flipkart_ws/install/my_msg_package/share/my_msg_package/cmake/rosidl_cmake_export_typesupport_libraries-extras.cmake
[12.776s] -- Installing: /home/jitesh/flipkart_ws/install/my_msg_package/share/my_msg_package/cmake/my_msg_packageConfig.cmake
[12.779s] -- Installing: /home/jitesh/flipkart_ws/install/my_msg_package/share/my_msg_package/cmake/my_msg_packageConfig-version.cmake
[12.779s] -- Installing: /home/jitesh/flipkart_ws/install/my_msg_package/share/my_msg_package/package.xml
[12.791s] Invoked command in '/home/jitesh/flipkart_ws/build/my_msg_package' returned '0': CMAKE_PREFIX_PATH=${CMAKE_PREFIX_PATH}:/home/jitesh/ws_moveit2/install/moveit_configs_utils:/home/jitesh/ws_moveit2/install/launch_param_builder:/home/jitesh/bookros2_ws/install/launch_pal:/home/jitesh/bookros2_ws/install/br2_fsm_bumpgo_py:/home/jitesh/roboarm_ws/install/my_robot_arm:/home/jitesh/ros2_ws/install/urdf_tutorial:/home/jitesh/ros2_ws/install/py_srvcli:/home/jitesh/ros2_ws/install/py_pubsub:/home/jitesh/ros2_ws/install/my_robot_controller:/home/jitesh/ros2_ws/install/cpp_pubsub:/opt/ros/humble /usr/bin/cmake --install /home/jitesh/flipkart_ws/build/my_msg_package
