[0.140s] Invoking command in '/home/jitesh/flipkart_ws/build/bot_description': CMAKE_PREFIX_PATH=${CMAKE_PREFIX_PATH}:/home/jitesh/ws_moveit2/install/moveit_configs_utils:/home/jitesh/ws_moveit2/install/launch_param_builder:/home/jitesh/bookros2_ws/install/launch_pal:/home/jitesh/bookros2_ws/install/br2_fsm_bumpgo_py:/home/jitesh/roboarm_ws/install/my_robot_arm:/home/jitesh/ros2_ws/install/urdf_tutorial:/home/jitesh/ros2_ws/install/py_srvcli:/home/jitesh/ros2_ws/install/py_pubsub:/home/jitesh/ros2_ws/install/my_robot_controller:/home/jitesh/ros2_ws/install/cpp_pubsub:/opt/ros/humble /usr/bin/cmake /home/jitesh/flipkart_ws/src/bot_description -DCMAKE_INSTALL_PREFIX=/home/jitesh/flipkart_ws/install/bot_description
[0.299s] -- The C compiler identification is GNU 11.4.0
[0.414s] -- The CXX compiler identification is GNU 11.4.0
[0.426s] -- Detecting C compiler ABI info
[0.566s] -- Detecting C compiler ABI info - done
[0.584s] -- Check for working C compiler: /usr/bin/cc - skipped
[0.586s] -- Detecting C compile features
[0.588s] -- Detecting C compile features - done
[0.596s] -- Detecting CXX compiler ABI info
[0.746s] -- Detecting CXX compiler ABI info - done
[0.764s] -- Check for working CXX compiler: /usr/bin/c++ - skipped
[0.764s] -- Detecting CXX compile features
[0.766s] -- Detecting CXX compile features - done
[0.818s] -- Found ament_cmake: 1.3.6 (/opt/ros/humble/share/ament_cmake/cmake)
[1.280s] -- Found Python3: /usr/bin/python3.10 (found version "3.10.12") found components: Interpreter 
[1.614s] -- Found ament_lint_auto: 0.12.9 (/opt/ros/humble/share/ament_lint_auto/cmake)
[1.810s] -- Added test 'lint_cmake' to check CMake code style
[1.815s] -- Added test 'xmllint' to check XML markup files
[1.822s] -- Configuring done
[1.825s] -- Generating done
[1.826s] -- Build files have been written to: /home/jitesh/flipkart_ws/build/bot_description
[1.831s] Invoked command in '/home/jitesh/flipkart_ws/build/bot_description' returned '0': CMAKE_PREFIX_PATH=${CMAKE_PREFIX_PATH}:/home/jitesh/ws_moveit2/install/moveit_configs_utils:/home/jitesh/ws_moveit2/install/launch_param_builder:/home/jitesh/bookros2_ws/install/launch_pal:/home/jitesh/bookros2_ws/install/br2_fsm_bumpgo_py:/home/jitesh/roboarm_ws/install/my_robot_arm:/home/jitesh/ros2_ws/install/urdf_tutorial:/home/jitesh/ros2_ws/install/py_srvcli:/home/jitesh/ros2_ws/install/py_pubsub:/home/jitesh/ros2_ws/install/my_robot_controller:/home/jitesh/ros2_ws/install/cpp_pubsub:/opt/ros/humble /usr/bin/cmake /home/jitesh/flipkart_ws/src/bot_description -DCMAKE_INSTALL_PREFIX=/home/jitesh/flipkart_ws/install/bot_description
[1.834s] Invoking command in '/home/jitesh/flipkart_ws/build/bot_description': CMAKE_PREFIX_PATH=${CMAKE_PREFIX_PATH}:/home/jitesh/ws_moveit2/install/moveit_configs_utils:/home/jitesh/ws_moveit2/install/launch_param_builder:/home/jitesh/bookros2_ws/install/launch_pal:/home/jitesh/bookros2_ws/install/br2_fsm_bumpgo_py:/home/jitesh/roboarm_ws/install/my_robot_arm:/home/jitesh/ros2_ws/install/urdf_tutorial:/home/jitesh/ros2_ws/install/py_srvcli:/home/jitesh/ros2_ws/install/py_pubsub:/home/jitesh/ros2_ws/install/my_robot_controller:/home/jitesh/ros2_ws/install/cpp_pubsub:/opt/ros/humble /usr/bin/cmake --build /home/jitesh/flipkart_ws/build/bot_description -- -j12 -l12
[1.917s] Invoked command in '/home/jitesh/flipkart_ws/build/bot_description' returned '0': CMAKE_PREFIX_PATH=${CMAKE_PREFIX_PATH}:/home/jitesh/ws_moveit2/install/moveit_configs_utils:/home/jitesh/ws_moveit2/install/launch_param_builder:/home/jitesh/bookros2_ws/install/launch_pal:/home/jitesh/bookros2_ws/install/br2_fsm_bumpgo_py:/home/jitesh/roboarm_ws/install/my_robot_arm:/home/jitesh/ros2_ws/install/urdf_tutorial:/home/jitesh/ros2_ws/install/py_srvcli:/home/jitesh/ros2_ws/install/py_pubsub:/home/jitesh/ros2_ws/install/my_robot_controller:/home/jitesh/ros2_ws/install/cpp_pubsub:/opt/ros/humble /usr/bin/cmake --build /home/jitesh/flipkart_ws/build/bot_description -- -j12 -l12
[2.004s] Invoking command in '/home/jitesh/flipkart_ws/build/bot_description': CMAKE_PREFIX_PATH=${CMAKE_PREFIX_PATH}:/home/jitesh/ws_moveit2/install/moveit_configs_utils:/home/jitesh/ws_moveit2/install/launch_param_builder:/home/jitesh/bookros2_ws/install/launch_pal:/home/jitesh/bookros2_ws/install/br2_fsm_bumpgo_py:/home/jitesh/roboarm_ws/install/my_robot_arm:/home/jitesh/ros2_ws/install/urdf_tutorial:/home/jitesh/ros2_ws/install/py_srvcli:/home/jitesh/ros2_ws/install/py_pubsub:/home/jitesh/ros2_ws/install/my_robot_controller:/home/jitesh/ros2_ws/install/cpp_pubsub:/opt/ros/humble /usr/bin/cmake --install /home/jitesh/flipkart_ws/build/bot_description
[2.019s] -- Install configuration: ""
[2.019s] -- Installing: /home/jitesh/flipkart_ws/install/bot_description/share/ament_index/resource_index/package_run_dependencies/bot_description
[2.019s] -- Installing: /home/jitesh/flipkart_ws/install/bot_description/share/ament_index/resource_index/parent_prefix_path/bot_description
[2.019s] -- Installing: /home/jitesh/flipkart_ws/install/bot_description/share/bot_description/environment/ament_prefix_path.sh
[2.020s] -- Installing: /home/jitesh/flipkart_ws/install/bot_description/share/bot_description/environment/ament_prefix_path.dsv
[2.020s] -- Installing: /home/jitesh/flipkart_ws/install/bot_description/share/bot_description/environment/path.sh
[2.020s] -- Installing: /home/jitesh/flipkart_ws/install/bot_description/share/bot_description/environment/path.dsv
[2.020s] -- Installing: /home/jitesh/flipkart_ws/install/bot_description/share/bot_description/local_setup.bash
[2.020s] -- Installing: /home/jitesh/flipkart_ws/install/bot_description/share/bot_description/local_setup.sh
[2.020s] -- Installing: /home/jitesh/flipkart_ws/install/bot_description/share/bot_description/local_setup.zsh
[2.020s] -- Installing: /home/jitesh/flipkart_ws/install/bot_description/share/bot_description/local_setup.dsv
[2.020s] -- Installing: /home/jitesh/flipkart_ws/install/bot_description/share/bot_description/package.dsv
[2.020s] -- Installing: /home/jitesh/flipkart_ws/install/bot_description/share/ament_index/resource_index/packages/bot_description
[2.021s] -- Installing: /home/jitesh/flipkart_ws/install/bot_description/share/bot_description/cmake/bot_descriptionConfig.cmake
[2.021s] -- Installing: /home/jitesh/flipkart_ws/install/bot_description/share/bot_description/cmake/bot_descriptionConfig-version.cmake
[2.021s] -- Installing: /home/jitesh/flipkart_ws/install/bot_description/share/bot_description/package.xml
[2.023s] Invoked command in '/home/jitesh/flipkart_ws/build/bot_description' returned '0': CMAKE_PREFIX_PATH=${CMAKE_PREFIX_PATH}:/home/jitesh/ws_moveit2/install/moveit_configs_utils:/home/jitesh/ws_moveit2/install/launch_param_builder:/home/jitesh/bookros2_ws/install/launch_pal:/home/jitesh/bookros2_ws/install/br2_fsm_bumpgo_py:/home/jitesh/roboarm_ws/install/my_robot_arm:/home/jitesh/ros2_ws/install/urdf_tutorial:/home/jitesh/ros2_ws/install/py_srvcli:/home/jitesh/ros2_ws/install/py_pubsub:/home/jitesh/ros2_ws/install/my_robot_controller:/home/jitesh/ros2_ws/install/cpp_pubsub:/opt/ros/humble /usr/bin/cmake --install /home/jitesh/flipkart_ws/build/bot_description
