[0.267s] Invoking command in '/home/jitesh/flipkart_ws/build/robotic_arm_controller': CMAKE_PREFIX_PATH=${CMAKE_PREFIX_PATH}:/home/jitesh/ws_moveit2/install/moveit_configs_utils:/home/jitesh/ws_moveit2/install/launch_param_builder:/home/jitesh/bookros2_ws/install/launch_pal:/home/jitesh/bookros2_ws/install/br2_fsm_bumpgo_py:/home/jitesh/roboarm_ws/install/my_robot_arm:/home/jitesh/ros2_ws/install/urdf_tutorial:/home/jitesh/ros2_ws/install/py_srvcli:/home/jitesh/ros2_ws/install/py_pubsub:/home/jitesh/ros2_ws/install/my_robot_controller:/home/jitesh/ros2_ws/install/cpp_pubsub:/opt/ros/humble /usr/bin/cmake /home/jitesh/flipkart_ws/src/robotic_arm_controller -DCMAKE_INSTALL_PREFIX=/home/jitesh/flipkart_ws/install/robotic_arm_controller
[0.382s] -- The C compiler identification is GNU 11.4.0
[0.457s] -- The CXX compiler identification is GNU 11.4.0
[0.468s] -- Detecting C compiler ABI info
[0.601s] -- Detecting C compiler ABI info - done
[0.608s] -- Check for working C compiler: /usr/bin/cc - skipped
[0.608s] -- Detecting C compile features
[0.608s] -- Detecting C compile features - done
[0.611s] -- Detecting CXX compiler ABI info
[0.752s] -- Detecting CXX compiler ABI info - done
[0.759s] -- Check for working CXX compiler: /usr/bin/c++ - skipped
[0.760s] -- Detecting CXX compile features
[0.760s] -- Detecting CXX compile features - done
[0.785s] -- Found ament_cmake: 1.3.6 (/opt/ros/humble/share/ament_cmake/cmake)
[1.288s] -- Found Python3: /usr/bin/python3.10 (found version "3.10.12") found components: Interpreter 
[1.631s] -- Found ament_lint_auto: 0.12.9 (/opt/ros/humble/share/ament_lint_auto/cmake)
[1.815s] -- Added test 'lint_cmake' to check CMake code style
[1.819s] -- Added test 'xmllint' to check XML markup files
[1.825s] -- Configuring done
[1.830s] -- Generating done
[1.832s] -- Build files have been written to: /home/jitesh/flipkart_ws/build/robotic_arm_controller
[1.836s] Invoked command in '/home/jitesh/flipkart_ws/build/robotic_arm_controller' returned '0': CMAKE_PREFIX_PATH=${CMAKE_PREFIX_PATH}:/home/jitesh/ws_moveit2/install/moveit_configs_utils:/home/jitesh/ws_moveit2/install/launch_param_builder:/home/jitesh/bookros2_ws/install/launch_pal:/home/jitesh/bookros2_ws/install/br2_fsm_bumpgo_py:/home/jitesh/roboarm_ws/install/my_robot_arm:/home/jitesh/ros2_ws/install/urdf_tutorial:/home/jitesh/ros2_ws/install/py_srvcli:/home/jitesh/ros2_ws/install/py_pubsub:/home/jitesh/ros2_ws/install/my_robot_controller:/home/jitesh/ros2_ws/install/cpp_pubsub:/opt/ros/humble /usr/bin/cmake /home/jitesh/flipkart_ws/src/robotic_arm_controller -DCMAKE_INSTALL_PREFIX=/home/jitesh/flipkart_ws/install/robotic_arm_controller
[1.838s] Invoking command in '/home/jitesh/flipkart_ws/build/robotic_arm_controller': CMAKE_PREFIX_PATH=${CMAKE_PREFIX_PATH}:/home/jitesh/ws_moveit2/install/moveit_configs_utils:/home/jitesh/ws_moveit2/install/launch_param_builder:/home/jitesh/bookros2_ws/install/launch_pal:/home/jitesh/bookros2_ws/install/br2_fsm_bumpgo_py:/home/jitesh/roboarm_ws/install/my_robot_arm:/home/jitesh/ros2_ws/install/urdf_tutorial:/home/jitesh/ros2_ws/install/py_srvcli:/home/jitesh/ros2_ws/install/py_pubsub:/home/jitesh/ros2_ws/install/my_robot_controller:/home/jitesh/ros2_ws/install/cpp_pubsub:/opt/ros/humble /usr/bin/cmake --build /home/jitesh/flipkart_ws/build/robotic_arm_controller -- -j12 -l12
[1.920s] Invoked command in '/home/jitesh/flipkart_ws/build/robotic_arm_controller' returned '0': CMAKE_PREFIX_PATH=${CMAKE_PREFIX_PATH}:/home/jitesh/ws_moveit2/install/moveit_configs_utils:/home/jitesh/ws_moveit2/install/launch_param_builder:/home/jitesh/bookros2_ws/install/launch_pal:/home/jitesh/bookros2_ws/install/br2_fsm_bumpgo_py:/home/jitesh/roboarm_ws/install/my_robot_arm:/home/jitesh/ros2_ws/install/urdf_tutorial:/home/jitesh/ros2_ws/install/py_srvcli:/home/jitesh/ros2_ws/install/py_pubsub:/home/jitesh/ros2_ws/install/my_robot_controller:/home/jitesh/ros2_ws/install/cpp_pubsub:/opt/ros/humble /usr/bin/cmake --build /home/jitesh/flipkart_ws/build/robotic_arm_controller -- -j12 -l12
[2.006s] Invoking command in '/home/jitesh/flipkart_ws/build/robotic_arm_controller': CMAKE_PREFIX_PATH=${CMAKE_PREFIX_PATH}:/home/jitesh/ws_moveit2/install/moveit_configs_utils:/home/jitesh/ws_moveit2/install/launch_param_builder:/home/jitesh/bookros2_ws/install/launch_pal:/home/jitesh/bookros2_ws/install/br2_fsm_bumpgo_py:/home/jitesh/roboarm_ws/install/my_robot_arm:/home/jitesh/ros2_ws/install/urdf_tutorial:/home/jitesh/ros2_ws/install/py_srvcli:/home/jitesh/ros2_ws/install/py_pubsub:/home/jitesh/ros2_ws/install/my_robot_controller:/home/jitesh/ros2_ws/install/cpp_pubsub:/opt/ros/humble /usr/bin/cmake --install /home/jitesh/flipkart_ws/build/robotic_arm_controller
[2.022s] -- Install configuration: ""
[2.022s] -- Installing: /home/jitesh/flipkart_ws/install/robotic_arm_controller/share/ament_index/resource_index/package_run_dependencies/robotic_arm_controller
[2.022s] -- Installing: /home/jitesh/flipkart_ws/install/robotic_arm_controller/share/ament_index/resource_index/parent_prefix_path/robotic_arm_controller
[2.023s] -- Installing: /home/jitesh/flipkart_ws/install/robotic_arm_controller/share/robotic_arm_controller/environment/ament_prefix_path.sh
[2.023s] -- Installing: /home/jitesh/flipkart_ws/install/robotic_arm_controller/share/robotic_arm_controller/environment/ament_prefix_path.dsv
[2.023s] -- Installing: /home/jitesh/flipkart_ws/install/robotic_arm_controller/share/robotic_arm_controller/environment/path.sh
[2.023s] -- Installing: /home/jitesh/flipkart_ws/install/robotic_arm_controller/share/robotic_arm_controller/environment/path.dsv
[2.023s] -- Installing: /home/jitesh/flipkart_ws/install/robotic_arm_controller/share/robotic_arm_controller/local_setup.bash
[2.023s] -- Installing: /home/jitesh/flipkart_ws/install/robotic_arm_controller/share/robotic_arm_controller/local_setup.sh
[2.024s] -- Installing: /home/jitesh/flipkart_ws/install/robotic_arm_controller/share/robotic_arm_controller/local_setup.zsh
[2.024s] -- Installing: /home/jitesh/flipkart_ws/install/robotic_arm_controller/share/robotic_arm_controller/local_setup.dsv
[2.024s] -- Installing: /home/jitesh/flipkart_ws/install/robotic_arm_controller/share/robotic_arm_controller/package.dsv
[2.025s] -- Installing: /home/jitesh/flipkart_ws/install/robotic_arm_controller/share/ament_index/resource_index/packages/robotic_arm_controller
[2.025s] -- Installing: /home/jitesh/flipkart_ws/install/robotic_arm_controller/share/robotic_arm_controller/cmake/robotic_arm_controllerConfig.cmake
[2.025s] -- Installing: /home/jitesh/flipkart_ws/install/robotic_arm_controller/share/robotic_arm_controller/cmake/robotic_arm_controllerConfig-version.cmake
[2.025s] -- Installing: /home/jitesh/flipkart_ws/install/robotic_arm_controller/share/robotic_arm_controller/package.xml
[2.098s] Invoked command in '/home/jitesh/flipkart_ws/build/robotic_arm_controller' returned '0': CMAKE_PREFIX_PATH=${CMAKE_PREFIX_PATH}:/home/jitesh/ws_moveit2/install/moveit_configs_utils:/home/jitesh/ws_moveit2/install/launch_param_builder:/home/jitesh/bookros2_ws/install/launch_pal:/home/jitesh/bookros2_ws/install/br2_fsm_bumpgo_py:/home/jitesh/roboarm_ws/install/my_robot_arm:/home/jitesh/ros2_ws/install/urdf_tutorial:/home/jitesh/ros2_ws/install/py_srvcli:/home/jitesh/ros2_ws/install/py_pubsub:/home/jitesh/ros2_ws/install/my_robot_controller:/home/jitesh/ros2_ws/install/cpp_pubsub:/opt/ros/humble /usr/bin/cmake --install /home/jitesh/flipkart_ws/build/robotic_arm_controller
